<?xml version="1.0" encoding="UTF-8"?>
<coverage generated="1521507121375" clover="3.2.0">
  <project timestamp="1521507121376" name="All files">
    <metrics statements="195" coveredstatements="75" conditionals="31" coveredconditionals="14" methods="123" coveredmethods="46" elements="349" coveredelements="135" complexity="0" loc="195" ncloc="195" packages="13" files="19" classes="19">
      <package name="data">
        <metrics statements="4" coveredstatements="0" conditionals="0" coveredconditionals="0" methods="2" coveredmethods="0"/>
        <file name="HttpRequest.js" path="/Users/martinnowosad/breathe/lib/data/HttpRequest.js">
          <metrics statements="4" coveredstatements="0" conditionals="0" coveredconditionals="0" methods="2" coveredmethods="0"/>
          <line num="3" count="0" type="stmt"/>
          <line num="4" count="0" type="stmt"/>
          <line num="5" count="0" type="stmt"/>
          <line num="8" count="0" type="stmt"/>
        </file>
        <file name="HttpResponse.js" path="/Users/martinnowosad/breathe/lib/data/HttpResponse.js">
          <metrics statements="0" coveredstatements="0" conditionals="0" coveredconditionals="0" methods="0" coveredmethods="0"/>
        </file>
      </package>
      <package name="data.auth">
        <metrics statements="23" coveredstatements="0" conditionals="4" coveredconditionals="0" methods="12" coveredmethods="0"/>
        <file name="AuthGatewayImpl.js" path="/Users/martinnowosad/breathe/lib/data/auth/AuthGatewayImpl.js">
          <metrics statements="23" coveredstatements="0" conditionals="4" coveredconditionals="0" methods="12" coveredmethods="0"/>
          <line num="6" count="0" type="stmt"/>
          <line num="8" count="0" type="stmt"/>
          <line num="9" count="0" type="stmt"/>
          <line num="10" count="0" type="cond" truecount="0" falsecount="2"/>
          <line num="11" count="0" type="stmt"/>
          <line num="13" count="0" type="stmt"/>
          <line num="14" count="0" type="stmt"/>
          <line num="16" count="0" type="stmt"/>
          <line num="21" count="0" type="stmt"/>
          <line num="23" count="0" type="stmt"/>
          <line num="28" count="0" type="stmt"/>
          <line num="29" count="0" type="cond" truecount="0" falsecount="2"/>
          <line num="30" count="0" type="stmt"/>
          <line num="32" count="0" type="stmt"/>
          <line num="33" count="0" type="stmt"/>
          <line num="35" count="0" type="stmt"/>
          <line num="36" count="0" type="stmt"/>
          <line num="41" count="0" type="stmt"/>
          <line num="42" count="0" type="stmt"/>
          <line num="47" count="0" type="stmt"/>
          <line num="48" count="0" type="stmt"/>
          <line num="52" count="0" type="stmt"/>
          <line num="53" count="0" type="stmt"/>
        </file>
      </package>
      <package name="data.http">
        <metrics statements="23" coveredstatements="0" conditionals="2" coveredconditionals="0" methods="12" coveredmethods="0"/>
        <file name="HttpService.js" path="/Users/martinnowosad/breathe/lib/data/http/HttpService.js">
          <metrics statements="23" coveredstatements="0" conditionals="2" coveredconditionals="0" methods="12" coveredmethods="0"/>
          <line num="5" count="0" type="stmt"/>
          <line num="6" count="0" type="stmt"/>
          <line num="7" count="0" type="stmt"/>
          <line num="12" count="0" type="stmt"/>
          <line num="13" count="0" type="stmt"/>
          <line num="14" count="0" type="stmt"/>
          <line num="15" count="0" type="stmt"/>
          <line num="16" count="0" type="stmt"/>
          <line num="19" count="0" type="stmt"/>
          <line num="20" count="0" type="stmt"/>
          <line num="24" count="0" type="stmt"/>
          <line num="29" count="0" type="stmt"/>
          <line num="31" count="0" type="stmt"/>
          <line num="32" count="0" type="cond" truecount="0" falsecount="2"/>
          <line num="33" count="0" type="stmt"/>
          <line num="34" count="0" type="stmt"/>
          <line num="35" count="0" type="stmt"/>
          <line num="40" count="0" type="stmt"/>
          <line num="41" count="0" type="stmt"/>
          <line num="42" count="0" type="stmt"/>
          <line num="43" count="0" type="stmt"/>
          <line num="44" count="0" type="stmt"/>
          <line num="47" count="0" type="stmt"/>
        </file>
      </package>
      <package name="data.repository">
        <metrics statements="60" coveredstatements="34" conditionals="15" coveredconditionals="13" methods="49" coveredmethods="26"/>
        <file name="LocalDataSourceImpl.js" path="/Users/martinnowosad/breathe/lib/data/repository/LocalDataSourceImpl.js">
          <metrics statements="10" coveredstatements="0" conditionals="0" coveredconditionals="0" methods="10" coveredmethods="0"/>
          <line num="4" count="0" type="stmt"/>
          <line num="7" count="0" type="stmt"/>
          <line num="8" count="0" type="stmt"/>
          <line num="9" count="0" type="stmt"/>
          <line num="11" count="0" type="stmt"/>
          <line num="14" count="0" type="stmt"/>
          <line num="19" count="0" type="stmt"/>
          <line num="20" count="0" type="stmt"/>
          <line num="21" count="0" type="stmt"/>
          <line num="24" count="0" type="stmt"/>
        </file>
        <file name="LocalRepository.js" path="/Users/martinnowosad/breathe/lib/data/repository/LocalRepository.js">
          <metrics statements="50" coveredstatements="34" conditionals="15" coveredconditionals="13" methods="39" coveredmethods="26"/>
          <line num="1" count="2" type="cond" truecount="3" falsecount="0"/>
          <line num="2" count="8" type="cond" truecount="2" falsecount="0"/>
          <line num="3" count="5" type="stmt"/>
          <line num="4" count="0" type="stmt"/>
          <line num="5" count="13" type="cond" truecount="2" falsecount="0"/>
          <line num="6" count="8" type="cond" truecount="2" falsecount="0"/>
          <line num="14" count="1" type="stmt"/>
          <line num="15" count="1" type="stmt"/>
          <line num="18" count="0" type="cond" truecount="0" falsecount="2"/>
          <line num="19" count="0" type="stmt"/>
          <line num="20" count="0" type="stmt"/>
          <line num="23" count="1" type="stmt"/>
          <line num="24" count="1" type="stmt"/>
          <line num="27" count="2" type="stmt"/>
          <line num="28" count="2" type="stmt"/>
          <line num="29" count="2" type="stmt"/>
          <line num="31" count="0" type="stmt"/>
          <line num="33" count="1" type="stmt"/>
          <line num="38" count="0" type="stmt"/>
          <line num="39" count="0" type="stmt"/>
          <line num="40" count="0" type="stmt"/>
          <line num="42" count="0" type="stmt"/>
          <line num="47" count="1" type="stmt"/>
          <line num="48" count="1" type="stmt"/>
          <line num="49" count="1" type="stmt"/>
          <line num="51" count="0" type="stmt"/>
          <line num="56" count="3" type="stmt"/>
          <line num="57" count="3" type="stmt"/>
          <line num="58" count="3" type="stmt"/>
          <line num="59" count="3" type="stmt"/>
          <line num="65" count="5" type="stmt"/>
          <line num="66" count="5" type="stmt"/>
          <line num="67" count="5" type="stmt"/>
          <line num="68" count="5" type="cond" truecount="4" falsecount="0"/>
          <line num="69" count="2" type="stmt"/>
          <line num="70" count="2" type="stmt"/>
          <line num="72" count="5" type="stmt"/>
          <line num="73" count="5" type="stmt"/>
          <line num="74" count="5" type="stmt"/>
          <line num="75" count="5" type="stmt"/>
          <line num="80" count="0" type="stmt"/>
          <line num="83" count="1" type="stmt"/>
          <line num="84" count="1" type="stmt"/>
          <line num="85" count="1" type="stmt"/>
          <line num="86" count="1" type="stmt"/>
          <line num="91" count="0" type="stmt"/>
          <line num="92" count="0" type="stmt"/>
          <line num="93" count="0" type="stmt"/>
          <line num="94" count="0" type="stmt"/>
          <line num="99" count="0" type="stmt"/>
        </file>
      </package>
      <package name="data.session">
        <metrics statements="13" coveredstatements="0" conditionals="1" coveredconditionals="0" methods="5" coveredmethods="0"/>
        <file name="Session.js" path="/Users/martinnowosad/breathe/lib/data/session/Session.js">
          <metrics statements="12" coveredstatements="0" conditionals="1" coveredconditionals="0" methods="4" coveredmethods="0"/>
          <line num="4" count="0" type="stmt"/>
          <line num="5" count="0" type="stmt"/>
          <line num="6" count="0" type="stmt"/>
          <line num="7" count="0" type="stmt"/>
          <line num="8" count="0" type="stmt"/>
          <line num="9" count="0" type="stmt"/>
          <line num="10" count="0" type="stmt"/>
          <line num="11" count="0" type="stmt"/>
          <line num="12" count="0" type="stmt"/>
          <line num="16" count="0" type="stmt"/>
          <line num="19" count="0" type="stmt"/>
          <line num="22" count="0" type="stmt"/>
        </file>
        <file name="SessionMapper.js" path="/Users/martinnowosad/breathe/lib/data/session/SessionMapper.js">
          <metrics statements="1" coveredstatements="0" conditionals="0" coveredconditionals="0" methods="1" coveredmethods="0"/>
          <line num="3" count="0" type="stmt"/>
        </file>
      </package>
      <package name="domain.auth.impl">
        <metrics statements="34" coveredstatements="21" conditionals="0" coveredconditionals="0" methods="29" coveredmethods="17"/>
        <file name="AuthManagerImpl.js" path="/Users/martinnowosad/breathe/lib/domain/auth/impl/AuthManagerImpl.js">
          <metrics statements="34" coveredstatements="21" conditionals="0" coveredconditionals="0" methods="29" coveredmethods="17"/>
          <line num="5" count="1" type="stmt"/>
          <line num="6" count="1" type="stmt"/>
          <line num="7" count="1" type="stmt"/>
          <line num="8" count="1" type="stmt"/>
          <line num="11" count="0" type="stmt"/>
          <line num="12" count="0" type="stmt"/>
          <line num="13" count="0" type="stmt"/>
          <line num="15" count="0" type="stmt"/>
          <line num="24" count="2" type="stmt"/>
          <line num="25" count="2" type="stmt"/>
          <line num="26" count="2" type="stmt"/>
          <line num="29" count="0" type="stmt"/>
          <line num="34" count="2" type="stmt"/>
          <line num="35" count="2" type="stmt"/>
          <line num="36" count="1" type="stmt"/>
          <line num="37" count="1" type="stmt"/>
          <line num="39" count="1" type="stmt"/>
          <line num="41" count="0" type="stmt"/>
          <line num="46" count="2" type="stmt"/>
          <line num="47" count="2" type="stmt"/>
          <line num="48" count="1" type="stmt"/>
          <line num="50" count="1" type="stmt"/>
          <line num="52" count="0" type="stmt"/>
          <line num="53" count="0" type="stmt"/>
          <line num="58" count="0" type="stmt"/>
          <line num="59" count="0" type="stmt"/>
          <line num="60" count="0" type="stmt"/>
          <line num="62" count="0" type="stmt"/>
          <line num="67" count="2" type="stmt"/>
          <line num="68" count="2" type="stmt"/>
          <line num="69" count="1" type="stmt"/>
          <line num="71" count="1" type="stmt"/>
          <line num="73" count="0" type="stmt"/>
          <line num="78" count="2" type="stmt"/>
        </file>
      </package>
      <package name="domain.auth.model">
        <metrics statements="14" coveredstatements="8" conditionals="3" coveredconditionals="1" methods="5" coveredmethods="1"/>
        <file name="AuthRequest.js" path="/Users/martinnowosad/breathe/lib/domain/auth/model/AuthRequest.js">
          <metrics statements="11" coveredstatements="8" conditionals="2" coveredconditionals="1" methods="4" coveredmethods="1"/>
          <line num="4" count="4" type="stmt"/>
          <line num="5" count="4" type="stmt"/>
          <line num="6" count="4" type="stmt"/>
          <line num="7" count="4" type="cond" truecount="1" falsecount="1"/>
          <line num="8" count="4" type="stmt"/>
          <line num="11" count="0" type="stmt"/>
          <line num="14" count="0" type="stmt"/>
          <line num="17" count="0" type="stmt"/>
          <line num="20" count="1" type="stmt"/>
          <line num="21" count="1" type="stmt"/>
          <line num="22" count="1" type="stmt"/>
        </file>
        <file name="AuthResponse.js" path="/Users/martinnowosad/breathe/lib/domain/auth/model/AuthResponse.js">
          <metrics statements="3" coveredstatements="0" conditionals="1" coveredconditionals="0" methods="1" coveredmethods="0"/>
          <line num="3" count="0" type="stmt"/>
          <line num="4" count="0" type="stmt"/>
          <line num="5" count="0" type="stmt"/>
        </file>
      </package>
      <package name="domain.common">
        <metrics statements="8" coveredstatements="0" conditionals="6" coveredconditionals="0" methods="4" coveredmethods="0"/>
        <file name="AuthResponseMapper.js" path="/Users/martinnowosad/breathe/lib/domain/common/AuthResponseMapper.js">
          <metrics statements="6" coveredstatements="0" conditionals="6" coveredconditionals="0" methods="2" coveredmethods="0"/>
          <line num="5" count="0" type="cond" truecount="0" falsecount="4"/>
          <line num="7" count="0" type="stmt"/>
          <line num="9" count="0" type="stmt"/>
          <line num="11" count="0" type="stmt"/>
          <line num="13" count="0" type="stmt"/>
          <line num="17" count="0" type="cond" truecount="0" falsecount="2"/>
        </file>
        <file name="ErrorResponseMapper.js" path="/Users/martinnowosad/breathe/lib/domain/common/ErrorResponseMapper.js">
          <metrics statements="2" coveredstatements="0" conditionals="0" coveredconditionals="0" methods="2" coveredmethods="0"/>
          <line num="4" count="0" type="stmt"/>
          <line num="7" count="0" type="stmt"/>
        </file>
      </package>
      <package name="model">
        <metrics statements="7" coveredstatements="7" conditionals="0" coveredconditionals="0" methods="0" coveredmethods="0"/>
        <file name="ErrorCodes.js" path="/Users/martinnowosad/breathe/lib/model/ErrorCodes.js">
          <metrics statements="7" coveredstatements="7" conditionals="0" coveredconditionals="0" methods="0" coveredmethods="0"/>
          <line num="4" count="1" type="stmt"/>
          <line num="5" count="1" type="stmt"/>
          <line num="6" count="1" type="stmt"/>
          <line num="7" count="1" type="stmt"/>
          <line num="8" count="1" type="stmt"/>
          <line num="9" count="1" type="stmt"/>
          <line num="10" count="1" type="stmt"/>
        </file>
      </package>
      <package name="model.domain">
        <metrics statements="2" coveredstatements="0" conditionals="0" coveredconditionals="0" methods="1" coveredmethods="0"/>
        <file name="ErrorResponse.js" path="/Users/martinnowosad/breathe/lib/model/domain/ErrorResponse.js">
          <metrics statements="2" coveredstatements="0" conditionals="0" coveredconditionals="0" methods="1" coveredmethods="0"/>
          <line num="3" count="0" type="stmt"/>
          <line num="4" count="0" type="stmt"/>
        </file>
      </package>
      <package name="model.entity">
        <metrics statements="3" coveredstatements="2" conditionals="0" coveredconditionals="0" methods="2" coveredmethods="1"/>
        <file name="AuthEntity.js" path="/Users/martinnowosad/breathe/lib/model/entity/AuthEntity.js">
          <metrics statements="2" coveredstatements="2" conditionals="0" coveredconditionals="0" methods="1" coveredmethods="1"/>
          <line num="3" count="1" type="stmt"/>
          <line num="4" count="1" type="stmt"/>
        </file>
        <file name="ErrorEntity.js" path="/Users/martinnowosad/breathe/lib/model/entity/ErrorEntity.js">
          <metrics statements="1" coveredstatements="0" conditionals="0" coveredconditionals="0" methods="1" coveredmethods="0"/>
          <line num="3" count="0" type="stmt"/>
        </file>
      </package>
      <package name="model.request">
        <metrics statements="2" coveredstatements="1" conditionals="0" coveredconditionals="0" methods="2" coveredmethods="1"/>
        <file name="AbstractRequest.js" path="/Users/martinnowosad/breathe/lib/model/request/AbstractRequest.js">
          <metrics statements="2" coveredstatements="1" conditionals="0" coveredconditionals="0" methods="2" coveredmethods="1"/>
          <line num="3" count="4" type="stmt"/>
          <line num="6" count="0" type="stmt"/>
        </file>
      </package>
      <package name="utils">
        <metrics statements="2" coveredstatements="2" conditionals="0" coveredconditionals="0" methods="0" coveredmethods="0"/>
        <file name="Constants.js" path="/Users/martinnowosad/breathe/lib/utils/Constants.js">
          <metrics statements="2" coveredstatements="2" conditionals="0" coveredconditionals="0" methods="0" coveredmethods="0"/>
          <line num="3" count="2" type="stmt"/>
          <line num="4" count="2" type="stmt"/>
        </file>
      </package>
    </metrics>
  </project>
</coverage>
