{"/Users/martinnowosad/breathe/lib/data/HttpRequest.js": {"path":"/Users/martinnowosad/breathe/lib/data/HttpRequest.js","statementMap":{"0":{"start":{"line":3,"column":8},"end":{"line":3,"column":33}},"1":{"start":{"line":4,"column":8},"end":{"line":4,"column":29}},"2":{"start":{"line":5,"column":8},"end":{"line":5,"column":41}},"3":{"start":{"line":8,"column":8},"end":{"line":8,"column":86}}},"fnMap":{"0":{"name":"(anonymous_0)","decl":{"start":{"line":2,"column":4},"end":{"line":2,"column":5}},"loc":{"start":{"line":2,"column":40},"end":{"line":6,"column":5}},"line":2},"1":{"name":"(anonymous_1)","decl":{"start":{"line":7,"column":4},"end":{"line":7,"column":5}},"loc":{"start":{"line":7,"column":16},"end":{"line":9,"column":5}},"line":7}},"branchMap":{},"s":{"0":0,"1":0,"2":0,"3":0},"f":{"0":0,"1":0},"b":{},"_coverageSchema":"332fd63041d2c1bcb487cc26dd0d5f7d97098a6c","hash":"f56024620b9195229c76f1777c5ece8e9644c759"}
,"/Users/martinnowosad/breathe/lib/data/HttpResponse.js": {"path":"/Users/martinnowosad/breathe/lib/data/HttpResponse.js","statementMap":{},"fnMap":{},"branchMap":{},"s":{},"f":{},"b":{},"_coverageSchema":"332fd63041d2c1bcb487cc26dd0d5f7d97098a6c","hash":"61cf145c04c19f263b6da6f0244b727d1877f403"}
,"/Users/martinnowosad/breathe/lib/data/auth/AuthGatewayImpl.js": {"path":"/Users/martinnowosad/breathe/lib/data/auth/AuthGatewayImpl.js","statementMap":{"0":{"start":{"line":6,"column":8},"end":{"line":18,"column":11}},"1":{"start":{"line":8,"column":12},"end":{"line":8,"column":165}},"2":{"start":{"line":9,"column":12},"end":{"line":17,"column":15}},"3":{"start":{"line":10,"column":16},"end":{"line":12,"column":17}},"4":{"start":{"line":11,"column":20},"end":{"line":11,"column":47}},"5":{"start":{"line":13,"column":27},"end":{"line":13,"column":61}},"6":{"start":{"line":14,"column":16},"end":{"line":14,"column":30}},"7":{"start":{"line":16,"column":16},"end":{"line":16,"column":35}},"8":{"start":{"line":21,"column":8},"end":{"line":38,"column":11}},"9":{"start":{"line":23,"column":12},"end":{"line":27,"column":16}},"10":{"start":{"line":28,"column":12},"end":{"line":37,"column":15}},"11":{"start":{"line":29,"column":16},"end":{"line":31,"column":17}},"12":{"start":{"line":30,"column":20},"end":{"line":30,"column":47}},"13":{"start":{"line":32,"column":27},"end":{"line":32,"column":61}},"14":{"start":{"line":33,"column":16},"end":{"line":33,"column":30}},"15":{"start":{"line":35,"column":16},"end":{"line":35,"column":68}},"16":{"start":{"line":36,"column":16},"end":{"line":36,"column":35}},"17":{"start":{"line":41,"column":8},"end":{"line":43,"column":11}},"18":{"start":{"line":42,"column":12},"end":{"line":42,"column":40}},"19":{"start":{"line":47,"column":8},"end":{"line":47,"column":22}},"20":{"start":{"line":48,"column":8},"end":{"line":48,"column":25}},"21":{"start":{"line":52,"column":8},"end":{"line":52,"column":22}},"22":{"start":{"line":53,"column":8},"end":{"line":53,"column":25}}},"fnMap":{"0":{"name":"(anonymous_0)","decl":{"start":{"line":5,"column":4},"end":{"line":5,"column":5}},"loc":{"start":{"line":5,"column":20},"end":{"line":19,"column":5}},"line":5},"1":{"name":"(anonymous_1)","decl":{"start":{"line":6,"column":27},"end":{"line":6,"column":28}},"loc":{"start":{"line":6,"column":48},"end":{"line":18,"column":9}},"line":6},"2":{"name":"(anonymous_2)","decl":{"start":{"line":9,"column":62},"end":{"line":9,"column":63}},"loc":{"start":{"line":9,"column":80},"end":{"line":15,"column":13}},"line":9},"3":{"name":"(anonymous_3)","decl":{"start":{"line":15,"column":21},"end":{"line":15,"column":22}},"loc":{"start":{"line":15,"column":37},"end":{"line":17,"column":13}},"line":15},"4":{"name":"(anonymous_4)","decl":{"start":{"line":20,"column":4},"end":{"line":20,"column":5}},"loc":{"start":{"line":20,"column":22},"end":{"line":39,"column":5}},"line":20},"5":{"name":"(anonymous_5)","decl":{"start":{"line":21,"column":27},"end":{"line":21,"column":28}},"loc":{"start":{"line":21,"column":48},"end":{"line":38,"column":9}},"line":21},"6":{"name":"(anonymous_6)","decl":{"start":{"line":28,"column":62},"end":{"line":28,"column":63}},"loc":{"start":{"line":28,"column":80},"end":{"line":34,"column":13}},"line":28},"7":{"name":"(anonymous_7)","decl":{"start":{"line":34,"column":21},"end":{"line":34,"column":22}},"loc":{"start":{"line":34,"column":37},"end":{"line":37,"column":13}},"line":34},"8":{"name":"(anonymous_8)","decl":{"start":{"line":40,"column":4},"end":{"line":40,"column":5}},"loc":{"start":{"line":40,"column":14},"end":{"line":44,"column":5}},"line":40},"9":{"name":"(anonymous_9)","decl":{"start":{"line":41,"column":27},"end":{"line":41,"column":28}},"loc":{"start":{"line":41,"column":40},"end":{"line":43,"column":9}},"line":41},"10":{"name":"(anonymous_10)","decl":{"start":{"line":45,"column":4},"end":{"line":45,"column":5}},"loc":{"start":{"line":45,"column":28},"end":{"line":49,"column":5}},"line":45},"11":{"name":"(anonymous_11)","decl":{"start":{"line":50,"column":4},"end":{"line":50,"column":5}},"loc":{"start":{"line":50,"column":24},"end":{"line":54,"column":5}},"line":50}},"branchMap":{"0":{"loc":{"start":{"line":10,"column":16},"end":{"line":12,"column":17}},"type":"if","locations":[{"start":{"line":10,"column":16},"end":{"line":12,"column":17}},{"start":{"line":10,"column":16},"end":{"line":12,"column":17}}],"line":10},"1":{"loc":{"start":{"line":29,"column":16},"end":{"line":31,"column":17}},"type":"if","locations":[{"start":{"line":29,"column":16},"end":{"line":31,"column":17}},{"start":{"line":29,"column":16},"end":{"line":31,"column":17}}],"line":29}},"s":{"0":0,"1":0,"2":0,"3":0,"4":0,"5":0,"6":0,"7":0,"8":0,"9":0,"10":0,"11":0,"12":0,"13":0,"14":0,"15":0,"16":0,"17":0,"18":0,"19":0,"20":0,"21":0,"22":0},"f":{"0":0,"1":0,"2":0,"3":0,"4":0,"5":0,"6":0,"7":0,"8":0,"9":0,"10":0,"11":0},"b":{"0":[0,0],"1":[0,0]},"_coverageSchema":"332fd63041d2c1bcb487cc26dd0d5f7d97098a6c","hash":"399a50b3ba6dd00b0ab3ccd21d44395a766dcf84"}
,"/Users/martinnowosad/breathe/lib/data/http/HttpService.js": {"path":"/Users/martinnowosad/breathe/lib/data/http/HttpService.js","statementMap":{"0":{"start":{"line":5,"column":8},"end":{"line":26,"column":11}},"1":{"start":{"line":6,"column":12},"end":{"line":25,"column":13}},"2":{"start":{"line":7,"column":16},"end":{"line":21,"column":19}},"3":{"start":{"line":12,"column":35},"end":{"line":12,"column":53}},"4":{"start":{"line":13,"column":20},"end":{"line":17,"column":23}},"5":{"start":{"line":14,"column":24},"end":{"line":14,"column":54}},"6":{"start":{"line":15,"column":24},"end":{"line":15,"column":46}},"7":{"start":{"line":16,"column":24},"end":{"line":16,"column":42}},"8":{"start":{"line":19,"column":20},"end":{"line":19,"column":75}},"9":{"start":{"line":20,"column":20},"end":{"line":20,"column":38}},"10":{"start":{"line":24,"column":16},"end":{"line":24,"column":36}},"11":{"start":{"line":29,"column":8},"end":{"line":52,"column":11}},"12":{"start":{"line":31,"column":12},"end":{"line":51,"column":15}},"13":{"start":{"line":32,"column":16},"end":{"line":50,"column":17}},"14":{"start":{"line":33,"column":20},"end":{"line":49,"column":23}},"15":{"start":{"line":34,"column":24},"end":{"line":34,"column":44}},"16":{"start":{"line":35,"column":24},"end":{"line":48,"column":27}},"17":{"start":{"line":40,"column":43},"end":{"line":40,"column":61}},"18":{"start":{"line":41,"column":28},"end":{"line":45,"column":31}},"19":{"start":{"line":42,"column":32},"end":{"line":42,"column":62}},"20":{"start":{"line":43,"column":32},"end":{"line":43,"column":54}},"21":{"start":{"line":44,"column":32},"end":{"line":44,"column":50}},"22":{"start":{"line":47,"column":28},"end":{"line":47,"column":46}}},"fnMap":{"0":{"name":"(anonymous_0)","decl":{"start":{"line":4,"column":4},"end":{"line":4,"column":5}},"loc":{"start":{"line":4,"column":40},"end":{"line":27,"column":5}},"line":4},"1":{"name":"(anonymous_1)","decl":{"start":{"line":5,"column":27},"end":{"line":5,"column":28}},"loc":{"start":{"line":5,"column":48},"end":{"line":26,"column":9}},"line":5},"2":{"name":"(anonymous_2)","decl":{"start":{"line":11,"column":24},"end":{"line":11,"column":25}},"loc":{"start":{"line":11,"column":40},"end":{"line":18,"column":17}},"line":11},"3":{"name":"(anonymous_3)","decl":{"start":{"line":13,"column":43},"end":{"line":13,"column":44}},"loc":{"start":{"line":13,"column":55},"end":{"line":17,"column":21}},"line":13},"4":{"name":"(anonymous_4)","decl":{"start":{"line":18,"column":25},"end":{"line":18,"column":26}},"loc":{"start":{"line":18,"column":40},"end":{"line":21,"column":17}},"line":18},"5":{"name":"(anonymous_5)","decl":{"start":{"line":28,"column":4},"end":{"line":28,"column":5}},"loc":{"start":{"line":28,"column":38},"end":{"line":53,"column":5}},"line":28},"6":{"name":"(anonymous_6)","decl":{"start":{"line":29,"column":27},"end":{"line":29,"column":28}},"loc":{"start":{"line":29,"column":48},"end":{"line":52,"column":9}},"line":29},"7":{"name":"(anonymous_7)","decl":{"start":{"line":31,"column":70},"end":{"line":31,"column":71}},"loc":{"start":{"line":31,"column":82},"end":{"line":51,"column":13}},"line":31},"8":{"name":"(anonymous_8)","decl":{"start":{"line":33,"column":70},"end":{"line":33,"column":71}},"loc":{"start":{"line":33,"column":81},"end":{"line":49,"column":21}},"line":33},"9":{"name":"(anonymous_9)","decl":{"start":{"line":39,"column":32},"end":{"line":39,"column":33}},"loc":{"start":{"line":39,"column":48},"end":{"line":46,"column":25}},"line":39},"10":{"name":"(anonymous_10)","decl":{"start":{"line":41,"column":51},"end":{"line":41,"column":52}},"loc":{"start":{"line":41,"column":63},"end":{"line":45,"column":29}},"line":41},"11":{"name":"(anonymous_11)","decl":{"start":{"line":46,"column":33},"end":{"line":46,"column":34}},"loc":{"start":{"line":46,"column":48},"end":{"line":48,"column":25}},"line":46}},"branchMap":{"0":{"loc":{"start":{"line":32,"column":16},"end":{"line":50,"column":17}},"type":"if","locations":[{"start":{"line":32,"column":16},"end":{"line":50,"column":17}},{"start":{"line":32,"column":16},"end":{"line":50,"column":17}}],"line":32}},"s":{"0":0,"1":0,"2":0,"3":0,"4":0,"5":0,"6":0,"7":0,"8":0,"9":0,"10":0,"11":0,"12":0,"13":0,"14":0,"15":0,"16":0,"17":0,"18":0,"19":0,"20":0,"21":0,"22":0},"f":{"0":0,"1":0,"2":0,"3":0,"4":0,"5":0,"6":0,"7":0,"8":0,"9":0,"10":0,"11":0},"b":{"0":[0,0]},"_coverageSchema":"332fd63041d2c1bcb487cc26dd0d5f7d97098a6c","hash":"a3cd8a6d1def3370bcc7effaaa8e9fe43a1e3cb3"}
,"/Users/martinnowosad/breathe/lib/data/repository/LocalDataSourceImpl.js": {"path":"/Users/martinnowosad/breathe/lib/data/repository/LocalDataSourceImpl.js","statementMap":{"0":{"start":{"line":4,"column":8},"end":{"line":4,"column":29}},"1":{"start":{"line":7,"column":8},"end":{"line":16,"column":11}},"2":{"start":{"line":8,"column":12},"end":{"line":15,"column":15}},"3":{"start":{"line":9,"column":16},"end":{"line":9,"column":32}},"4":{"start":{"line":11,"column":16},"end":{"line":11,"column":30}},"5":{"start":{"line":14,"column":16},"end":{"line":14,"column":30}},"6":{"start":{"line":19,"column":8},"end":{"line":27,"column":11}},"7":{"start":{"line":20,"column":12},"end":{"line":26,"column":15}},"8":{"start":{"line":21,"column":16},"end":{"line":21,"column":31}},"9":{"start":{"line":24,"column":20},"end":{"line":24,"column":34}}},"fnMap":{"0":{"name":"(anonymous_0)","decl":{"start":{"line":3,"column":4},"end":{"line":3,"column":5}},"loc":{"start":{"line":3,"column":12},"end":{"line":5,"column":5}},"line":3},"1":{"name":"(anonymous_1)","decl":{"start":{"line":6,"column":4},"end":{"line":6,"column":5}},"loc":{"start":{"line":6,"column":17},"end":{"line":17,"column":5}},"line":6},"2":{"name":"(anonymous_2)","decl":{"start":{"line":7,"column":27},"end":{"line":7,"column":28}},"loc":{"start":{"line":7,"column":48},"end":{"line":16,"column":9}},"line":7},"3":{"name":"(anonymous_3)","decl":{"start":{"line":8,"column":43},"end":{"line":8,"column":44}},"loc":{"start":{"line":8,"column":55},"end":{"line":10,"column":13}},"line":8},"4":{"name":"(anonymous_4)","decl":{"start":{"line":10,"column":15},"end":{"line":10,"column":16}},"loc":{"start":{"line":10,"column":26},"end":{"line":12,"column":13}},"line":10},"5":{"name":"(anonymous_5)","decl":{"start":{"line":13,"column":23},"end":{"line":13,"column":24}},"loc":{"start":{"line":13,"column":34},"end":{"line":15,"column":13}},"line":13},"6":{"name":"(anonymous_6)","decl":{"start":{"line":18,"column":4},"end":{"line":18,"column":5}},"loc":{"start":{"line":18,"column":24},"end":{"line":28,"column":5}},"line":18},"7":{"name":"(anonymous_7)","decl":{"start":{"line":19,"column":27},"end":{"line":19,"column":28}},"loc":{"start":{"line":19,"column":48},"end":{"line":27,"column":9}},"line":19},"8":{"name":"(anonymous_8)","decl":{"start":{"line":20,"column":50},"end":{"line":20,"column":51}},"loc":{"start":{"line":20,"column":56},"end":{"line":22,"column":13}},"line":20},"9":{"name":"(anonymous_9)","decl":{"start":{"line":22,"column":21},"end":{"line":22,"column":22}},"loc":{"start":{"line":22,"column":27},"end":{"line":26,"column":13}},"line":22}},"branchMap":{},"s":{"0":0,"1":0,"2":0,"3":0,"4":0,"5":0,"6":0,"7":0,"8":0,"9":0},"f":{"0":0,"1":0,"2":0,"3":0,"4":0,"5":0,"6":0,"7":0,"8":0,"9":0},"b":{},"_coverageSchema":"332fd63041d2c1bcb487cc26dd0d5f7d97098a6c","hash":"c5c15e2586c816abb759a05905da2b5c30eb00a5"}
,"/Users/martinnowosad/breathe/lib/data/repository/LocalRepository.js": {"path":"/Users/martinnowosad/breathe/lib/data/repository/LocalRepository.js","statementMap":{"0":{"start":{"line":1,"column":16},"end":{"line":8,"column":1}},"1":{"start":{"line":2,"column":4},"end":{"line":7,"column":7}},"2":{"start":{"line":3,"column":36},"end":{"line":3,"column":97}},"3":{"start":{"line":3,"column":42},"end":{"line":3,"column":70}},"4":{"start":{"line":3,"column":85},"end":{"line":3,"column":95}},"5":{"start":{"line":4,"column":35},"end":{"line":4,"column":100}},"6":{"start":{"line":4,"column":41},"end":{"line":4,"column":73}},"7":{"start":{"line":4,"column":88},"end":{"line":4,"column":98}},"8":{"start":{"line":5,"column":32},"end":{"line":5,"column":149}},"9":{"start":{"line":5,"column":97},"end":{"line":5,"column":119}},"10":{"start":{"line":6,"column":8},"end":{"line":6,"column":78}},"11":{"start":{"line":14,"column":8},"end":{"line":14,"column":30}},"12":{"start":{"line":15,"column":8},"end":{"line":15,"column":36}},"13":{"start":{"line":18,"column":8},"end":{"line":19,"column":96}},"14":{"start":{"line":19,"column":12},"end":{"line":19,"column":96}},"15":{"start":{"line":20,"column":8},"end":{"line":20,"column":29}},"16":{"start":{"line":23,"column":8},"end":{"line":23,"column":78}},"17":{"start":{"line":24,"column":8},"end":{"line":24,"column":29}},"18":{"start":{"line":27,"column":8},"end":{"line":35,"column":11}},"19":{"start":{"line":28,"column":12},"end":{"line":34,"column":15}},"20":{"start":{"line":29,"column":16},"end":{"line":29,"column":43}},"21":{"start":{"line":31,"column":16},"end":{"line":31,"column":31}},"22":{"start":{"line":33,"column":16},"end":{"line":33,"column":31}},"23":{"start":{"line":38,"column":8},"end":{"line":44,"column":11}},"24":{"start":{"line":39,"column":12},"end":{"line":43,"column":15}},"25":{"start":{"line":40,"column":16},"end":{"line":40,"column":32}},"26":{"start":{"line":42,"column":16},"end":{"line":42,"column":30}},"27":{"start":{"line":47,"column":8},"end":{"line":53,"column":11}},"28":{"start":{"line":48,"column":12},"end":{"line":52,"column":15}},"29":{"start":{"line":49,"column":16},"end":{"line":49,"column":32}},"30":{"start":{"line":51,"column":16},"end":{"line":51,"column":30}},"31":{"start":{"line":56,"column":8},"end":{"line":62,"column":12}},"32":{"start":{"line":56,"column":49},"end":{"line":62,"column":10}},"33":{"start":{"line":57,"column":12},"end":{"line":61,"column":15}},"34":{"start":{"line":58,"column":16},"end":{"line":60,"column":19}},"35":{"start":{"line":59,"column":20},"end":{"line":59,"column":37}},"36":{"start":{"line":65,"column":8},"end":{"line":77,"column":11}},"37":{"start":{"line":66,"column":40},"end":{"line":66,"column":42}},"38":{"start":{"line":67,"column":12},"end":{"line":76,"column":16}},"39":{"start":{"line":67,"column":75},"end":{"line":76,"column":14}},"40":{"start":{"line":68,"column":16},"end":{"line":71,"column":17}},"41":{"start":{"line":69,"column":39},"end":{"line":69,"column":56}},"42":{"start":{"line":70,"column":20},"end":{"line":70,"column":60}},"43":{"start":{"line":72,"column":16},"end":{"line":72,"column":50}},"44":{"start":{"line":73,"column":36},"end":{"line":73,"column":62}},"45":{"start":{"line":74,"column":16},"end":{"line":74,"column":81}},"46":{"start":{"line":75,"column":16},"end":{"line":75,"column":37}},"47":{"start":{"line":80,"column":8},"end":{"line":80,"column":25}},"48":{"start":{"line":83,"column":8},"end":{"line":88,"column":11}},"49":{"start":{"line":84,"column":12},"end":{"line":87,"column":15}},"50":{"start":{"line":85,"column":39},"end":{"line":85,"column":56}},"51":{"start":{"line":86,"column":16},"end":{"line":86,"column":40}},"52":{"start":{"line":91,"column":8},"end":{"line":96,"column":11}},"53":{"start":{"line":92,"column":12},"end":{"line":95,"column":15}},"54":{"start":{"line":93,"column":32},"end":{"line":93,"column":62}},"55":{"start":{"line":94,"column":16},"end":{"line":94,"column":33}},"56":{"start":{"line":99,"column":8},"end":{"line":99,"column":25}}},"fnMap":{"0":{"name":"(anonymous_0)","decl":{"start":{"line":1,"column":44},"end":{"line":1,"column":45}},"loc":{"start":{"line":1,"column":89},"end":{"line":8,"column":1}},"line":1},"1":{"name":"(anonymous_1)","decl":{"start":{"line":2,"column":36},"end":{"line":2,"column":37}},"loc":{"start":{"line":2,"column":63},"end":{"line":7,"column":5}},"line":2},"2":{"name":"fulfilled","decl":{"start":{"line":3,"column":17},"end":{"line":3,"column":26}},"loc":{"start":{"line":3,"column":34},"end":{"line":3,"column":99}},"line":3},"3":{"name":"rejected","decl":{"start":{"line":4,"column":17},"end":{"line":4,"column":25}},"loc":{"start":{"line":4,"column":33},"end":{"line":4,"column":102}},"line":4},"4":{"name":"step","decl":{"start":{"line":5,"column":17},"end":{"line":5,"column":21}},"loc":{"start":{"line":5,"column":30},"end":{"line":5,"column":151}},"line":5},"5":{"name":"(anonymous_5)","decl":{"start":{"line":5,"column":76},"end":{"line":5,"column":77}},"loc":{"start":{"line":5,"column":95},"end":{"line":5,"column":121}},"line":5},"6":{"name":"(anonymous_6)","decl":{"start":{"line":13,"column":4},"end":{"line":13,"column":5}},"loc":{"start":{"line":13,"column":40},"end":{"line":16,"column":5}},"line":13},"7":{"name":"(anonymous_7)","decl":{"start":{"line":17,"column":4},"end":{"line":17,"column":5}},"loc":{"start":{"line":17,"column":25},"end":{"line":21,"column":5}},"line":17},"8":{"name":"(anonymous_8)","decl":{"start":{"line":22,"column":4},"end":{"line":22,"column":5}},"loc":{"start":{"line":22,"column":74},"end":{"line":25,"column":5}},"line":22},"9":{"name":"(anonymous_9)","decl":{"start":{"line":26,"column":4},"end":{"line":26,"column":5}},"loc":{"start":{"line":26,"column":27},"end":{"line":36,"column":5}},"line":26},"10":{"name":"(anonymous_10)","decl":{"start":{"line":27,"column":27},"end":{"line":27,"column":28}},"loc":{"start":{"line":27,"column":49},"end":{"line":35,"column":9}},"line":27},"11":{"name":"(anonymous_11)","decl":{"start":{"line":28,"column":62},"end":{"line":28,"column":63}},"loc":{"start":{"line":28,"column":74},"end":{"line":30,"column":13}},"line":28},"12":{"name":"(anonymous_12)","decl":{"start":{"line":30,"column":15},"end":{"line":30,"column":16}},"loc":{"start":{"line":30,"column":22},"end":{"line":32,"column":13}},"line":30},"13":{"name":"(anonymous_13)","decl":{"start":{"line":32,"column":21},"end":{"line":32,"column":22}},"loc":{"start":{"line":32,"column":28},"end":{"line":34,"column":13}},"line":32},"14":{"name":"(anonymous_14)","decl":{"start":{"line":37,"column":4},"end":{"line":37,"column":5}},"loc":{"start":{"line":37,"column":19},"end":{"line":45,"column":5}},"line":37},"15":{"name":"(anonymous_15)","decl":{"start":{"line":38,"column":27},"end":{"line":38,"column":28}},"loc":{"start":{"line":38,"column":48},"end":{"line":44,"column":9}},"line":38},"16":{"name":"(anonymous_16)","decl":{"start":{"line":39,"column":62},"end":{"line":39,"column":63}},"loc":{"start":{"line":39,"column":74},"end":{"line":41,"column":13}},"line":39},"17":{"name":"(anonymous_17)","decl":{"start":{"line":41,"column":21},"end":{"line":41,"column":22}},"loc":{"start":{"line":41,"column":32},"end":{"line":43,"column":13}},"line":41},"18":{"name":"(anonymous_18)","decl":{"start":{"line":46,"column":4},"end":{"line":46,"column":5}},"loc":{"start":{"line":46,"column":28},"end":{"line":54,"column":5}},"line":46},"19":{"name":"(anonymous_19)","decl":{"start":{"line":47,"column":27},"end":{"line":47,"column":28}},"loc":{"start":{"line":47,"column":48},"end":{"line":53,"column":9}},"line":47},"20":{"name":"(anonymous_20)","decl":{"start":{"line":48,"column":69},"end":{"line":48,"column":70}},"loc":{"start":{"line":48,"column":81},"end":{"line":50,"column":13}},"line":48},"21":{"name":"(anonymous_21)","decl":{"start":{"line":50,"column":21},"end":{"line":50,"column":22}},"loc":{"start":{"line":50,"column":33},"end":{"line":52,"column":13}},"line":50},"22":{"name":"(anonymous_22)","decl":{"start":{"line":55,"column":4},"end":{"line":55,"column":5}},"loc":{"start":{"line":55,"column":27},"end":{"line":63,"column":5}},"line":55},"23":{"name":"(anonymous_23)","decl":{"start":{"line":56,"column":27},"end":{"line":56,"column":28}},"loc":{"start":{"line":56,"column":49},"end":{"line":62,"column":10}},"line":56},"24":{"name":"(anonymous_24)","decl":{"start":{"line":56,"column":81},"end":{"line":56,"column":82}},"loc":{"start":{"line":56,"column":94},"end":{"line":62,"column":9}},"line":56},"25":{"name":"(anonymous_25)","decl":{"start":{"line":57,"column":52},"end":{"line":57,"column":53}},"loc":{"start":{"line":57,"column":59},"end":{"line":61,"column":13}},"line":57},"26":{"name":"(anonymous_26)","decl":{"start":{"line":58,"column":88},"end":{"line":58,"column":89}},"loc":{"start":{"line":58,"column":95},"end":{"line":60,"column":17}},"line":58},"27":{"name":"(anonymous_27)","decl":{"start":{"line":64,"column":4},"end":{"line":64,"column":5}},"loc":{"start":{"line":64,"column":26},"end":{"line":78,"column":5}},"line":64},"28":{"name":"(anonymous_28)","decl":{"start":{"line":65,"column":27},"end":{"line":65,"column":28}},"loc":{"start":{"line":65,"column":49},"end":{"line":77,"column":9}},"line":65},"29":{"name":"(anonymous_29)","decl":{"start":{"line":67,"column":63},"end":{"line":67,"column":64}},"loc":{"start":{"line":67,"column":75},"end":{"line":76,"column":14}},"line":67},"30":{"name":"(anonymous_30)","decl":{"start":{"line":67,"column":107},"end":{"line":67,"column":108}},"loc":{"start":{"line":67,"column":120},"end":{"line":76,"column":13}},"line":67},"31":{"name":"(anonymous_31)","decl":{"start":{"line":79,"column":4},"end":{"line":79,"column":5}},"loc":{"start":{"line":79,"column":21},"end":{"line":81,"column":5}},"line":79},"32":{"name":"(anonymous_32)","decl":{"start":{"line":82,"column":4},"end":{"line":82,"column":5}},"loc":{"start":{"line":82,"column":29},"end":{"line":89,"column":5}},"line":82},"33":{"name":"(anonymous_33)","decl":{"start":{"line":83,"column":27},"end":{"line":83,"column":28}},"loc":{"start":{"line":83,"column":49},"end":{"line":88,"column":9}},"line":83},"34":{"name":"(anonymous_34)","decl":{"start":{"line":84,"column":63},"end":{"line":84,"column":64}},"loc":{"start":{"line":84,"column":75},"end":{"line":87,"column":13}},"line":84},"35":{"name":"(anonymous_35)","decl":{"start":{"line":90,"column":4},"end":{"line":90,"column":5}},"loc":{"start":{"line":90,"column":23},"end":{"line":97,"column":5}},"line":90},"36":{"name":"(anonymous_36)","decl":{"start":{"line":91,"column":27},"end":{"line":91,"column":28}},"loc":{"start":{"line":91,"column":43},"end":{"line":96,"column":9}},"line":91},"37":{"name":"(anonymous_37)","decl":{"start":{"line":92,"column":52},"end":{"line":92,"column":53}},"loc":{"start":{"line":92,"column":64},"end":{"line":95,"column":13}},"line":92},"38":{"name":"(anonymous_38)","decl":{"start":{"line":98,"column":4},"end":{"line":98,"column":5}},"loc":{"start":{"line":98,"column":21},"end":{"line":100,"column":5}},"line":98}},"branchMap":{"0":{"loc":{"start":{"line":1,"column":16},"end":{"line":8,"column":1}},"type":"binary-expr","locations":[{"start":{"line":1,"column":17},"end":{"line":1,"column":21}},{"start":{"line":1,"column":25},"end":{"line":1,"column":39}},{"start":{"line":1,"column":44},"end":{"line":8,"column":1}}],"line":1},"1":{"loc":{"start":{"line":2,"column":16},"end":{"line":2,"column":34}},"type":"binary-expr","locations":[{"start":{"line":2,"column":16},"end":{"line":2,"column":17}},{"start":{"line":2,"column":22},"end":{"line":2,"column":33}}],"line":2},"2":{"loc":{"start":{"line":5,"column":32},"end":{"line":5,"column":148}},"type":"cond-expr","locations":[{"start":{"line":5,"column":46},"end":{"line":5,"column":67}},{"start":{"line":5,"column":70},"end":{"line":5,"column":148}}],"line":5},"3":{"loc":{"start":{"line":6,"column":51},"end":{"line":6,"column":67}},"type":"binary-expr","locations":[{"start":{"line":6,"column":51},"end":{"line":6,"column":61}},{"start":{"line":6,"column":65},"end":{"line":6,"column":67}}],"line":6},"4":{"loc":{"start":{"line":18,"column":8},"end":{"line":19,"column":96}},"type":"if","locations":[{"start":{"line":18,"column":8},"end":{"line":19,"column":96}},{"start":{"line":18,"column":8},"end":{"line":19,"column":96}}],"line":18},"5":{"loc":{"start":{"line":68,"column":16},"end":{"line":71,"column":17}},"type":"if","locations":[{"start":{"line":68,"column":16},"end":{"line":71,"column":17}},{"start":{"line":68,"column":16},"end":{"line":71,"column":17}}],"line":68},"6":{"loc":{"start":{"line":68,"column":20},"end":{"line":68,"column":60}},"type":"binary-expr","locations":[{"start":{"line":68,"column":20},"end":{"line":68,"column":39}},{"start":{"line":68,"column":43},"end":{"line":68,"column":60}}],"line":68}},"s":{"0":2,"1":8,"2":5,"3":5,"4":0,"5":0,"6":0,"7":0,"8":13,"9":5,"10":8,"11":1,"12":1,"13":0,"14":0,"15":0,"16":1,"17":1,"18":2,"19":2,"20":2,"21":0,"22":1,"23":0,"24":0,"25":0,"26":0,"27":1,"28":1,"29":1,"30":0,"31":3,"32":3,"33":3,"34":3,"35":3,"36":5,"37":5,"38":5,"39":5,"40":5,"41":2,"42":2,"43":5,"44":5,"45":5,"46":5,"47":0,"48":1,"49":1,"50":1,"51":1,"52":0,"53":0,"54":0,"55":0,"56":0},"f":{"0":8,"1":8,"2":5,"3":0,"4":13,"5":5,"6":1,"7":0,"8":1,"9":2,"10":2,"11":2,"12":0,"13":1,"14":0,"15":0,"16":0,"17":0,"18":1,"19":1,"20":1,"21":0,"22":3,"23":3,"24":3,"25":3,"26":3,"27":5,"28":5,"29":5,"30":5,"31":0,"32":1,"33":1,"34":1,"35":0,"36":0,"37":0,"38":0},"b":{"0":[2,2,2],"1":[8,8],"2":[8,5],"3":[8,8],"4":[0,0],"5":[2,3],"6":[5,2]},"_coverageSchema":"332fd63041d2c1bcb487cc26dd0d5f7d97098a6c","hash":"897c0263cc7e9f64f98b27af9611ee1cbd00fc25"}
,"/Users/martinnowosad/breathe/lib/data/session/Session.js": {"path":"/Users/martinnowosad/breathe/lib/data/session/Session.js","statementMap":{"0":{"start":{"line":4,"column":8},"end":{"line":4,"column":21}},"1":{"start":{"line":5,"column":8},"end":{"line":5,"column":33}},"2":{"start":{"line":6,"column":8},"end":{"line":6,"column":25}},"3":{"start":{"line":7,"column":8},"end":{"line":7,"column":45}},"4":{"start":{"line":8,"column":8},"end":{"line":8,"column":29}},"5":{"start":{"line":9,"column":8},"end":{"line":9,"column":49}},"6":{"start":{"line":10,"column":8},"end":{"line":10,"column":71}},"7":{"start":{"line":11,"column":8},"end":{"line":11,"column":27}},"8":{"start":{"line":12,"column":8},"end":{"line":12,"column":41}},"9":{"start":{"line":16,"column":8},"end":{"line":16,"column":126}},"10":{"start":{"line":19,"column":8},"end":{"line":19,"column":36}},"11":{"start":{"line":22,"column":8},"end":{"line":22,"column":32}}},"fnMap":{"0":{"name":"(anonymous_0)","decl":{"start":{"line":2,"column":4},"end":{"line":2,"column":5}},"loc":{"start":{"line":3,"column":109},"end":{"line":13,"column":5}},"line":3},"1":{"name":"(anonymous_1)","decl":{"start":{"line":14,"column":4},"end":{"line":14,"column":5}},"loc":{"start":{"line":14,"column":19},"end":{"line":17,"column":5}},"line":14},"2":{"name":"(anonymous_2)","decl":{"start":{"line":18,"column":4},"end":{"line":18,"column":5}},"loc":{"start":{"line":18,"column":19},"end":{"line":20,"column":5}},"line":18},"3":{"name":"(anonymous_3)","decl":{"start":{"line":21,"column":4},"end":{"line":21,"column":5}},"loc":{"start":{"line":21,"column":25},"end":{"line":23,"column":5}},"line":21}},"branchMap":{"0":{"loc":{"start":{"line":3,"column":88},"end":{"line":3,"column":107}},"type":"default-arg","locations":[{"start":{"line":3,"column":103},"end":{"line":3,"column":107}}],"line":3}},"s":{"0":0,"1":0,"2":0,"3":0,"4":0,"5":0,"6":0,"7":0,"8":0,"9":0,"10":0,"11":0},"f":{"0":0,"1":0,"2":0,"3":0},"b":{"0":[0]},"_coverageSchema":"332fd63041d2c1bcb487cc26dd0d5f7d97098a6c","hash":"17cc8b9679922b553cb36ae75da21ce9664a053f"}
,"/Users/martinnowosad/breathe/lib/data/session/SessionMapper.js": {"path":"/Users/martinnowosad/breathe/lib/data/session/SessionMapper.js","statementMap":{"0":{"start":{"line":3,"column":8},"end":{"line":3,"column":34}}},"fnMap":{"0":{"name":"(anonymous_0)","decl":{"start":{"line":2,"column":4},"end":{"line":2,"column":5}},"loc":{"start":{"line":2,"column":21},"end":{"line":4,"column":5}},"line":2}},"branchMap":{},"s":{"0":0},"f":{"0":0},"b":{},"_coverageSchema":"332fd63041d2c1bcb487cc26dd0d5f7d97098a6c","hash":"367041cfa6973bb20288a4aa6ef228ebd33ef3e3"}
,"/Users/martinnowosad/breathe/lib/domain/auth/impl/AuthManagerImpl.js": {"path":"/Users/martinnowosad/breathe/lib/domain/auth/impl/AuthManagerImpl.js","statementMap":{"0":{"start":{"line":5,"column":8},"end":{"line":5,"column":39}},"1":{"start":{"line":6,"column":8},"end":{"line":6,"column":37}},"2":{"start":{"line":7,"column":8},"end":{"line":7,"column":45}},"3":{"start":{"line":8,"column":8},"end":{"line":8,"column":39}},"4":{"start":{"line":11,"column":8},"end":{"line":17,"column":11}},"5":{"start":{"line":12,"column":12},"end":{"line":16,"column":15}},"6":{"start":{"line":13,"column":16},"end":{"line":13,"column":63}},"7":{"start":{"line":15,"column":16},"end":{"line":15,"column":30}},"8":{"start":{"line":24,"column":8},"end":{"line":31,"column":11}},"9":{"start":{"line":25,"column":12},"end":{"line":30,"column":15}},"10":{"start":{"line":26,"column":16},"end":{"line":26,"column":37}},"11":{"start":{"line":29,"column":16},"end":{"line":29,"column":58}},"12":{"start":{"line":34,"column":8},"end":{"line":43,"column":11}},"13":{"start":{"line":35,"column":12},"end":{"line":42,"column":15}},"14":{"start":{"line":36,"column":31},"end":{"line":36,"column":68}},"15":{"start":{"line":37,"column":16},"end":{"line":37,"column":34}},"16":{"start":{"line":39,"column":16},"end":{"line":39,"column":58}},"17":{"start":{"line":41,"column":16},"end":{"line":41,"column":30}},"18":{"start":{"line":46,"column":8},"end":{"line":55,"column":11}},"19":{"start":{"line":47,"column":12},"end":{"line":54,"column":15}},"20":{"start":{"line":48,"column":16},"end":{"line":48,"column":63}},"21":{"start":{"line":50,"column":16},"end":{"line":50,"column":58}},"22":{"start":{"line":52,"column":16},"end":{"line":52,"column":63}},"23":{"start":{"line":53,"column":16},"end":{"line":53,"column":30}},"24":{"start":{"line":58,"column":8},"end":{"line":64,"column":11}},"25":{"start":{"line":59,"column":12},"end":{"line":63,"column":15}},"26":{"start":{"line":60,"column":16},"end":{"line":60,"column":56}},"27":{"start":{"line":62,"column":16},"end":{"line":62,"column":99}},"28":{"start":{"line":67,"column":8},"end":{"line":75,"column":11}},"29":{"start":{"line":68,"column":12},"end":{"line":74,"column":15}},"30":{"start":{"line":69,"column":16},"end":{"line":69,"column":32}},"31":{"start":{"line":71,"column":16},"end":{"line":71,"column":58}},"32":{"start":{"line":73,"column":16},"end":{"line":73,"column":58}},"33":{"start":{"line":78,"column":8},"end":{"line":78,"column":48}}},"fnMap":{"0":{"name":"(anonymous_0)","decl":{"start":{"line":4,"column":4},"end":{"line":4,"column":5}},"loc":{"start":{"line":4,"column":70},"end":{"line":9,"column":5}},"line":4},"1":{"name":"(anonymous_1)","decl":{"start":{"line":10,"column":4},"end":{"line":10,"column":5}},"loc":{"start":{"line":10,"column":17},"end":{"line":18,"column":5}},"line":10},"2":{"name":"(anonymous_2)","decl":{"start":{"line":11,"column":27},"end":{"line":11,"column":28}},"loc":{"start":{"line":11,"column":48},"end":{"line":17,"column":9}},"line":11},"3":{"name":"(anonymous_3)","decl":{"start":{"line":12,"column":50},"end":{"line":12,"column":51}},"loc":{"start":{"line":12,"column":62},"end":{"line":14,"column":13}},"line":12},"4":{"name":"(anonymous_4)","decl":{"start":{"line":14,"column":15},"end":{"line":14,"column":16}},"loc":{"start":{"line":14,"column":26},"end":{"line":16,"column":13}},"line":14},"5":{"name":"(anonymous_5)","decl":{"start":{"line":19,"column":4},"end":{"line":19,"column":5}},"loc":{"start":{"line":19,"column":19},"end":{"line":32,"column":5}},"line":19},"6":{"name":"(anonymous_6)","decl":{"start":{"line":24,"column":27},"end":{"line":24,"column":28}},"loc":{"start":{"line":24,"column":48},"end":{"line":31,"column":9}},"line":24},"7":{"name":"(anonymous_7)","decl":{"start":{"line":25,"column":56},"end":{"line":25,"column":57}},"loc":{"start":{"line":25,"column":73},"end":{"line":27,"column":13}},"line":25},"8":{"name":"(anonymous_8)","decl":{"start":{"line":28,"column":23},"end":{"line":28,"column":24}},"loc":{"start":{"line":28,"column":34},"end":{"line":30,"column":13}},"line":28},"9":{"name":"(anonymous_9)","decl":{"start":{"line":33,"column":4},"end":{"line":33,"column":5}},"loc":{"start":{"line":33,"column":20},"end":{"line":44,"column":5}},"line":33},"10":{"name":"(anonymous_10)","decl":{"start":{"line":34,"column":27},"end":{"line":34,"column":28}},"loc":{"start":{"line":34,"column":48},"end":{"line":43,"column":9}},"line":34},"11":{"name":"(anonymous_11)","decl":{"start":{"line":35,"column":50},"end":{"line":35,"column":51}},"loc":{"start":{"line":35,"column":62},"end":{"line":38,"column":13}},"line":35},"12":{"name":"(anonymous_12)","decl":{"start":{"line":38,"column":15},"end":{"line":38,"column":16}},"loc":{"start":{"line":38,"column":26},"end":{"line":40,"column":13}},"line":38},"13":{"name":"(anonymous_13)","decl":{"start":{"line":40,"column":21},"end":{"line":40,"column":22}},"loc":{"start":{"line":40,"column":32},"end":{"line":42,"column":13}},"line":40},"14":{"name":"(anonymous_14)","decl":{"start":{"line":45,"column":4},"end":{"line":45,"column":5}},"loc":{"start":{"line":45,"column":27},"end":{"line":56,"column":5}},"line":45},"15":{"name":"(anonymous_15)","decl":{"start":{"line":46,"column":27},"end":{"line":46,"column":28}},"loc":{"start":{"line":46,"column":48},"end":{"line":55,"column":9}},"line":46},"16":{"name":"(anonymous_16)","decl":{"start":{"line":47,"column":52},"end":{"line":47,"column":53}},"loc":{"start":{"line":47,"column":64},"end":{"line":49,"column":13}},"line":47},"17":{"name":"(anonymous_17)","decl":{"start":{"line":49,"column":15},"end":{"line":49,"column":16}},"loc":{"start":{"line":49,"column":26},"end":{"line":51,"column":13}},"line":49},"18":{"name":"(anonymous_18)","decl":{"start":{"line":51,"column":21},"end":{"line":51,"column":22}},"loc":{"start":{"line":51,"column":32},"end":{"line":54,"column":13}},"line":51},"19":{"name":"(anonymous_19)","decl":{"start":{"line":57,"column":4},"end":{"line":57,"column":5}},"loc":{"start":{"line":57,"column":32},"end":{"line":65,"column":5}},"line":57},"20":{"name":"(anonymous_20)","decl":{"start":{"line":58,"column":27},"end":{"line":58,"column":28}},"loc":{"start":{"line":58,"column":49},"end":{"line":64,"column":9}},"line":58},"21":{"name":"(anonymous_21)","decl":{"start":{"line":59,"column":48},"end":{"line":59,"column":49}},"loc":{"start":{"line":59,"column":60},"end":{"line":61,"column":13}},"line":59},"22":{"name":"(anonymous_22)","decl":{"start":{"line":61,"column":15},"end":{"line":61,"column":16}},"loc":{"start":{"line":61,"column":27},"end":{"line":63,"column":13}},"line":61},"23":{"name":"(anonymous_23)","decl":{"start":{"line":66,"column":4},"end":{"line":66,"column":5}},"loc":{"start":{"line":66,"column":22},"end":{"line":76,"column":5}},"line":66},"24":{"name":"(anonymous_24)","decl":{"start":{"line":67,"column":27},"end":{"line":67,"column":28}},"loc":{"start":{"line":67,"column":48},"end":{"line":75,"column":9}},"line":67},"25":{"name":"(anonymous_25)","decl":{"start":{"line":68,"column":57},"end":{"line":68,"column":58}},"loc":{"start":{"line":68,"column":69},"end":{"line":70,"column":13}},"line":68},"26":{"name":"(anonymous_26)","decl":{"start":{"line":70,"column":15},"end":{"line":70,"column":16}},"loc":{"start":{"line":70,"column":26},"end":{"line":72,"column":13}},"line":70},"27":{"name":"(anonymous_27)","decl":{"start":{"line":72,"column":21},"end":{"line":72,"column":22}},"loc":{"start":{"line":72,"column":32},"end":{"line":74,"column":13}},"line":72},"28":{"name":"(anonymous_28)","decl":{"start":{"line":77,"column":4},"end":{"line":77,"column":5}},"loc":{"start":{"line":77,"column":14},"end":{"line":79,"column":5}},"line":77}},"branchMap":{},"s":{"0":1,"1":1,"2":1,"3":1,"4":0,"5":0,"6":0,"7":0,"8":2,"9":2,"10":2,"11":0,"12":2,"13":2,"14":1,"15":1,"16":1,"17":0,"18":2,"19":2,"20":1,"21":1,"22":0,"23":0,"24":0,"25":0,"26":0,"27":0,"28":2,"29":2,"30":1,"31":1,"32":0,"33":2},"f":{"0":1,"1":0,"2":0,"3":0,"4":0,"5":2,"6":2,"7":2,"8":0,"9":2,"10":2,"11":1,"12":1,"13":0,"14":2,"15":2,"16":1,"17":1,"18":0,"19":0,"20":0,"21":0,"22":0,"23":2,"24":2,"25":1,"26":1,"27":0,"28":2},"b":{},"_coverageSchema":"332fd63041d2c1bcb487cc26dd0d5f7d97098a6c","hash":"7000e4cf1c0f114782125c3387cc4fdeca2a4417"}
,"/Users/martinnowosad/breathe/lib/domain/auth/model/AuthRequest.js": {"path":"/Users/martinnowosad/breathe/lib/domain/auth/model/AuthRequest.js","statementMap":{"0":{"start":{"line":4,"column":8},"end":{"line":4,"column":16}},"1":{"start":{"line":5,"column":8},"end":{"line":5,"column":48}},"2":{"start":{"line":6,"column":8},"end":{"line":6,"column":54}},"3":{"start":{"line":7,"column":8},"end":{"line":8,"column":62}},"4":{"start":{"line":8,"column":12},"end":{"line":8,"column":62}},"5":{"start":{"line":11,"column":8},"end":{"line":11,"column":48}},"6":{"start":{"line":14,"column":8},"end":{"line":14,"column":51}},"7":{"start":{"line":17,"column":8},"end":{"line":17,"column":55}},"8":{"start":{"line":20,"column":0},"end":{"line":20,"column":28}},"9":{"start":{"line":21,"column":0},"end":{"line":21,"column":34}},"10":{"start":{"line":22,"column":0},"end":{"line":22,"column":38}}},"fnMap":{"0":{"name":"(anonymous_0)","decl":{"start":{"line":3,"column":4},"end":{"line":3,"column":5}},"loc":{"start":{"line":3,"column":43},"end":{"line":9,"column":5}},"line":3},"1":{"name":"(anonymous_1)","decl":{"start":{"line":10,"column":4},"end":{"line":10,"column":5}},"loc":{"start":{"line":10,"column":16},"end":{"line":12,"column":5}},"line":10},"2":{"name":"(anonymous_2)","decl":{"start":{"line":13,"column":4},"end":{"line":13,"column":5}},"loc":{"start":{"line":13,"column":19},"end":{"line":15,"column":5}},"line":13},"3":{"name":"(anonymous_3)","decl":{"start":{"line":16,"column":4},"end":{"line":16,"column":5}},"loc":{"start":{"line":16,"column":22},"end":{"line":18,"column":5}},"line":16}},"branchMap":{"0":{"loc":{"start":{"line":7,"column":8},"end":{"line":8,"column":62}},"type":"if","locations":[{"start":{"line":7,"column":8},"end":{"line":8,"column":62}},{"start":{"line":7,"column":8},"end":{"line":8,"column":62}}],"line":7}},"s":{"0":4,"1":4,"2":4,"3":4,"4":4,"5":0,"6":0,"7":0,"8":1,"9":1,"10":1},"f":{"0":4,"1":0,"2":0,"3":0},"b":{"0":[4,0]},"_coverageSchema":"332fd63041d2c1bcb487cc26dd0d5f7d97098a6c","hash":"64fdbc00fd1a4c5e261a7eaf5d5c4a2e477f90c9"}
,"/Users/martinnowosad/breathe/lib/domain/auth/model/AuthResponse.js": {"path":"/Users/martinnowosad/breathe/lib/domain/auth/model/AuthResponse.js","statementMap":{"0":{"start":{"line":3,"column":8},"end":{"line":3,"column":33}},"1":{"start":{"line":4,"column":8},"end":{"line":4,"column":37}},"2":{"start":{"line":5,"column":8},"end":{"line":5,"column":35}}},"fnMap":{"0":{"name":"(anonymous_0)","decl":{"start":{"line":2,"column":4},"end":{"line":2,"column":5}},"loc":{"start":{"line":2,"column":54},"end":{"line":6,"column":5}},"line":2}},"branchMap":{"0":{"loc":{"start":{"line":2,"column":16},"end":{"line":2,"column":29}},"type":"default-arg","locations":[{"start":{"line":2,"column":27},"end":{"line":2,"column":29}}],"line":2}},"s":{"0":0,"1":0,"2":0},"f":{"0":0},"b":{"0":[0]},"_coverageSchema":"332fd63041d2c1bcb487cc26dd0d5f7d97098a6c","hash":"322e23cd1997469b7d6f191e58be6ec7ecb6eddc"}
,"/Users/martinnowosad/breathe/lib/domain/common/AuthResponseMapper.js": {"path":"/Users/martinnowosad/breathe/lib/domain/common/AuthResponseMapper.js","statementMap":{"0":{"start":{"line":5,"column":8},"end":{"line":14,"column":9}},"1":{"start":{"line":7,"column":16},"end":{"line":7,"column":64}},"2":{"start":{"line":9,"column":16},"end":{"line":9,"column":60}},"3":{"start":{"line":11,"column":16},"end":{"line":11,"column":56}},"4":{"start":{"line":13,"column":16},"end":{"line":13,"column":49}},"5":{"start":{"line":17,"column":8},"end":{"line":17,"column":152}}},"fnMap":{"0":{"name":"(anonymous_0)","decl":{"start":{"line":4,"column":4},"end":{"line":4,"column":5}},"loc":{"start":{"line":4,"column":28},"end":{"line":15,"column":5}},"line":4},"1":{"name":"(anonymous_1)","decl":{"start":{"line":16,"column":4},"end":{"line":16,"column":5}},"loc":{"start":{"line":16,"column":22},"end":{"line":18,"column":5}},"line":16}},"branchMap":{"0":{"loc":{"start":{"line":5,"column":8},"end":{"line":14,"column":9}},"type":"switch","locations":[{"start":{"line":6,"column":12},"end":{"line":7,"column":64}},{"start":{"line":8,"column":12},"end":{"line":9,"column":60}},{"start":{"line":10,"column":12},"end":{"line":11,"column":56}},{"start":{"line":12,"column":12},"end":{"line":13,"column":49}}],"line":5},"1":{"loc":{"start":{"line":17,"column":75},"end":{"line":17,"column":150}},"type":"cond-expr","locations":[{"start":{"line":17,"column":107},"end":{"line":17,"column":138}},{"start":{"line":17,"column":141},"end":{"line":17,"column":150}}],"line":17}},"s":{"0":0,"1":0,"2":0,"3":0,"4":0,"5":0},"f":{"0":0,"1":0},"b":{"0":[0,0,0,0],"1":[0,0]},"_coverageSchema":"332fd63041d2c1bcb487cc26dd0d5f7d97098a6c","hash":"a00ea40e03805258e816bc136b0ad44460ce9763"}
,"/Users/martinnowosad/breathe/lib/domain/common/ErrorResponseMapper.js": {"path":"/Users/martinnowosad/breathe/lib/domain/common/ErrorResponseMapper.js","statementMap":{"0":{"start":{"line":4,"column":8},"end":{"line":4,"column":25}},"1":{"start":{"line":7,"column":8},"end":{"line":7,"column":87}}},"fnMap":{"0":{"name":"(anonymous_0)","decl":{"start":{"line":3,"column":4},"end":{"line":3,"column":5}},"loc":{"start":{"line":3,"column":32},"end":{"line":5,"column":5}},"line":3},"1":{"name":"(anonymous_1)","decl":{"start":{"line":6,"column":4},"end":{"line":6,"column":5}},"loc":{"start":{"line":6,"column":22},"end":{"line":8,"column":5}},"line":6}},"branchMap":{},"s":{"0":0,"1":0},"f":{"0":0,"1":0},"b":{},"_coverageSchema":"332fd63041d2c1bcb487cc26dd0d5f7d97098a6c","hash":"93577e319dbc0d7a3000c73453460a8a52f8f832"}
,"/Users/martinnowosad/breathe/lib/model/ErrorCodes.js": {"path":"/Users/martinnowosad/breathe/lib/model/ErrorCodes.js","statementMap":{"0":{"start":{"line":4,"column":0},"end":{"line":4,"column":30}},"1":{"start":{"line":5,"column":0},"end":{"line":5,"column":30}},"2":{"start":{"line":6,"column":0},"end":{"line":6,"column":45}},"3":{"start":{"line":7,"column":0},"end":{"line":7,"column":41}},"4":{"start":{"line":8,"column":0},"end":{"line":8,"column":37}},"5":{"start":{"line":9,"column":0},"end":{"line":9,"column":42}},"6":{"start":{"line":10,"column":0},"end":{"line":10,"column":31}}},"fnMap":{},"branchMap":{},"s":{"0":1,"1":1,"2":1,"3":1,"4":1,"5":1,"6":1},"f":{},"b":{},"_coverageSchema":"332fd63041d2c1bcb487cc26dd0d5f7d97098a6c","hash":"b18dc46e4767e53803f6e95ad890e8d5cb077714"}
,"/Users/martinnowosad/breathe/lib/model/domain/ErrorResponse.js": {"path":"/Users/martinnowosad/breathe/lib/model/domain/ErrorResponse.js","statementMap":{"0":{"start":{"line":3,"column":8},"end":{"line":3,"column":31}},"1":{"start":{"line":4,"column":8},"end":{"line":4,"column":25}}},"fnMap":{"0":{"name":"(anonymous_0)","decl":{"start":{"line":2,"column":4},"end":{"line":2,"column":5}},"loc":{"start":{"line":2,"column":31},"end":{"line":5,"column":5}},"line":2}},"branchMap":{},"s":{"0":0,"1":0},"f":{"0":0},"b":{},"_coverageSchema":"332fd63041d2c1bcb487cc26dd0d5f7d97098a6c","hash":"48b824ea718212e53a84ec8dbb6b72e8d9f44e92"}
,"/Users/martinnowosad/breathe/lib/model/entity/AuthEntity.js": {"path":"/Users/martinnowosad/breathe/lib/model/entity/AuthEntity.js","statementMap":{"0":{"start":{"line":3,"column":8},"end":{"line":3,"column":33}},"1":{"start":{"line":4,"column":8},"end":{"line":4,"column":27}}},"fnMap":{"0":{"name":"(anonymous_0)","decl":{"start":{"line":2,"column":4},"end":{"line":2,"column":5}},"loc":{"start":{"line":2,"column":33},"end":{"line":5,"column":5}},"line":2}},"branchMap":{},"s":{"0":1,"1":1},"f":{"0":1},"b":{},"_coverageSchema":"332fd63041d2c1bcb487cc26dd0d5f7d97098a6c","hash":"f26bac78bb94e8ab05de2e289b62b44a820074fe"}
,"/Users/martinnowosad/breathe/lib/model/entity/ErrorEntity.js": {"path":"/Users/martinnowosad/breathe/lib/model/entity/ErrorEntity.js","statementMap":{"0":{"start":{"line":3,"column":8},"end":{"line":3,"column":25}}},"fnMap":{"0":{"name":"(anonymous_0)","decl":{"start":{"line":2,"column":4},"end":{"line":2,"column":5}},"loc":{"start":{"line":2,"column":22},"end":{"line":4,"column":5}},"line":2}},"branchMap":{},"s":{"0":0},"f":{"0":0},"b":{},"_coverageSchema":"332fd63041d2c1bcb487cc26dd0d5f7d97098a6c","hash":"909421adb7c46ac986645fdbdfb50f65f8151e17"}
,"/Users/martinnowosad/breathe/lib/model/request/AbstractRequest.js": {"path":"/Users/martinnowosad/breathe/lib/model/request/AbstractRequest.js","statementMap":{"0":{"start":{"line":3,"column":8},"end":{"line":3,"column":30}},"1":{"start":{"line":6,"column":8},"end":{"line":6,"column":34}}},"fnMap":{"0":{"name":"(anonymous_0)","decl":{"start":{"line":2,"column":4},"end":{"line":2,"column":5}},"loc":{"start":{"line":2,"column":18},"end":{"line":4,"column":5}},"line":2},"1":{"name":"(anonymous_1)","decl":{"start":{"line":5,"column":4},"end":{"line":5,"column":5}},"loc":{"start":{"line":5,"column":15},"end":{"line":7,"column":5}},"line":5}},"branchMap":{},"s":{"0":4,"1":0},"f":{"0":4,"1":0},"b":{},"_coverageSchema":"332fd63041d2c1bcb487cc26dd0d5f7d97098a6c","hash":"ac58e6e6c58c724dd9f174b4457c4d34676889cc"}
,"/Users/martinnowosad/breathe/lib/utils/Constants.js": {"path":"/Users/martinnowosad/breathe/lib/utils/Constants.js","statementMap":{"0":{"start":{"line":3,"column":0},"end":{"line":3,"column":38}},"1":{"start":{"line":4,"column":0},"end":{"line":4,"column":41}}},"fnMap":{},"branchMap":{},"s":{"0":2,"1":2},"f":{},"b":{},"_coverageSchema":"332fd63041d2c1bcb487cc26dd0d5f7d97098a6c","hash":"16db03ea40537de6ff4f7bd16830402112701978"}
}
