{"/Users/martinnowosad/breathe/lib/app/MainWindow.js": {"path":"/Users/martinnowosad/breathe/lib/app/MainWindow.js","statementMap":{"0":{"start":{"line":6,"column":8},"end":{"line":6,"column":21}},"1":{"start":{"line":7,"column":8},"end":{"line":40,"column":11}},"2":{"start":{"line":43,"column":8},"end":{"line":53,"column":94}}},"fnMap":{"0":{"name":"(anonymous_0)","decl":{"start":{"line":5,"column":4},"end":{"line":5,"column":5}},"loc":{"start":{"line":5,"column":23},"end":{"line":41,"column":5}},"line":5},"1":{"name":"(anonymous_1)","decl":{"start":{"line":42,"column":4},"end":{"line":42,"column":5}},"loc":{"start":{"line":42,"column":13},"end":{"line":54,"column":5}},"line":42},"2":{"name":"(anonymous_2)","decl":{"start":{"line":49,"column":73},"end":{"line":49,"column":74}},"loc":{"start":{"line":49,"column":79},"end":{"line":50,"column":29}},"line":49}},"branchMap":{},"s":{"0":0,"1":0,"2":0},"f":{"0":0,"1":0,"2":0},"b":{},"_coverageSchema":"332fd63041d2c1bcb487cc26dd0d5f7d97098a6c","hash":"67dc1575f14c5f5a5840c4a88d75c1a76695a9f3"}
,"/Users/martinnowosad/breathe/lib/app/common/AbstractController.js": {"path":"/Users/martinnowosad/breathe/lib/app/common/AbstractController.js","statementMap":{"0":{"start":{"line":3,"column":8},"end":{"line":3,"column":35}},"1":{"start":{"line":4,"column":8},"end":{"line":4,"column":39}},"2":{"start":{"line":5,"column":8},"end":{"line":5,"column":31}},"3":{"start":{"line":8,"column":8},"end":{"line":8,"column":43}},"4":{"start":{"line":12,"column":8},"end":{"line":12,"column":46}},"5":{"start":{"line":16,"column":8},"end":{"line":16,"column":44}},"6":{"start":{"line":19,"column":30},"end":{"line":19,"column":63}},"7":{"start":{"line":20,"column":8},"end":{"line":20,"column":47}},"8":{"start":{"line":24,"column":8},"end":{"line":24,"column":35}}},"fnMap":{"0":{"name":"(anonymous_0)","decl":{"start":{"line":2,"column":4},"end":{"line":2,"column":5}},"loc":{"start":{"line":2,"column":40},"end":{"line":6,"column":5}},"line":2},"1":{"name":"(anonymous_1)","decl":{"start":{"line":7,"column":4},"end":{"line":7,"column":5}},"loc":{"start":{"line":7,"column":22},"end":{"line":9,"column":5}},"line":7},"2":{"name":"(anonymous_2)","decl":{"start":{"line":11,"column":4},"end":{"line":11,"column":5}},"loc":{"start":{"line":11,"column":26},"end":{"line":13,"column":5}},"line":11},"3":{"name":"(anonymous_3)","decl":{"start":{"line":15,"column":4},"end":{"line":15,"column":5}},"loc":{"start":{"line":15,"column":17},"end":{"line":17,"column":5}},"line":15},"4":{"name":"(anonymous_4)","decl":{"start":{"line":18,"column":4},"end":{"line":18,"column":5}},"loc":{"start":{"line":18,"column":26},"end":{"line":21,"column":5}},"line":18},"5":{"name":"(anonymous_5)","decl":{"start":{"line":23,"column":4},"end":{"line":23,"column":5}},"loc":{"start":{"line":23,"column":20},"end":{"line":25,"column":5}},"line":23}},"branchMap":{},"s":{"0":1,"1":1,"2":1,"3":1,"4":0,"5":5,"6":0,"7":0,"8":0},"f":{"0":1,"1":1,"2":0,"3":5,"4":0,"5":0},"b":{},"_coverageSchema":"332fd63041d2c1bcb487cc26dd0d5f7d97098a6c","hash":"cd704fa01562784d7243532e0722643b9a06a0b1"}
,"/Users/martinnowosad/breathe/lib/app/common/RequireAuthComponent.js": {"path":"/Users/martinnowosad/breathe/lib/app/common/RequireAuthComponent.js","statementMap":{"0":{"start":{"line":5,"column":22},"end":{"line":36,"column":2}},"1":{"start":{"line":39,"column":8},"end":{"line":39,"column":21}},"2":{"start":{"line":40,"column":8},"end":{"line":40,"column":40}},"3":{"start":{"line":43,"column":8},"end":{"line":50,"column":58}},"4":{"start":{"line":48,"column":24},"end":{"line":48,"column":51}},"5":{"start":{"line":49,"column":24},"end":{"line":49,"column":61}},"6":{"start":{"line":55,"column":8},"end":{"line":55,"column":21}},"7":{"start":{"line":56,"column":8},"end":{"line":56,"column":39}},"8":{"start":{"line":57,"column":8},"end":{"line":57,"column":37}},"9":{"start":{"line":58,"column":8},"end":{"line":58,"column":74}},"10":{"start":{"line":59,"column":8},"end":{"line":59,"column":104}},"11":{"start":{"line":60,"column":8},"end":{"line":60,"column":55}},"12":{"start":{"line":61,"column":8},"end":{"line":61,"column":48}},"13":{"start":{"line":62,"column":8},"end":{"line":62,"column":83}},"14":{"start":{"line":65,"column":8},"end":{"line":85,"column":93}},"15":{"start":{"line":69,"column":24},"end":{"line":69,"column":39}},"16":{"start":{"line":73,"column":24},"end":{"line":73,"column":42}},"17":{"start":{"line":77,"column":24},"end":{"line":77,"column":42}},"18":{"start":{"line":80,"column":20},"end":{"line":80,"column":80}},"19":{"start":{"line":83,"column":20},"end":{"line":83,"column":57}},"20":{"start":{"line":88,"column":8},"end":{"line":105,"column":93}},"21":{"start":{"line":92,"column":24},"end":{"line":92,"column":39}},"22":{"start":{"line":96,"column":24},"end":{"line":96,"column":42}},"23":{"start":{"line":100,"column":20},"end":{"line":100,"column":65}},"24":{"start":{"line":103,"column":20},"end":{"line":103,"column":56}},"25":{"start":{"line":108,"column":8},"end":{"line":110,"column":58}}},"fnMap":{"0":{"name":"(anonymous_0)","decl":{"start":{"line":38,"column":4},"end":{"line":38,"column":5}},"loc":{"start":{"line":38,"column":23},"end":{"line":41,"column":5}},"line":38},"1":{"name":"(anonymous_1)","decl":{"start":{"line":42,"column":4},"end":{"line":42,"column":5}},"loc":{"start":{"line":42,"column":13},"end":{"line":51,"column":5}},"line":42},"2":{"name":"(anonymous_2)","decl":{"start":{"line":47,"column":217},"end":{"line":47,"column":218}},"loc":{"start":{"line":47,"column":228},"end":{"line":50,"column":21}},"line":47},"3":{"name":"(anonymous_3)","decl":{"start":{"line":54,"column":4},"end":{"line":54,"column":5}},"loc":{"start":{"line":54,"column":23},"end":{"line":63,"column":5}},"line":54},"4":{"name":"(anonymous_4)","decl":{"start":{"line":64,"column":4},"end":{"line":64,"column":5}},"loc":{"start":{"line":64,"column":17},"end":{"line":86,"column":5}},"line":64},"5":{"name":"(anonymous_5)","decl":{"start":{"line":68,"column":75},"end":{"line":68,"column":76}},"loc":{"start":{"line":68,"column":82},"end":{"line":70,"column":21}},"line":68},"6":{"name":"(anonymous_6)","decl":{"start":{"line":72,"column":78},"end":{"line":72,"column":79}},"loc":{"start":{"line":72,"column":85},"end":{"line":74,"column":21}},"line":72},"7":{"name":"(anonymous_7)","decl":{"start":{"line":76,"column":78},"end":{"line":76,"column":79}},"loc":{"start":{"line":76,"column":85},"end":{"line":78,"column":21}},"line":76},"8":{"name":"(anonymous_8)","decl":{"start":{"line":79,"column":79},"end":{"line":79,"column":80}},"loc":{"start":{"line":79,"column":85},"end":{"line":81,"column":17}},"line":79},"9":{"name":"(anonymous_9)","decl":{"start":{"line":82,"column":61},"end":{"line":82,"column":62}},"loc":{"start":{"line":82,"column":67},"end":{"line":84,"column":17}},"line":82},"10":{"name":"(anonymous_10)","decl":{"start":{"line":87,"column":4},"end":{"line":87,"column":5}},"loc":{"start":{"line":87,"column":17},"end":{"line":106,"column":5}},"line":87},"11":{"name":"(anonymous_11)","decl":{"start":{"line":91,"column":86},"end":{"line":91,"column":87}},"loc":{"start":{"line":91,"column":93},"end":{"line":93,"column":21}},"line":91},"12":{"name":"(anonymous_12)","decl":{"start":{"line":95,"column":78},"end":{"line":95,"column":79}},"loc":{"start":{"line":95,"column":85},"end":{"line":97,"column":21}},"line":95},"13":{"name":"(anonymous_13)","decl":{"start":{"line":99,"column":79},"end":{"line":99,"column":80}},"loc":{"start":{"line":99,"column":85},"end":{"line":101,"column":17}},"line":99},"14":{"name":"(anonymous_14)","decl":{"start":{"line":102,"column":61},"end":{"line":102,"column":62}},"loc":{"start":{"line":102,"column":67},"end":{"line":104,"column":17}},"line":102},"15":{"name":"(anonymous_15)","decl":{"start":{"line":107,"column":4},"end":{"line":107,"column":5}},"loc":{"start":{"line":107,"column":13},"end":{"line":111,"column":5}},"line":107}},"branchMap":{"0":{"loc":{"start":{"line":109,"column":12},"end":{"line":109,"column":54}},"type":"binary-expr","locations":[{"start":{"line":109,"column":12},"end":{"line":109,"column":33}},{"start":{"line":109,"column":37},"end":{"line":109,"column":54}}],"line":109},"1":{"loc":{"start":{"line":110,"column":12},"end":{"line":110,"column":55}},"type":"binary-expr","locations":[{"start":{"line":110,"column":12},"end":{"line":110,"column":34}},{"start":{"line":110,"column":38},"end":{"line":110,"column":55}}],"line":110}},"s":{"0":1,"1":0,"2":0,"3":0,"4":0,"5":0,"6":0,"7":0,"8":0,"9":0,"10":0,"11":0,"12":0,"13":0,"14":0,"15":0,"16":0,"17":0,"18":0,"19":0,"20":0,"21":0,"22":0,"23":0,"24":0,"25":0},"f":{"0":0,"1":0,"2":0,"3":0,"4":0,"5":0,"6":0,"7":0,"8":0,"9":0,"10":0,"11":0,"12":0,"13":0,"14":0,"15":0},"b":{"0":[0,0],"1":[0,0]},"_coverageSchema":"332fd63041d2c1bcb487cc26dd0d5f7d97098a6c","hash":"b9ca771c33ad2df718dc6942d81c78a8af5aa5cf"}
,"/Users/martinnowosad/breathe/lib/app/globals/AuthAction.js": {"path":"/Users/martinnowosad/breathe/lib/app/globals/AuthAction.js","statementMap":{"0":{"start":{"line":1,"column":16},"end":{"line":8,"column":1}},"1":{"start":{"line":2,"column":4},"end":{"line":7,"column":7}},"2":{"start":{"line":3,"column":36},"end":{"line":3,"column":97}},"3":{"start":{"line":3,"column":42},"end":{"line":3,"column":70}},"4":{"start":{"line":3,"column":85},"end":{"line":3,"column":95}},"5":{"start":{"line":4,"column":35},"end":{"line":4,"column":100}},"6":{"start":{"line":4,"column":41},"end":{"line":4,"column":73}},"7":{"start":{"line":4,"column":88},"end":{"line":4,"column":98}},"8":{"start":{"line":5,"column":32},"end":{"line":5,"column":149}},"9":{"start":{"line":5,"column":97},"end":{"line":5,"column":119}},"10":{"start":{"line":6,"column":8},"end":{"line":6,"column":78}},"11":{"start":{"line":12,"column":8},"end":{"line":12,"column":39}},"12":{"start":{"line":15,"column":8},"end":{"line":26,"column":11}},"13":{"start":{"line":16,"column":12},"end":{"line":25,"column":15}},"14":{"start":{"line":17,"column":16},"end":{"line":20,"column":45}},"15":{"start":{"line":18,"column":20},"end":{"line":18,"column":45}},"16":{"start":{"line":20,"column":20},"end":{"line":20,"column":45}},"17":{"start":{"line":22,"column":16},"end":{"line":22,"column":30}},"18":{"start":{"line":24,"column":16},"end":{"line":24,"column":30}},"19":{"start":{"line":29,"column":8},"end":{"line":35,"column":11}},"20":{"start":{"line":30,"column":12},"end":{"line":34,"column":15}},"21":{"start":{"line":31,"column":16},"end":{"line":31,"column":32}},"22":{"start":{"line":33,"column":16},"end":{"line":33,"column":30}},"23":{"start":{"line":38,"column":8},"end":{"line":48,"column":11}},"24":{"start":{"line":39,"column":12},"end":{"line":47,"column":15}},"25":{"start":{"line":40,"column":16},"end":{"line":46,"column":19}},"26":{"start":{"line":41,"column":20},"end":{"line":41,"column":34}},"27":{"start":{"line":43,"column":20},"end":{"line":43,"column":35}},"28":{"start":{"line":45,"column":20},"end":{"line":45,"column":35}},"29":{"start":{"line":51,"column":8},"end":{"line":62,"column":11}},"30":{"start":{"line":52,"column":12},"end":{"line":61,"column":15}},"31":{"start":{"line":53,"column":16},"end":{"line":56,"column":34}},"32":{"start":{"line":54,"column":20},"end":{"line":54,"column":34}},"33":{"start":{"line":56,"column":20},"end":{"line":56,"column":34}},"34":{"start":{"line":58,"column":16},"end":{"line":58,"column":30}},"35":{"start":{"line":60,"column":16},"end":{"line":60,"column":30}}},"fnMap":{"0":{"name":"(anonymous_0)","decl":{"start":{"line":1,"column":44},"end":{"line":1,"column":45}},"loc":{"start":{"line":1,"column":89},"end":{"line":8,"column":1}},"line":1},"1":{"name":"(anonymous_1)","decl":{"start":{"line":2,"column":36},"end":{"line":2,"column":37}},"loc":{"start":{"line":2,"column":63},"end":{"line":7,"column":5}},"line":2},"2":{"name":"fulfilled","decl":{"start":{"line":3,"column":17},"end":{"line":3,"column":26}},"loc":{"start":{"line":3,"column":34},"end":{"line":3,"column":99}},"line":3},"3":{"name":"rejected","decl":{"start":{"line":4,"column":17},"end":{"line":4,"column":25}},"loc":{"start":{"line":4,"column":33},"end":{"line":4,"column":102}},"line":4},"4":{"name":"step","decl":{"start":{"line":5,"column":17},"end":{"line":5,"column":21}},"loc":{"start":{"line":5,"column":30},"end":{"line":5,"column":151}},"line":5},"5":{"name":"(anonymous_5)","decl":{"start":{"line":5,"column":76},"end":{"line":5,"column":77}},"loc":{"start":{"line":5,"column":95},"end":{"line":5,"column":121}},"line":5},"6":{"name":"(anonymous_6)","decl":{"start":{"line":11,"column":4},"end":{"line":11,"column":5}},"loc":{"start":{"line":11,"column":65},"end":{"line":13,"column":5}},"line":11},"7":{"name":"(anonymous_7)","decl":{"start":{"line":14,"column":4},"end":{"line":14,"column":5}},"loc":{"start":{"line":14,"column":28},"end":{"line":27,"column":5}},"line":14},"8":{"name":"(anonymous_8)","decl":{"start":{"line":15,"column":27},"end":{"line":15,"column":28}},"loc":{"start":{"line":15,"column":48},"end":{"line":26,"column":9}},"line":15},"9":{"name":"(anonymous_9)","decl":{"start":{"line":16,"column":58},"end":{"line":16,"column":59}},"loc":{"start":{"line":16,"column":70},"end":{"line":21,"column":13}},"line":16},"10":{"name":"(anonymous_10)","decl":{"start":{"line":21,"column":15},"end":{"line":21,"column":16}},"loc":{"start":{"line":21,"column":26},"end":{"line":23,"column":13}},"line":21},"11":{"name":"(anonymous_11)","decl":{"start":{"line":23,"column":21},"end":{"line":23,"column":22}},"loc":{"start":{"line":23,"column":32},"end":{"line":25,"column":13}},"line":23},"12":{"name":"(anonymous_12)","decl":{"start":{"line":28,"column":4},"end":{"line":28,"column":5}},"loc":{"start":{"line":28,"column":43},"end":{"line":36,"column":5}},"line":28},"13":{"name":"(anonymous_13)","decl":{"start":{"line":29,"column":27},"end":{"line":29,"column":28}},"loc":{"start":{"line":29,"column":48},"end":{"line":35,"column":9}},"line":29},"14":{"name":"(anonymous_14)","decl":{"start":{"line":30,"column":78},"end":{"line":30,"column":79}},"loc":{"start":{"line":30,"column":90},"end":{"line":32,"column":13}},"line":30},"15":{"name":"(anonymous_15)","decl":{"start":{"line":32,"column":15},"end":{"line":32,"column":16}},"loc":{"start":{"line":32,"column":26},"end":{"line":34,"column":13}},"line":32},"16":{"name":"(anonymous_16)","decl":{"start":{"line":37,"column":4},"end":{"line":37,"column":5}},"loc":{"start":{"line":37,"column":23},"end":{"line":49,"column":5}},"line":37},"17":{"name":"(anonymous_17)","decl":{"start":{"line":38,"column":47},"end":{"line":38,"column":48}},"loc":{"start":{"line":38,"column":60},"end":{"line":48,"column":9}},"line":38},"18":{"name":"(anonymous_18)","decl":{"start":{"line":39,"column":31},"end":{"line":39,"column":32}},"loc":{"start":{"line":39,"column":53},"end":{"line":47,"column":13}},"line":39},"19":{"name":"(anonymous_19)","decl":{"start":{"line":40,"column":56},"end":{"line":40,"column":57}},"loc":{"start":{"line":40,"column":69},"end":{"line":42,"column":17}},"line":40},"20":{"name":"(anonymous_20)","decl":{"start":{"line":42,"column":19},"end":{"line":42,"column":20}},"loc":{"start":{"line":42,"column":31},"end":{"line":44,"column":17}},"line":42},"21":{"name":"(anonymous_21)","decl":{"start":{"line":44,"column":25},"end":{"line":44,"column":26}},"loc":{"start":{"line":44,"column":37},"end":{"line":46,"column":17}},"line":44},"22":{"name":"(anonymous_22)","decl":{"start":{"line":50,"column":4},"end":{"line":50,"column":5}},"loc":{"start":{"line":50,"column":24},"end":{"line":63,"column":5}},"line":50},"23":{"name":"(anonymous_23)","decl":{"start":{"line":51,"column":27},"end":{"line":51,"column":28}},"loc":{"start":{"line":51,"column":48},"end":{"line":62,"column":9}},"line":51},"24":{"name":"(anonymous_24)","decl":{"start":{"line":52,"column":52},"end":{"line":52,"column":53}},"loc":{"start":{"line":52,"column":64},"end":{"line":57,"column":13}},"line":52},"25":{"name":"(anonymous_25)","decl":{"start":{"line":57,"column":15},"end":{"line":57,"column":16}},"loc":{"start":{"line":57,"column":26},"end":{"line":59,"column":13}},"line":57},"26":{"name":"(anonymous_26)","decl":{"start":{"line":59,"column":21},"end":{"line":59,"column":22}},"loc":{"start":{"line":59,"column":32},"end":{"line":61,"column":13}},"line":59}},"branchMap":{"0":{"loc":{"start":{"line":1,"column":16},"end":{"line":8,"column":1}},"type":"binary-expr","locations":[{"start":{"line":1,"column":17},"end":{"line":1,"column":21}},{"start":{"line":1,"column":25},"end":{"line":1,"column":39}},{"start":{"line":1,"column":44},"end":{"line":8,"column":1}}],"line":1},"1":{"loc":{"start":{"line":2,"column":16},"end":{"line":2,"column":34}},"type":"binary-expr","locations":[{"start":{"line":2,"column":16},"end":{"line":2,"column":17}},{"start":{"line":2,"column":22},"end":{"line":2,"column":33}}],"line":2},"2":{"loc":{"start":{"line":5,"column":32},"end":{"line":5,"column":148}},"type":"cond-expr","locations":[{"start":{"line":5,"column":46},"end":{"line":5,"column":67}},{"start":{"line":5,"column":70},"end":{"line":5,"column":148}}],"line":5},"3":{"loc":{"start":{"line":6,"column":51},"end":{"line":6,"column":67}},"type":"binary-expr","locations":[{"start":{"line":6,"column":51},"end":{"line":6,"column":61}},{"start":{"line":6,"column":65},"end":{"line":6,"column":67}}],"line":6},"4":{"loc":{"start":{"line":11,"column":16},"end":{"line":11,"column":63}},"type":"default-arg","locations":[{"start":{"line":11,"column":30},"end":{"line":11,"column":63}}],"line":11},"5":{"loc":{"start":{"line":17,"column":16},"end":{"line":20,"column":45}},"type":"if","locations":[{"start":{"line":17,"column":16},"end":{"line":20,"column":45}},{"start":{"line":17,"column":16},"end":{"line":20,"column":45}}],"line":17},"6":{"loc":{"start":{"line":53,"column":16},"end":{"line":56,"column":34}},"type":"if","locations":[{"start":{"line":53,"column":16},"end":{"line":56,"column":34}},{"start":{"line":53,"column":16},"end":{"line":56,"column":34}}],"line":53}},"s":{"0":2,"1":2,"2":0,"3":0,"4":0,"5":0,"6":0,"7":0,"8":2,"9":0,"10":2,"11":1,"12":2,"13":2,"14":1,"15":1,"16":0,"17":1,"18":0,"19":2,"20":2,"21":1,"22":1,"23":2,"24":2,"25":2,"26":1,"27":1,"28":0,"29":2,"30":2,"31":1,"32":1,"33":0,"34":1,"35":0},"f":{"0":2,"1":2,"2":0,"3":0,"4":2,"5":0,"6":1,"7":2,"8":2,"9":1,"10":1,"11":0,"12":2,"13":2,"14":1,"15":1,"16":2,"17":2,"18":2,"19":1,"20":1,"21":0,"22":2,"23":2,"24":1,"25":1,"26":0},"b":{"0":[2,2,2],"1":[2,2],"2":[2,0],"3":[2,2],"4":[0],"5":[1,0],"6":[1,0]},"_coverageSchema":"332fd63041d2c1bcb487cc26dd0d5f7d97098a6c","hash":"8ae2877c6eb1be370be5df5c5dd1b7135ff6efbd"}
,"/Users/martinnowosad/breathe/lib/app/globals/AuthController.js": {"path":"/Users/martinnowosad/breathe/lib/app/globals/AuthController.js","statementMap":{"0":{"start":{"line":1,"column":16},"end":{"line":8,"column":1}},"1":{"start":{"line":2,"column":4},"end":{"line":7,"column":7}},"2":{"start":{"line":3,"column":36},"end":{"line":3,"column":97}},"3":{"start":{"line":3,"column":42},"end":{"line":3,"column":70}},"4":{"start":{"line":3,"column":85},"end":{"line":3,"column":95}},"5":{"start":{"line":4,"column":35},"end":{"line":4,"column":100}},"6":{"start":{"line":4,"column":41},"end":{"line":4,"column":73}},"7":{"start":{"line":4,"column":88},"end":{"line":4,"column":98}},"8":{"start":{"line":5,"column":32},"end":{"line":5,"column":149}},"9":{"start":{"line":5,"column":97},"end":{"line":5,"column":119}},"10":{"start":{"line":6,"column":8},"end":{"line":6,"column":78}},"11":{"start":{"line":13,"column":8},"end":{"line":13,"column":32}},"12":{"start":{"line":14,"column":8},"end":{"line":14,"column":37}},"13":{"start":{"line":15,"column":8},"end":{"line":15,"column":57}},"14":{"start":{"line":16,"column":8},"end":{"line":16,"column":53}},"15":{"start":{"line":17,"column":8},"end":{"line":17,"column":44}},"16":{"start":{"line":20,"column":8},"end":{"line":43,"column":11}},"17":{"start":{"line":21,"column":12},"end":{"line":21,"column":48}},"18":{"start":{"line":22,"column":12},"end":{"line":42,"column":15}},"19":{"start":{"line":23,"column":16},"end":{"line":37,"column":19}},"20":{"start":{"line":24,"column":20},"end":{"line":32,"column":42}},"21":{"start":{"line":25,"column":24},"end":{"line":29,"column":27}},"22":{"start":{"line":32,"column":24},"end":{"line":32,"column":42}},"23":{"start":{"line":34,"column":20},"end":{"line":34,"column":38}},"24":{"start":{"line":36,"column":20},"end":{"line":36,"column":38}},"25":{"start":{"line":39,"column":16},"end":{"line":39,"column":34}},"26":{"start":{"line":41,"column":16},"end":{"line":41,"column":34}},"27":{"start":{"line":46,"column":8},"end":{"line":51,"column":11}},"28":{"start":{"line":54,"column":8},"end":{"line":60,"column":11}},"29":{"start":{"line":55,"column":12},"end":{"line":59,"column":15}},"30":{"start":{"line":56,"column":16},"end":{"line":56,"column":32}},"31":{"start":{"line":58,"column":16},"end":{"line":58,"column":30}},"32":{"start":{"line":63,"column":8},"end":{"line":68,"column":10}},"33":{"start":{"line":71,"column":8},"end":{"line":76,"column":10}},"34":{"start":{"line":77,"column":8},"end":{"line":77,"column":26}},"35":{"start":{"line":80,"column":8},"end":{"line":80,"column":26}},"36":{"start":{"line":83,"column":8},"end":{"line":83,"column":64}},"37":{"start":{"line":84,"column":8},"end":{"line":84,"column":26}}},"fnMap":{"0":{"name":"(anonymous_0)","decl":{"start":{"line":1,"column":44},"end":{"line":1,"column":45}},"loc":{"start":{"line":1,"column":89},"end":{"line":8,"column":1}},"line":1},"1":{"name":"(anonymous_1)","decl":{"start":{"line":2,"column":36},"end":{"line":2,"column":37}},"loc":{"start":{"line":2,"column":63},"end":{"line":7,"column":5}},"line":2},"2":{"name":"fulfilled","decl":{"start":{"line":3,"column":17},"end":{"line":3,"column":26}},"loc":{"start":{"line":3,"column":34},"end":{"line":3,"column":99}},"line":3},"3":{"name":"rejected","decl":{"start":{"line":4,"column":17},"end":{"line":4,"column":25}},"loc":{"start":{"line":4,"column":33},"end":{"line":4,"column":102}},"line":4},"4":{"name":"step","decl":{"start":{"line":5,"column":17},"end":{"line":5,"column":21}},"loc":{"start":{"line":5,"column":30},"end":{"line":5,"column":151}},"line":5},"5":{"name":"(anonymous_5)","decl":{"start":{"line":5,"column":76},"end":{"line":5,"column":77}},"loc":{"start":{"line":5,"column":95},"end":{"line":5,"column":121}},"line":5},"6":{"name":"(anonymous_6)","decl":{"start":{"line":12,"column":4},"end":{"line":12,"column":5}},"loc":{"start":{"line":12,"column":46},"end":{"line":18,"column":5}},"line":12},"7":{"name":"(anonymous_7)","decl":{"start":{"line":19,"column":4},"end":{"line":19,"column":5}},"loc":{"start":{"line":19,"column":28},"end":{"line":44,"column":5}},"line":19},"8":{"name":"(anonymous_8)","decl":{"start":{"line":20,"column":47},"end":{"line":20,"column":48}},"loc":{"start":{"line":20,"column":60},"end":{"line":43,"column":9}},"line":20},"9":{"name":"(anonymous_9)","decl":{"start":{"line":22,"column":63},"end":{"line":22,"column":64}},"loc":{"start":{"line":22,"column":75},"end":{"line":38,"column":13}},"line":22},"10":{"name":"(anonymous_10)","decl":{"start":{"line":23,"column":47},"end":{"line":23,"column":48}},"loc":{"start":{"line":23,"column":66},"end":{"line":33,"column":17}},"line":23},"11":{"name":"(anonymous_11)","decl":{"start":{"line":33,"column":19},"end":{"line":33,"column":20}},"loc":{"start":{"line":33,"column":44},"end":{"line":35,"column":17}},"line":33},"12":{"name":"(anonymous_12)","decl":{"start":{"line":35,"column":25},"end":{"line":35,"column":26}},"loc":{"start":{"line":35,"column":31},"end":{"line":37,"column":17}},"line":35},"13":{"name":"(anonymous_13)","decl":{"start":{"line":38,"column":15},"end":{"line":38,"column":16}},"loc":{"start":{"line":38,"column":22},"end":{"line":40,"column":13}},"line":38},"14":{"name":"(anonymous_14)","decl":{"start":{"line":40,"column":21},"end":{"line":40,"column":22}},"loc":{"start":{"line":40,"column":27},"end":{"line":42,"column":13}},"line":40},"15":{"name":"(anonymous_15)","decl":{"start":{"line":45,"column":4},"end":{"line":45,"column":5}},"loc":{"start":{"line":45,"column":17},"end":{"line":52,"column":5}},"line":45},"16":{"name":"(anonymous_16)","decl":{"start":{"line":53,"column":4},"end":{"line":53,"column":5}},"loc":{"start":{"line":53,"column":24},"end":{"line":61,"column":5}},"line":53},"17":{"name":"(anonymous_17)","decl":{"start":{"line":54,"column":27},"end":{"line":54,"column":28}},"loc":{"start":{"line":54,"column":48},"end":{"line":60,"column":9}},"line":54},"18":{"name":"(anonymous_18)","decl":{"start":{"line":55,"column":53},"end":{"line":55,"column":54}},"loc":{"start":{"line":55,"column":65},"end":{"line":57,"column":13}},"line":55},"19":{"name":"(anonymous_19)","decl":{"start":{"line":57,"column":15},"end":{"line":57,"column":16}},"loc":{"start":{"line":57,"column":26},"end":{"line":59,"column":13}},"line":57},"20":{"name":"(anonymous_20)","decl":{"start":{"line":62,"column":4},"end":{"line":62,"column":5}},"loc":{"start":{"line":62,"column":22},"end":{"line":69,"column":5}},"line":62},"21":{"name":"(anonymous_21)","decl":{"start":{"line":70,"column":4},"end":{"line":70,"column":5}},"loc":{"start":{"line":70,"column":37},"end":{"line":78,"column":5}},"line":70},"22":{"name":"(anonymous_22)","decl":{"start":{"line":79,"column":4},"end":{"line":79,"column":5}},"loc":{"start":{"line":79,"column":15},"end":{"line":81,"column":5}},"line":79},"23":{"name":"(anonymous_23)","decl":{"start":{"line":82,"column":4},"end":{"line":82,"column":5}},"loc":{"start":{"line":82,"column":24},"end":{"line":85,"column":5}},"line":82}},"branchMap":{"0":{"loc":{"start":{"line":1,"column":16},"end":{"line":8,"column":1}},"type":"binary-expr","locations":[{"start":{"line":1,"column":17},"end":{"line":1,"column":21}},{"start":{"line":1,"column":25},"end":{"line":1,"column":39}},{"start":{"line":1,"column":44},"end":{"line":8,"column":1}}],"line":1},"1":{"loc":{"start":{"line":2,"column":16},"end":{"line":2,"column":34}},"type":"binary-expr","locations":[{"start":{"line":2,"column":16},"end":{"line":2,"column":17}},{"start":{"line":2,"column":22},"end":{"line":2,"column":33}}],"line":2},"2":{"loc":{"start":{"line":5,"column":32},"end":{"line":5,"column":148}},"type":"cond-expr","locations":[{"start":{"line":5,"column":46},"end":{"line":5,"column":67}},{"start":{"line":5,"column":70},"end":{"line":5,"column":148}}],"line":5},"3":{"loc":{"start":{"line":6,"column":51},"end":{"line":6,"column":67}},"type":"binary-expr","locations":[{"start":{"line":6,"column":51},"end":{"line":6,"column":61}},{"start":{"line":6,"column":65},"end":{"line":6,"column":67}}],"line":6},"4":{"loc":{"start":{"line":24,"column":20},"end":{"line":32,"column":42}},"type":"if","locations":[{"start":{"line":24,"column":20},"end":{"line":32,"column":42}},{"start":{"line":24,"column":20},"end":{"line":32,"column":42}}],"line":24},"5":{"loc":{"start":{"line":72,"column":30},"end":{"line":72,"column":97}},"type":"binary-expr","locations":[{"start":{"line":72,"column":30},"end":{"line":72,"column":65}},{"start":{"line":72,"column":69},"end":{"line":72,"column":97}}],"line":72}},"s":{"0":1,"1":5,"2":5,"3":5,"4":0,"5":0,"6":0,"7":0,"8":10,"9":5,"10":5,"11":1,"12":1,"13":1,"14":1,"15":1,"16":5,"17":5,"18":5,"19":3,"20":2,"21":2,"22":0,"23":1,"24":0,"25":2,"26":0,"27":3,"28":3,"29":3,"30":2,"31":1,"32":12,"33":0,"34":0,"35":10,"36":5,"37":5},"f":{"0":5,"1":5,"2":5,"3":0,"4":10,"5":5,"6":1,"7":5,"8":5,"9":3,"10":2,"11":1,"12":0,"13":2,"14":0,"15":3,"16":3,"17":3,"18":2,"19":1,"20":12,"21":0,"22":10,"23":5},"b":{"0":[1,1,1],"1":[5,5],"2":[5,5],"3":[5,5],"4":[2,0],"5":[0,0]},"_coverageSchema":"332fd63041d2c1bcb487cc26dd0d5f7d97098a6c","hash":"f469d2d7f92f7892da69f9673ade2777408d4e71"}
,"/Users/martinnowosad/breathe/lib/app/globals/BreathStore.js": {"path":"/Users/martinnowosad/breathe/lib/app/globals/BreathStore.js","statementMap":{"0":{"start":{"line":3,"column":8},"end":{"line":3,"column":35}},"1":{"start":{"line":4,"column":8},"end":{"line":4,"column":49}},"2":{"start":{"line":7,"column":8},"end":{"line":8,"column":46}},"3":{"start":{"line":8,"column":12},"end":{"line":8,"column":46}},"4":{"start":{"line":9,"column":8},"end":{"line":9,"column":29}},"5":{"start":{"line":12,"column":8},"end":{"line":22,"column":10}},"6":{"start":{"line":25,"column":8},"end":{"line":26,"column":42}},"7":{"start":{"line":26,"column":12},"end":{"line":26,"column":42}},"8":{"start":{"line":29,"column":22},"end":{"line":29,"column":54}},"9":{"start":{"line":30,"column":8},"end":{"line":31,"column":44}},"10":{"start":{"line":31,"column":12},"end":{"line":31,"column":44}},"11":{"start":{"line":34,"column":8},"end":{"line":34,"column":35}},"12":{"start":{"line":37,"column":8},"end":{"line":37,"column":56}},"13":{"start":{"line":40,"column":8},"end":{"line":43,"column":10}},"14":{"start":{"line":44,"column":8},"end":{"line":44,"column":31}},"15":{"start":{"line":47,"column":8},"end":{"line":47,"column":26}},"16":{"start":{"line":50,"column":8},"end":{"line":51,"column":48}},"17":{"start":{"line":51,"column":12},"end":{"line":51,"column":48}}},"fnMap":{"0":{"name":"(anonymous_0)","decl":{"start":{"line":2,"column":4},"end":{"line":2,"column":5}},"loc":{"start":{"line":2,"column":32},"end":{"line":5,"column":5}},"line":2},"1":{"name":"(anonymous_1)","decl":{"start":{"line":6,"column":4},"end":{"line":6,"column":5}},"loc":{"start":{"line":6,"column":25},"end":{"line":10,"column":5}},"line":6},"2":{"name":"(anonymous_2)","decl":{"start":{"line":11,"column":4},"end":{"line":11,"column":5}},"loc":{"start":{"line":11,"column":27},"end":{"line":23,"column":5}},"line":11},"3":{"name":"(anonymous_3)","decl":{"start":{"line":24,"column":4},"end":{"line":24,"column":5}},"loc":{"start":{"line":24,"column":26},"end":{"line":27,"column":5}},"line":24},"4":{"name":"(anonymous_4)","decl":{"start":{"line":28,"column":4},"end":{"line":28,"column":5}},"loc":{"start":{"line":28,"column":29},"end":{"line":32,"column":5}},"line":28},"5":{"name":"(anonymous_5)","decl":{"start":{"line":33,"column":4},"end":{"line":33,"column":5}},"loc":{"start":{"line":33,"column":28},"end":{"line":35,"column":5}},"line":33},"6":{"name":"(anonymous_6)","decl":{"start":{"line":36,"column":4},"end":{"line":36,"column":5}},"loc":{"start":{"line":36,"column":21},"end":{"line":38,"column":5}},"line":36},"7":{"name":"(anonymous_7)","decl":{"start":{"line":39,"column":4},"end":{"line":39,"column":5}},"loc":{"start":{"line":39,"column":19},"end":{"line":45,"column":5}},"line":39},"8":{"name":"(anonymous_8)","decl":{"start":{"line":46,"column":4},"end":{"line":46,"column":5}},"loc":{"start":{"line":46,"column":15},"end":{"line":48,"column":5}},"line":46},"9":{"name":"(anonymous_9)","decl":{"start":{"line":49,"column":4},"end":{"line":49,"column":5}},"loc":{"start":{"line":49,"column":22},"end":{"line":52,"column":5}},"line":49}},"branchMap":{"0":{"loc":{"start":{"line":2,"column":16},"end":{"line":2,"column":30}},"type":"default-arg","locations":[{"start":{"line":2,"column":28},"end":{"line":2,"column":30}}],"line":2},"1":{"loc":{"start":{"line":7,"column":8},"end":{"line":8,"column":46}},"type":"if","locations":[{"start":{"line":7,"column":8},"end":{"line":8,"column":46}},{"start":{"line":7,"column":8},"end":{"line":8,"column":46}}],"line":7},"2":{"loc":{"start":{"line":25,"column":8},"end":{"line":26,"column":42}},"type":"if","locations":[{"start":{"line":25,"column":8},"end":{"line":26,"column":42}},{"start":{"line":25,"column":8},"end":{"line":26,"column":42}}],"line":25},"3":{"loc":{"start":{"line":30,"column":8},"end":{"line":31,"column":44}},"type":"if","locations":[{"start":{"line":30,"column":8},"end":{"line":31,"column":44}},{"start":{"line":30,"column":8},"end":{"line":31,"column":44}}],"line":30},"4":{"loc":{"start":{"line":41,"column":21},"end":{"line":41,"column":85}},"type":"cond-expr","locations":[{"start":{"line":41,"column":51},"end":{"line":41,"column":69}},{"start":{"line":41,"column":72},"end":{"line":41,"column":85}}],"line":41},"5":{"loc":{"start":{"line":42,"column":19},"end":{"line":42,"column":77}},"type":"cond-expr","locations":[{"start":{"line":42,"column":47},"end":{"line":42,"column":63}},{"start":{"line":42,"column":66},"end":{"line":42,"column":77}}],"line":42}},"s":{"0":3,"1":3,"2":3,"3":3,"4":3,"5":3,"6":7,"7":6,"8":2,"9":2,"10":2,"11":3,"12":6,"13":5,"14":5,"15":5,"16":5,"17":2},"f":{"0":3,"1":3,"2":3,"3":7,"4":2,"5":3,"6":6,"7":5,"8":5,"9":5},"b":{"0":[3],"1":[3,0],"2":[6,1],"3":[2,0],"4":[0,5],"5":[0,5]},"_coverageSchema":"332fd63041d2c1bcb487cc26dd0d5f7d97098a6c","hash":"4ba339b99f606216dc5cb06d7610519497310240"}
,"/Users/martinnowosad/breathe/lib/app/globals/BreathStoreMerger.js": {"path":"/Users/martinnowosad/breathe/lib/app/globals/BreathStoreMerger.js","statementMap":{"0":{"start":{"line":3,"column":8},"end":{"line":3,"column":27}},"1":{"start":{"line":6,"column":8},"end":{"line":6,"column":75}},"2":{"start":{"line":9,"column":8},"end":{"line":9,"column":56}}},"fnMap":{"0":{"name":"(anonymous_0)","decl":{"start":{"line":2,"column":4},"end":{"line":2,"column":5}},"loc":{"start":{"line":2,"column":23},"end":{"line":4,"column":5}},"line":2},"1":{"name":"(anonymous_1)","decl":{"start":{"line":5,"column":4},"end":{"line":5,"column":5}},"loc":{"start":{"line":5,"column":16},"end":{"line":7,"column":5}},"line":5},"2":{"name":"(anonymous_2)","decl":{"start":{"line":8,"column":4},"end":{"line":8,"column":5}},"loc":{"start":{"line":8,"column":27},"end":{"line":10,"column":5}},"line":8}},"branchMap":{},"s":{"0":1,"1":2,"2":0},"f":{"0":1,"1":2,"2":0},"b":{},"_coverageSchema":"332fd63041d2c1bcb487cc26dd0d5f7d97098a6c","hash":"44a6f05bfe35b2841c3d7b9f1a9849de593621d7"}
,"/Users/martinnowosad/breathe/lib/app/home/HomeComponent.js": {"path":"/Users/martinnowosad/breathe/lib/app/home/HomeComponent.js","statementMap":{"0":{"start":{"line":10,"column":8},"end":{"line":10,"column":21}},"1":{"start":{"line":11,"column":8},"end":{"line":11,"column":106}},"2":{"start":{"line":12,"column":8},"end":{"line":12,"column":126}},"3":{"start":{"line":13,"column":8},"end":{"line":13,"column":45}},"4":{"start":{"line":14,"column":8},"end":{"line":14,"column":45}},"5":{"start":{"line":17,"column":8},"end":{"line":17,"column":34}},"6":{"start":{"line":20,"column":8},"end":{"line":20,"column":58}},"7":{"start":{"line":23,"column":8},"end":{"line":23,"column":48}},"8":{"start":{"line":26,"column":8},"end":{"line":26,"column":23}},"9":{"start":{"line":29,"column":8},"end":{"line":29,"column":94}},"10":{"start":{"line":32,"column":8},"end":{"line":34,"column":40}},"11":{"start":{"line":37,"column":8},"end":{"line":37,"column":29}},"12":{"start":{"line":40,"column":8},"end":{"line":44,"column":88}}},"fnMap":{"0":{"name":"(anonymous_0)","decl":{"start":{"line":9,"column":4},"end":{"line":9,"column":5}},"loc":{"start":{"line":9,"column":23},"end":{"line":15,"column":5}},"line":9},"1":{"name":"(anonymous_1)","decl":{"start":{"line":16,"column":4},"end":{"line":16,"column":5}},"loc":{"start":{"line":16,"column":25},"end":{"line":18,"column":5}},"line":16},"2":{"name":"(anonymous_2)","decl":{"start":{"line":19,"column":4},"end":{"line":19,"column":5}},"loc":{"start":{"line":19,"column":38},"end":{"line":21,"column":5}},"line":19},"3":{"name":"(anonymous_3)","decl":{"start":{"line":22,"column":4},"end":{"line":22,"column":5}},"loc":{"start":{"line":22,"column":28},"end":{"line":24,"column":5}},"line":22},"4":{"name":"(anonymous_4)","decl":{"start":{"line":25,"column":4},"end":{"line":25,"column":5}},"loc":{"start":{"line":25,"column":28},"end":{"line":27,"column":5}},"line":25},"5":{"name":"(anonymous_5)","decl":{"start":{"line":28,"column":4},"end":{"line":28,"column":5}},"loc":{"start":{"line":28,"column":21},"end":{"line":30,"column":5}},"line":28},"6":{"name":"(anonymous_6)","decl":{"start":{"line":31,"column":4},"end":{"line":31,"column":5}},"loc":{"start":{"line":31,"column":19},"end":{"line":35,"column":5}},"line":31},"7":{"name":"(anonymous_7)","decl":{"start":{"line":36,"column":4},"end":{"line":36,"column":5}},"loc":{"start":{"line":36,"column":23},"end":{"line":38,"column":5}},"line":36},"8":{"name":"(anonymous_8)","decl":{"start":{"line":39,"column":4},"end":{"line":39,"column":5}},"loc":{"start":{"line":39,"column":13},"end":{"line":45,"column":5}},"line":39}},"branchMap":{"0":{"loc":{"start":{"line":41,"column":12},"end":{"line":42,"column":144}},"type":"binary-expr","locations":[{"start":{"line":41,"column":12},"end":{"line":41,"column":34}},{"start":{"line":41,"column":38},"end":{"line":41,"column":63}},{"start":{"line":42,"column":16},"end":{"line":42,"column":144}}],"line":41},"1":{"loc":{"start":{"line":43,"column":12},"end":{"line":43,"column":61}},"type":"binary-expr","locations":[{"start":{"line":43,"column":12},"end":{"line":43,"column":36}},{"start":{"line":43,"column":40},"end":{"line":43,"column":61}}],"line":43},"2":{"loc":{"start":{"line":44,"column":12},"end":{"line":44,"column":85}},"type":"binary-expr","locations":[{"start":{"line":44,"column":12},"end":{"line":44,"column":33}},{"start":{"line":44,"column":37},"end":{"line":44,"column":62}},{"start":{"line":44,"column":66},"end":{"line":44,"column":85}}],"line":44}},"s":{"0":0,"1":0,"2":0,"3":0,"4":0,"5":0,"6":0,"7":0,"8":0,"9":0,"10":0,"11":0,"12":0},"f":{"0":0,"1":0,"2":0,"3":0,"4":0,"5":0,"6":0,"7":0,"8":0},"b":{"0":[0,0,0],"1":[0,0],"2":[0,0,0]},"_coverageSchema":"332fd63041d2c1bcb487cc26dd0d5f7d97098a6c","hash":"0e17623201c98f643b611f5c5bd4014f0e06ccda"}
,"/Users/martinnowosad/breathe/lib/app/home/HomeComponentController.js": {"path":"/Users/martinnowosad/breathe/lib/app/home/HomeComponentController.js","statementMap":{"0":{"start":{"line":1,"column":16},"end":{"line":8,"column":1}},"1":{"start":{"line":2,"column":4},"end":{"line":7,"column":7}},"2":{"start":{"line":3,"column":36},"end":{"line":3,"column":97}},"3":{"start":{"line":3,"column":42},"end":{"line":3,"column":70}},"4":{"start":{"line":3,"column":85},"end":{"line":3,"column":95}},"5":{"start":{"line":4,"column":35},"end":{"line":4,"column":100}},"6":{"start":{"line":4,"column":41},"end":{"line":4,"column":73}},"7":{"start":{"line":4,"column":88},"end":{"line":4,"column":98}},"8":{"start":{"line":5,"column":32},"end":{"line":5,"column":149}},"9":{"start":{"line":5,"column":97},"end":{"line":5,"column":119}},"10":{"start":{"line":6,"column":8},"end":{"line":6,"column":78}},"11":{"start":{"line":11,"column":8},"end":{"line":11,"column":35}},"12":{"start":{"line":12,"column":8},"end":{"line":12,"column":39}},"13":{"start":{"line":13,"column":8},"end":{"line":13,"column":37}},"14":{"start":{"line":16,"column":8},"end":{"line":21,"column":11}},"15":{"start":{"line":18,"column":12},"end":{"line":18,"column":124}},"16":{"start":{"line":20,"column":12},"end":{"line":20,"column":84}},"17":{"start":{"line":24,"column":8},"end":{"line":37,"column":11}},"18":{"start":{"line":25,"column":12},"end":{"line":25,"column":102}},"19":{"start":{"line":26,"column":12},"end":{"line":36,"column":15}},"20":{"start":{"line":26,"column":84},"end":{"line":34,"column":14}},"21":{"start":{"line":27,"column":16},"end":{"line":27,"column":106}},"22":{"start":{"line":28,"column":16},"end":{"line":33,"column":20}},"23":{"start":{"line":28,"column":84},"end":{"line":33,"column":18}},"24":{"start":{"line":30,"column":20},"end":{"line":30,"column":66}},"25":{"start":{"line":31,"column":20},"end":{"line":31,"column":99}},"26":{"start":{"line":32,"column":20},"end":{"line":32,"column":132}},"27":{"start":{"line":35,"column":16},"end":{"line":35,"column":37}},"28":{"start":{"line":44,"column":8},"end":{"line":64,"column":11}},"29":{"start":{"line":45,"column":12},"end":{"line":45,"column":126}},"30":{"start":{"line":46,"column":12},"end":{"line":63,"column":15}},"31":{"start":{"line":47,"column":16},"end":{"line":57,"column":17}},"32":{"start":{"line":48,"column":20},"end":{"line":55,"column":23}},"33":{"start":{"line":49,"column":24},"end":{"line":54,"column":27}},"34":{"start":{"line":56,"column":20},"end":{"line":56,"column":34}},"35":{"start":{"line":59,"column":16},"end":{"line":59,"column":129}},"36":{"start":{"line":61,"column":16},"end":{"line":61,"column":129}},"37":{"start":{"line":62,"column":16},"end":{"line":62,"column":31}}},"fnMap":{"0":{"name":"(anonymous_0)","decl":{"start":{"line":1,"column":44},"end":{"line":1,"column":45}},"loc":{"start":{"line":1,"column":89},"end":{"line":8,"column":1}},"line":1},"1":{"name":"(anonymous_1)","decl":{"start":{"line":2,"column":36},"end":{"line":2,"column":37}},"loc":{"start":{"line":2,"column":63},"end":{"line":7,"column":5}},"line":2},"2":{"name":"fulfilled","decl":{"start":{"line":3,"column":17},"end":{"line":3,"column":26}},"loc":{"start":{"line":3,"column":34},"end":{"line":3,"column":99}},"line":3},"3":{"name":"rejected","decl":{"start":{"line":4,"column":17},"end":{"line":4,"column":25}},"loc":{"start":{"line":4,"column":33},"end":{"line":4,"column":102}},"line":4},"4":{"name":"step","decl":{"start":{"line":5,"column":17},"end":{"line":5,"column":21}},"loc":{"start":{"line":5,"column":30},"end":{"line":5,"column":151}},"line":5},"5":{"name":"(anonymous_5)","decl":{"start":{"line":5,"column":76},"end":{"line":5,"column":77}},"loc":{"start":{"line":5,"column":95},"end":{"line":5,"column":121}},"line":5},"6":{"name":"(anonymous_6)","decl":{"start":{"line":10,"column":4},"end":{"line":10,"column":5}},"loc":{"start":{"line":10,"column":52},"end":{"line":14,"column":5}},"line":10},"7":{"name":"(anonymous_7)","decl":{"start":{"line":15,"column":4},"end":{"line":15,"column":5}},"loc":{"start":{"line":15,"column":25},"end":{"line":22,"column":5}},"line":15},"8":{"name":"(anonymous_8)","decl":{"start":{"line":16,"column":51},"end":{"line":16,"column":52}},"loc":{"start":{"line":16,"column":64},"end":{"line":19,"column":9}},"line":16},"9":{"name":"(anonymous_9)","decl":{"start":{"line":19,"column":11},"end":{"line":19,"column":12}},"loc":{"start":{"line":19,"column":22},"end":{"line":21,"column":9}},"line":19},"10":{"name":"(anonymous_10)","decl":{"start":{"line":23,"column":4},"end":{"line":23,"column":5}},"loc":{"start":{"line":23,"column":35},"end":{"line":38,"column":5}},"line":23},"11":{"name":"(anonymous_11)","decl":{"start":{"line":24,"column":47},"end":{"line":24,"column":48}},"loc":{"start":{"line":24,"column":60},"end":{"line":37,"column":9}},"line":24},"12":{"name":"(anonymous_12)","decl":{"start":{"line":26,"column":72},"end":{"line":26,"column":73}},"loc":{"start":{"line":26,"column":84},"end":{"line":34,"column":14}},"line":26},"13":{"name":"(anonymous_13)","decl":{"start":{"line":26,"column":116},"end":{"line":26,"column":117}},"loc":{"start":{"line":26,"column":129},"end":{"line":34,"column":13}},"line":26},"14":{"name":"(anonymous_14)","decl":{"start":{"line":28,"column":71},"end":{"line":28,"column":72}},"loc":{"start":{"line":28,"column":84},"end":{"line":33,"column":18}},"line":28},"15":{"name":"(anonymous_15)","decl":{"start":{"line":28,"column":116},"end":{"line":28,"column":117}},"loc":{"start":{"line":28,"column":129},"end":{"line":33,"column":17}},"line":28},"16":{"name":"(anonymous_16)","decl":{"start":{"line":34,"column":16},"end":{"line":34,"column":17}},"loc":{"start":{"line":34,"column":27},"end":{"line":36,"column":13}},"line":34},"17":{"name":"(anonymous_17)","decl":{"start":{"line":39,"column":4},"end":{"line":39,"column":5}},"loc":{"start":{"line":39,"column":14},"end":{"line":65,"column":5}},"line":39},"18":{"name":"(anonymous_18)","decl":{"start":{"line":44,"column":27},"end":{"line":44,"column":28}},"loc":{"start":{"line":44,"column":49},"end":{"line":64,"column":9}},"line":44},"19":{"name":"(anonymous_19)","decl":{"start":{"line":46,"column":56},"end":{"line":46,"column":57}},"loc":{"start":{"line":46,"column":68},"end":{"line":58,"column":13}},"line":46},"20":{"name":"(anonymous_20)","decl":{"start":{"line":48,"column":55},"end":{"line":48,"column":56}},"loc":{"start":{"line":48,"column":69},"end":{"line":55,"column":21}},"line":48},"21":{"name":"(anonymous_21)","decl":{"start":{"line":58,"column":15},"end":{"line":58,"column":16}},"loc":{"start":{"line":58,"column":27},"end":{"line":60,"column":13}},"line":58},"22":{"name":"(anonymous_22)","decl":{"start":{"line":60,"column":21},"end":{"line":60,"column":22}},"loc":{"start":{"line":60,"column":33},"end":{"line":63,"column":13}},"line":60}},"branchMap":{"0":{"loc":{"start":{"line":1,"column":16},"end":{"line":8,"column":1}},"type":"binary-expr","locations":[{"start":{"line":1,"column":17},"end":{"line":1,"column":21}},{"start":{"line":1,"column":25},"end":{"line":1,"column":39}},{"start":{"line":1,"column":44},"end":{"line":8,"column":1}}],"line":1},"1":{"loc":{"start":{"line":2,"column":16},"end":{"line":2,"column":34}},"type":"binary-expr","locations":[{"start":{"line":2,"column":16},"end":{"line":2,"column":17}},{"start":{"line":2,"column":22},"end":{"line":2,"column":33}}],"line":2},"2":{"loc":{"start":{"line":5,"column":32},"end":{"line":5,"column":148}},"type":"cond-expr","locations":[{"start":{"line":5,"column":46},"end":{"line":5,"column":67}},{"start":{"line":5,"column":70},"end":{"line":5,"column":148}}],"line":5},"3":{"loc":{"start":{"line":6,"column":51},"end":{"line":6,"column":67}},"type":"binary-expr","locations":[{"start":{"line":6,"column":51},"end":{"line":6,"column":61}},{"start":{"line":6,"column":65},"end":{"line":6,"column":67}}],"line":6},"4":{"loc":{"start":{"line":47,"column":16},"end":{"line":57,"column":17}},"type":"if","locations":[{"start":{"line":47,"column":16},"end":{"line":57,"column":17}},{"start":{"line":47,"column":16},"end":{"line":57,"column":17}}],"line":47}},"s":{"0":1,"1":3,"2":1,"3":1,"4":0,"5":0,"6":0,"7":0,"8":4,"9":1,"10":3,"11":1,"12":1,"13":1,"14":0,"15":0,"16":0,"17":1,"18":1,"19":1,"20":1,"21":1,"22":1,"23":1,"24":1,"25":1,"26":1,"27":0,"28":1,"29":1,"30":1,"31":1,"32":1,"33":1,"34":1,"35":0,"36":0,"37":0},"f":{"0":3,"1":3,"2":1,"3":0,"4":4,"5":1,"6":1,"7":0,"8":0,"9":0,"10":1,"11":1,"12":1,"13":1,"14":1,"15":1,"16":0,"17":1,"18":1,"19":1,"20":1,"21":0,"22":0},"b":{"0":[1,1,1],"1":[3,3],"2":[3,1],"3":[3,3],"4":[1,0]},"_coverageSchema":"332fd63041d2c1bcb487cc26dd0d5f7d97098a6c","hash":"c5b02fc79b4f0a4101829bc6904d6c73566a4ac0"}
,"/Users/martinnowosad/breathe/lib/data/HttpRequest.js": {"path":"/Users/martinnowosad/breathe/lib/data/HttpRequest.js","statementMap":{"0":{"start":{"line":3,"column":8},"end":{"line":3,"column":33}},"1":{"start":{"line":4,"column":8},"end":{"line":4,"column":29}},"2":{"start":{"line":5,"column":8},"end":{"line":5,"column":41}},"3":{"start":{"line":8,"column":8},"end":{"line":8,"column":86}}},"fnMap":{"0":{"name":"(anonymous_0)","decl":{"start":{"line":2,"column":4},"end":{"line":2,"column":5}},"loc":{"start":{"line":2,"column":40},"end":{"line":6,"column":5}},"line":2},"1":{"name":"(anonymous_1)","decl":{"start":{"line":7,"column":4},"end":{"line":7,"column":5}},"loc":{"start":{"line":7,"column":16},"end":{"line":9,"column":5}},"line":7}},"branchMap":{},"s":{"0":0,"1":0,"2":0,"3":0},"f":{"0":0,"1":0},"b":{},"_coverageSchema":"332fd63041d2c1bcb487cc26dd0d5f7d97098a6c","hash":"f56024620b9195229c76f1777c5ece8e9644c759"}
,"/Users/martinnowosad/breathe/lib/data/HttpResponse.js": {"path":"/Users/martinnowosad/breathe/lib/data/HttpResponse.js","statementMap":{},"fnMap":{},"branchMap":{},"s":{},"f":{},"b":{},"_coverageSchema":"332fd63041d2c1bcb487cc26dd0d5f7d97098a6c","hash":"61cf145c04c19f263b6da6f0244b727d1877f403"}
,"/Users/martinnowosad/breathe/lib/data/auth/AuthGatewayImpl.js": {"path":"/Users/martinnowosad/breathe/lib/data/auth/AuthGatewayImpl.js","statementMap":{"0":{"start":{"line":6,"column":8},"end":{"line":18,"column":11}},"1":{"start":{"line":8,"column":12},"end":{"line":8,"column":165}},"2":{"start":{"line":9,"column":12},"end":{"line":17,"column":15}},"3":{"start":{"line":10,"column":16},"end":{"line":12,"column":17}},"4":{"start":{"line":11,"column":20},"end":{"line":11,"column":47}},"5":{"start":{"line":13,"column":27},"end":{"line":13,"column":61}},"6":{"start":{"line":14,"column":16},"end":{"line":14,"column":30}},"7":{"start":{"line":16,"column":16},"end":{"line":16,"column":35}},"8":{"start":{"line":21,"column":8},"end":{"line":40,"column":11}},"9":{"start":{"line":23,"column":12},"end":{"line":27,"column":16}},"10":{"start":{"line":28,"column":12},"end":{"line":39,"column":15}},"11":{"start":{"line":29,"column":16},"end":{"line":35,"column":17}},"12":{"start":{"line":30,"column":20},"end":{"line":30,"column":47}},"13":{"start":{"line":33,"column":31},"end":{"line":33,"column":65}},"14":{"start":{"line":34,"column":20},"end":{"line":34,"column":34}},"15":{"start":{"line":37,"column":16},"end":{"line":37,"column":68}},"16":{"start":{"line":38,"column":16},"end":{"line":38,"column":35}},"17":{"start":{"line":43,"column":8},"end":{"line":45,"column":11}},"18":{"start":{"line":44,"column":12},"end":{"line":44,"column":40}},"19":{"start":{"line":49,"column":8},"end":{"line":49,"column":22}},"20":{"start":{"line":50,"column":8},"end":{"line":50,"column":25}},"21":{"start":{"line":54,"column":8},"end":{"line":54,"column":22}},"22":{"start":{"line":55,"column":8},"end":{"line":55,"column":25}}},"fnMap":{"0":{"name":"(anonymous_0)","decl":{"start":{"line":5,"column":4},"end":{"line":5,"column":5}},"loc":{"start":{"line":5,"column":20},"end":{"line":19,"column":5}},"line":5},"1":{"name":"(anonymous_1)","decl":{"start":{"line":6,"column":27},"end":{"line":6,"column":28}},"loc":{"start":{"line":6,"column":48},"end":{"line":18,"column":9}},"line":6},"2":{"name":"(anonymous_2)","decl":{"start":{"line":9,"column":62},"end":{"line":9,"column":63}},"loc":{"start":{"line":9,"column":80},"end":{"line":15,"column":13}},"line":9},"3":{"name":"(anonymous_3)","decl":{"start":{"line":15,"column":21},"end":{"line":15,"column":22}},"loc":{"start":{"line":15,"column":37},"end":{"line":17,"column":13}},"line":15},"4":{"name":"(anonymous_4)","decl":{"start":{"line":20,"column":4},"end":{"line":20,"column":5}},"loc":{"start":{"line":20,"column":22},"end":{"line":41,"column":5}},"line":20},"5":{"name":"(anonymous_5)","decl":{"start":{"line":21,"column":27},"end":{"line":21,"column":28}},"loc":{"start":{"line":21,"column":48},"end":{"line":40,"column":9}},"line":21},"6":{"name":"(anonymous_6)","decl":{"start":{"line":28,"column":62},"end":{"line":28,"column":63}},"loc":{"start":{"line":28,"column":80},"end":{"line":36,"column":13}},"line":28},"7":{"name":"(anonymous_7)","decl":{"start":{"line":36,"column":21},"end":{"line":36,"column":22}},"loc":{"start":{"line":36,"column":37},"end":{"line":39,"column":13}},"line":36},"8":{"name":"(anonymous_8)","decl":{"start":{"line":42,"column":4},"end":{"line":42,"column":5}},"loc":{"start":{"line":42,"column":14},"end":{"line":46,"column":5}},"line":42},"9":{"name":"(anonymous_9)","decl":{"start":{"line":43,"column":27},"end":{"line":43,"column":28}},"loc":{"start":{"line":43,"column":40},"end":{"line":45,"column":9}},"line":43},"10":{"name":"(anonymous_10)","decl":{"start":{"line":47,"column":4},"end":{"line":47,"column":5}},"loc":{"start":{"line":47,"column":28},"end":{"line":51,"column":5}},"line":47},"11":{"name":"(anonymous_11)","decl":{"start":{"line":52,"column":4},"end":{"line":52,"column":5}},"loc":{"start":{"line":52,"column":24},"end":{"line":56,"column":5}},"line":52}},"branchMap":{"0":{"loc":{"start":{"line":10,"column":16},"end":{"line":12,"column":17}},"type":"if","locations":[{"start":{"line":10,"column":16},"end":{"line":12,"column":17}},{"start":{"line":10,"column":16},"end":{"line":12,"column":17}}],"line":10},"1":{"loc":{"start":{"line":29,"column":16},"end":{"line":35,"column":17}},"type":"if","locations":[{"start":{"line":29,"column":16},"end":{"line":35,"column":17}},{"start":{"line":29,"column":16},"end":{"line":35,"column":17}}],"line":29}},"s":{"0":0,"1":0,"2":0,"3":0,"4":0,"5":0,"6":0,"7":0,"8":0,"9":0,"10":0,"11":0,"12":0,"13":0,"14":0,"15":0,"16":0,"17":0,"18":0,"19":0,"20":0,"21":0,"22":0},"f":{"0":0,"1":0,"2":0,"3":0,"4":0,"5":0,"6":0,"7":0,"8":0,"9":0,"10":0,"11":0},"b":{"0":[0,0],"1":[0,0]},"_coverageSchema":"332fd63041d2c1bcb487cc26dd0d5f7d97098a6c","hash":"4ba80a4612c6e1b3d73375e095e9c212936bc509"}
,"/Users/martinnowosad/breathe/lib/data/http/HttpService.js": {"path":"/Users/martinnowosad/breathe/lib/data/http/HttpService.js","statementMap":{"0":{"start":{"line":5,"column":8},"end":{"line":28,"column":11}},"1":{"start":{"line":6,"column":12},"end":{"line":27,"column":13}},"2":{"start":{"line":7,"column":16},"end":{"line":23,"column":19}},"3":{"start":{"line":12,"column":35},"end":{"line":12,"column":53}},"4":{"start":{"line":13,"column":20},"end":{"line":19,"column":23}},"5":{"start":{"line":14,"column":24},"end":{"line":17,"column":58}},"6":{"start":{"line":15,"column":28},"end":{"line":15,"column":58}},"7":{"start":{"line":16,"column":29},"end":{"line":17,"column":58}},"8":{"start":{"line":17,"column":28},"end":{"line":17,"column":58}},"9":{"start":{"line":18,"column":24},"end":{"line":18,"column":42}},"10":{"start":{"line":21,"column":20},"end":{"line":21,"column":75}},"11":{"start":{"line":22,"column":20},"end":{"line":22,"column":38}},"12":{"start":{"line":26,"column":16},"end":{"line":26,"column":36}},"13":{"start":{"line":31,"column":8},"end":{"line":54,"column":11}},"14":{"start":{"line":33,"column":12},"end":{"line":53,"column":15}},"15":{"start":{"line":34,"column":16},"end":{"line":52,"column":17}},"16":{"start":{"line":35,"column":20},"end":{"line":51,"column":23}},"17":{"start":{"line":36,"column":24},"end":{"line":36,"column":44}},"18":{"start":{"line":37,"column":24},"end":{"line":50,"column":27}},"19":{"start":{"line":42,"column":43},"end":{"line":42,"column":61}},"20":{"start":{"line":43,"column":28},"end":{"line":47,"column":31}},"21":{"start":{"line":44,"column":32},"end":{"line":44,"column":62}},"22":{"start":{"line":45,"column":32},"end":{"line":45,"column":54}},"23":{"start":{"line":46,"column":32},"end":{"line":46,"column":50}},"24":{"start":{"line":49,"column":28},"end":{"line":49,"column":46}}},"fnMap":{"0":{"name":"(anonymous_0)","decl":{"start":{"line":4,"column":4},"end":{"line":4,"column":5}},"loc":{"start":{"line":4,"column":40},"end":{"line":29,"column":5}},"line":4},"1":{"name":"(anonymous_1)","decl":{"start":{"line":5,"column":27},"end":{"line":5,"column":28}},"loc":{"start":{"line":5,"column":48},"end":{"line":28,"column":9}},"line":5},"2":{"name":"(anonymous_2)","decl":{"start":{"line":11,"column":24},"end":{"line":11,"column":25}},"loc":{"start":{"line":11,"column":40},"end":{"line":20,"column":17}},"line":11},"3":{"name":"(anonymous_3)","decl":{"start":{"line":13,"column":43},"end":{"line":13,"column":44}},"loc":{"start":{"line":13,"column":55},"end":{"line":19,"column":21}},"line":13},"4":{"name":"(anonymous_4)","decl":{"start":{"line":20,"column":25},"end":{"line":20,"column":26}},"loc":{"start":{"line":20,"column":40},"end":{"line":23,"column":17}},"line":20},"5":{"name":"(anonymous_5)","decl":{"start":{"line":30,"column":4},"end":{"line":30,"column":5}},"loc":{"start":{"line":30,"column":38},"end":{"line":55,"column":5}},"line":30},"6":{"name":"(anonymous_6)","decl":{"start":{"line":31,"column":27},"end":{"line":31,"column":28}},"loc":{"start":{"line":31,"column":48},"end":{"line":54,"column":9}},"line":31},"7":{"name":"(anonymous_7)","decl":{"start":{"line":33,"column":70},"end":{"line":33,"column":71}},"loc":{"start":{"line":33,"column":82},"end":{"line":53,"column":13}},"line":33},"8":{"name":"(anonymous_8)","decl":{"start":{"line":35,"column":70},"end":{"line":35,"column":71}},"loc":{"start":{"line":35,"column":81},"end":{"line":51,"column":21}},"line":35},"9":{"name":"(anonymous_9)","decl":{"start":{"line":41,"column":32},"end":{"line":41,"column":33}},"loc":{"start":{"line":41,"column":48},"end":{"line":48,"column":25}},"line":41},"10":{"name":"(anonymous_10)","decl":{"start":{"line":43,"column":51},"end":{"line":43,"column":52}},"loc":{"start":{"line":43,"column":63},"end":{"line":47,"column":29}},"line":43},"11":{"name":"(anonymous_11)","decl":{"start":{"line":48,"column":33},"end":{"line":48,"column":34}},"loc":{"start":{"line":48,"column":48},"end":{"line":50,"column":25}},"line":48}},"branchMap":{"0":{"loc":{"start":{"line":14,"column":24},"end":{"line":17,"column":58}},"type":"if","locations":[{"start":{"line":14,"column":24},"end":{"line":17,"column":58}},{"start":{"line":14,"column":24},"end":{"line":17,"column":58}}],"line":14},"1":{"loc":{"start":{"line":16,"column":29},"end":{"line":17,"column":58}},"type":"if","locations":[{"start":{"line":16,"column":29},"end":{"line":17,"column":58}},{"start":{"line":16,"column":29},"end":{"line":17,"column":58}}],"line":16},"2":{"loc":{"start":{"line":34,"column":16},"end":{"line":52,"column":17}},"type":"if","locations":[{"start":{"line":34,"column":16},"end":{"line":52,"column":17}},{"start":{"line":34,"column":16},"end":{"line":52,"column":17}}],"line":34}},"s":{"0":0,"1":0,"2":0,"3":0,"4":0,"5":0,"6":0,"7":0,"8":0,"9":0,"10":0,"11":0,"12":0,"13":0,"14":0,"15":0,"16":0,"17":0,"18":0,"19":0,"20":0,"21":0,"22":0,"23":0,"24":0},"f":{"0":0,"1":0,"2":0,"3":0,"4":0,"5":0,"6":0,"7":0,"8":0,"9":0,"10":0,"11":0},"b":{"0":[0,0],"1":[0,0],"2":[0,0]},"_coverageSchema":"332fd63041d2c1bcb487cc26dd0d5f7d97098a6c","hash":"acb4fa93d3ba1c34f1c7dfcaf322e7a444663231"}
,"/Users/martinnowosad/breathe/lib/data/repository/LocalDataSourceImpl.js": {"path":"/Users/martinnowosad/breathe/lib/data/repository/LocalDataSourceImpl.js","statementMap":{"0":{"start":{"line":4,"column":8},"end":{"line":4,"column":29}},"1":{"start":{"line":7,"column":8},"end":{"line":16,"column":11}},"2":{"start":{"line":8,"column":12},"end":{"line":15,"column":15}},"3":{"start":{"line":9,"column":16},"end":{"line":9,"column":32}},"4":{"start":{"line":11,"column":16},"end":{"line":11,"column":30}},"5":{"start":{"line":14,"column":16},"end":{"line":14,"column":30}},"6":{"start":{"line":19,"column":8},"end":{"line":27,"column":11}},"7":{"start":{"line":20,"column":12},"end":{"line":26,"column":15}},"8":{"start":{"line":21,"column":16},"end":{"line":21,"column":31}},"9":{"start":{"line":24,"column":20},"end":{"line":24,"column":34}}},"fnMap":{"0":{"name":"(anonymous_0)","decl":{"start":{"line":3,"column":4},"end":{"line":3,"column":5}},"loc":{"start":{"line":3,"column":12},"end":{"line":5,"column":5}},"line":3},"1":{"name":"(anonymous_1)","decl":{"start":{"line":6,"column":4},"end":{"line":6,"column":5}},"loc":{"start":{"line":6,"column":17},"end":{"line":17,"column":5}},"line":6},"2":{"name":"(anonymous_2)","decl":{"start":{"line":7,"column":27},"end":{"line":7,"column":28}},"loc":{"start":{"line":7,"column":48},"end":{"line":16,"column":9}},"line":7},"3":{"name":"(anonymous_3)","decl":{"start":{"line":8,"column":43},"end":{"line":8,"column":44}},"loc":{"start":{"line":8,"column":55},"end":{"line":10,"column":13}},"line":8},"4":{"name":"(anonymous_4)","decl":{"start":{"line":10,"column":15},"end":{"line":10,"column":16}},"loc":{"start":{"line":10,"column":26},"end":{"line":12,"column":13}},"line":10},"5":{"name":"(anonymous_5)","decl":{"start":{"line":13,"column":23},"end":{"line":13,"column":24}},"loc":{"start":{"line":13,"column":34},"end":{"line":15,"column":13}},"line":13},"6":{"name":"(anonymous_6)","decl":{"start":{"line":18,"column":4},"end":{"line":18,"column":5}},"loc":{"start":{"line":18,"column":24},"end":{"line":28,"column":5}},"line":18},"7":{"name":"(anonymous_7)","decl":{"start":{"line":19,"column":27},"end":{"line":19,"column":28}},"loc":{"start":{"line":19,"column":48},"end":{"line":27,"column":9}},"line":19},"8":{"name":"(anonymous_8)","decl":{"start":{"line":20,"column":50},"end":{"line":20,"column":51}},"loc":{"start":{"line":20,"column":56},"end":{"line":22,"column":13}},"line":20},"9":{"name":"(anonymous_9)","decl":{"start":{"line":22,"column":21},"end":{"line":22,"column":22}},"loc":{"start":{"line":22,"column":27},"end":{"line":26,"column":13}},"line":22}},"branchMap":{},"s":{"0":0,"1":0,"2":0,"3":0,"4":0,"5":0,"6":0,"7":0,"8":0,"9":0},"f":{"0":0,"1":0,"2":0,"3":0,"4":0,"5":0,"6":0,"7":0,"8":0,"9":0},"b":{},"_coverageSchema":"332fd63041d2c1bcb487cc26dd0d5f7d97098a6c","hash":"c5c15e2586c816abb759a05905da2b5c30eb00a5"}
,"/Users/martinnowosad/breathe/lib/data/repository/LocalRepository.js": {"path":"/Users/martinnowosad/breathe/lib/data/repository/LocalRepository.js","statementMap":{"0":{"start":{"line":1,"column":16},"end":{"line":8,"column":1}},"1":{"start":{"line":2,"column":4},"end":{"line":7,"column":7}},"2":{"start":{"line":3,"column":36},"end":{"line":3,"column":97}},"3":{"start":{"line":3,"column":42},"end":{"line":3,"column":70}},"4":{"start":{"line":3,"column":85},"end":{"line":3,"column":95}},"5":{"start":{"line":4,"column":35},"end":{"line":4,"column":100}},"6":{"start":{"line":4,"column":41},"end":{"line":4,"column":73}},"7":{"start":{"line":4,"column":88},"end":{"line":4,"column":98}},"8":{"start":{"line":5,"column":32},"end":{"line":5,"column":149}},"9":{"start":{"line":5,"column":97},"end":{"line":5,"column":119}},"10":{"start":{"line":6,"column":8},"end":{"line":6,"column":78}},"11":{"start":{"line":14,"column":8},"end":{"line":14,"column":30}},"12":{"start":{"line":15,"column":8},"end":{"line":15,"column":36}},"13":{"start":{"line":18,"column":8},"end":{"line":19,"column":96}},"14":{"start":{"line":19,"column":12},"end":{"line":19,"column":96}},"15":{"start":{"line":20,"column":8},"end":{"line":20,"column":29}},"16":{"start":{"line":23,"column":8},"end":{"line":23,"column":78}},"17":{"start":{"line":24,"column":8},"end":{"line":24,"column":29}},"18":{"start":{"line":27,"column":8},"end":{"line":35,"column":11}},"19":{"start":{"line":28,"column":12},"end":{"line":34,"column":15}},"20":{"start":{"line":29,"column":16},"end":{"line":29,"column":43}},"21":{"start":{"line":31,"column":16},"end":{"line":31,"column":31}},"22":{"start":{"line":33,"column":16},"end":{"line":33,"column":31}},"23":{"start":{"line":38,"column":8},"end":{"line":47,"column":11}},"24":{"start":{"line":39,"column":12},"end":{"line":46,"column":15}},"25":{"start":{"line":40,"column":16},"end":{"line":43,"column":36}},"26":{"start":{"line":41,"column":20},"end":{"line":41,"column":29}},"27":{"start":{"line":43,"column":20},"end":{"line":43,"column":36}},"28":{"start":{"line":45,"column":16},"end":{"line":45,"column":30}},"29":{"start":{"line":50,"column":8},"end":{"line":56,"column":11}},"30":{"start":{"line":51,"column":12},"end":{"line":55,"column":15}},"31":{"start":{"line":52,"column":16},"end":{"line":52,"column":32}},"32":{"start":{"line":54,"column":16},"end":{"line":54,"column":30}},"33":{"start":{"line":59,"column":8},"end":{"line":65,"column":12}},"34":{"start":{"line":59,"column":49},"end":{"line":65,"column":10}},"35":{"start":{"line":60,"column":12},"end":{"line":64,"column":15}},"36":{"start":{"line":61,"column":16},"end":{"line":63,"column":19}},"37":{"start":{"line":62,"column":20},"end":{"line":62,"column":37}},"38":{"start":{"line":68,"column":8},"end":{"line":81,"column":11}},"39":{"start":{"line":69,"column":40},"end":{"line":69,"column":42}},"40":{"start":{"line":70,"column":12},"end":{"line":80,"column":16}},"41":{"start":{"line":70,"column":75},"end":{"line":80,"column":14}},"42":{"start":{"line":71,"column":16},"end":{"line":74,"column":17}},"43":{"start":{"line":72,"column":39},"end":{"line":72,"column":56}},"44":{"start":{"line":73,"column":20},"end":{"line":73,"column":60}},"45":{"start":{"line":75,"column":16},"end":{"line":76,"column":54}},"46":{"start":{"line":76,"column":20},"end":{"line":76,"column":54}},"47":{"start":{"line":77,"column":36},"end":{"line":77,"column":62}},"48":{"start":{"line":78,"column":16},"end":{"line":78,"column":81}},"49":{"start":{"line":79,"column":16},"end":{"line":79,"column":37}},"50":{"start":{"line":84,"column":8},"end":{"line":98,"column":12}},"51":{"start":{"line":84,"column":48},"end":{"line":98,"column":10}},"52":{"start":{"line":85,"column":27},"end":{"line":85,"column":29}},"53":{"start":{"line":86,"column":12},"end":{"line":96,"column":15}},"54":{"start":{"line":87,"column":16},"end":{"line":91,"column":17}},"55":{"start":{"line":88,"column":20},"end":{"line":90,"column":23}},"56":{"start":{"line":89,"column":24},"end":{"line":89,"column":45}},"57":{"start":{"line":93,"column":16},"end":{"line":93,"column":27}},"58":{"start":{"line":95,"column":16},"end":{"line":95,"column":28}},"59":{"start":{"line":97,"column":12},"end":{"line":97,"column":28}},"60":{"start":{"line":101,"column":8},"end":{"line":110,"column":11}},"61":{"start":{"line":102,"column":12},"end":{"line":109,"column":15}},"62":{"start":{"line":103,"column":39},"end":{"line":103,"column":56}},"63":{"start":{"line":104,"column":16},"end":{"line":104,"column":40}},"64":{"start":{"line":106,"column":16},"end":{"line":106,"column":27}},"65":{"start":{"line":108,"column":16},"end":{"line":108,"column":28}},"66":{"start":{"line":113,"column":8},"end":{"line":118,"column":11}},"67":{"start":{"line":114,"column":12},"end":{"line":117,"column":15}},"68":{"start":{"line":115,"column":32},"end":{"line":115,"column":62}},"69":{"start":{"line":116,"column":16},"end":{"line":116,"column":33}},"70":{"start":{"line":121,"column":8},"end":{"line":124,"column":12}},"71":{"start":{"line":121,"column":49},"end":{"line":124,"column":10}},"72":{"start":{"line":122,"column":12},"end":{"line":122,"column":44}},"73":{"start":{"line":123,"column":12},"end":{"line":123,"column":26}},"74":{"start":{"line":127,"column":8},"end":{"line":127,"column":43}},"75":{"start":{"line":130,"column":8},"end":{"line":130,"column":75}},"76":{"start":{"line":133,"column":8},"end":{"line":133,"column":65}}},"fnMap":{"0":{"name":"(anonymous_0)","decl":{"start":{"line":1,"column":44},"end":{"line":1,"column":45}},"loc":{"start":{"line":1,"column":89},"end":{"line":8,"column":1}},"line":1},"1":{"name":"(anonymous_1)","decl":{"start":{"line":2,"column":36},"end":{"line":2,"column":37}},"loc":{"start":{"line":2,"column":63},"end":{"line":7,"column":5}},"line":2},"2":{"name":"fulfilled","decl":{"start":{"line":3,"column":17},"end":{"line":3,"column":26}},"loc":{"start":{"line":3,"column":34},"end":{"line":3,"column":99}},"line":3},"3":{"name":"rejected","decl":{"start":{"line":4,"column":17},"end":{"line":4,"column":25}},"loc":{"start":{"line":4,"column":33},"end":{"line":4,"column":102}},"line":4},"4":{"name":"step","decl":{"start":{"line":5,"column":17},"end":{"line":5,"column":21}},"loc":{"start":{"line":5,"column":30},"end":{"line":5,"column":151}},"line":5},"5":{"name":"(anonymous_5)","decl":{"start":{"line":5,"column":76},"end":{"line":5,"column":77}},"loc":{"start":{"line":5,"column":95},"end":{"line":5,"column":121}},"line":5},"6":{"name":"(anonymous_6)","decl":{"start":{"line":13,"column":4},"end":{"line":13,"column":5}},"loc":{"start":{"line":13,"column":40},"end":{"line":16,"column":5}},"line":13},"7":{"name":"(anonymous_7)","decl":{"start":{"line":17,"column":4},"end":{"line":17,"column":5}},"loc":{"start":{"line":17,"column":25},"end":{"line":21,"column":5}},"line":17},"8":{"name":"(anonymous_8)","decl":{"start":{"line":22,"column":4},"end":{"line":22,"column":5}},"loc":{"start":{"line":22,"column":74},"end":{"line":25,"column":5}},"line":22},"9":{"name":"(anonymous_9)","decl":{"start":{"line":26,"column":4},"end":{"line":26,"column":5}},"loc":{"start":{"line":26,"column":27},"end":{"line":36,"column":5}},"line":26},"10":{"name":"(anonymous_10)","decl":{"start":{"line":27,"column":27},"end":{"line":27,"column":28}},"loc":{"start":{"line":27,"column":49},"end":{"line":35,"column":9}},"line":27},"11":{"name":"(anonymous_11)","decl":{"start":{"line":28,"column":62},"end":{"line":28,"column":63}},"loc":{"start":{"line":28,"column":74},"end":{"line":30,"column":13}},"line":28},"12":{"name":"(anonymous_12)","decl":{"start":{"line":30,"column":15},"end":{"line":30,"column":16}},"loc":{"start":{"line":30,"column":22},"end":{"line":32,"column":13}},"line":30},"13":{"name":"(anonymous_13)","decl":{"start":{"line":32,"column":21},"end":{"line":32,"column":22}},"loc":{"start":{"line":32,"column":28},"end":{"line":34,"column":13}},"line":32},"14":{"name":"(anonymous_14)","decl":{"start":{"line":37,"column":4},"end":{"line":37,"column":5}},"loc":{"start":{"line":37,"column":19},"end":{"line":48,"column":5}},"line":37},"15":{"name":"(anonymous_15)","decl":{"start":{"line":38,"column":27},"end":{"line":38,"column":28}},"loc":{"start":{"line":38,"column":48},"end":{"line":47,"column":9}},"line":38},"16":{"name":"(anonymous_16)","decl":{"start":{"line":39,"column":62},"end":{"line":39,"column":63}},"loc":{"start":{"line":39,"column":74},"end":{"line":44,"column":13}},"line":39},"17":{"name":"(anonymous_17)","decl":{"start":{"line":44,"column":21},"end":{"line":44,"column":22}},"loc":{"start":{"line":44,"column":32},"end":{"line":46,"column":13}},"line":44},"18":{"name":"(anonymous_18)","decl":{"start":{"line":49,"column":4},"end":{"line":49,"column":5}},"loc":{"start":{"line":49,"column":28},"end":{"line":57,"column":5}},"line":49},"19":{"name":"(anonymous_19)","decl":{"start":{"line":50,"column":27},"end":{"line":50,"column":28}},"loc":{"start":{"line":50,"column":48},"end":{"line":56,"column":9}},"line":50},"20":{"name":"(anonymous_20)","decl":{"start":{"line":51,"column":69},"end":{"line":51,"column":70}},"loc":{"start":{"line":51,"column":81},"end":{"line":53,"column":13}},"line":51},"21":{"name":"(anonymous_21)","decl":{"start":{"line":53,"column":21},"end":{"line":53,"column":22}},"loc":{"start":{"line":53,"column":33},"end":{"line":55,"column":13}},"line":53},"22":{"name":"(anonymous_22)","decl":{"start":{"line":58,"column":4},"end":{"line":58,"column":5}},"loc":{"start":{"line":58,"column":27},"end":{"line":66,"column":5}},"line":58},"23":{"name":"(anonymous_23)","decl":{"start":{"line":59,"column":27},"end":{"line":59,"column":28}},"loc":{"start":{"line":59,"column":49},"end":{"line":65,"column":10}},"line":59},"24":{"name":"(anonymous_24)","decl":{"start":{"line":59,"column":81},"end":{"line":59,"column":82}},"loc":{"start":{"line":59,"column":94},"end":{"line":65,"column":9}},"line":59},"25":{"name":"(anonymous_25)","decl":{"start":{"line":60,"column":52},"end":{"line":60,"column":53}},"loc":{"start":{"line":60,"column":59},"end":{"line":64,"column":13}},"line":60},"26":{"name":"(anonymous_26)","decl":{"start":{"line":61,"column":88},"end":{"line":61,"column":89}},"loc":{"start":{"line":61,"column":95},"end":{"line":63,"column":17}},"line":61},"27":{"name":"(anonymous_27)","decl":{"start":{"line":67,"column":4},"end":{"line":67,"column":5}},"loc":{"start":{"line":67,"column":26},"end":{"line":82,"column":5}},"line":67},"28":{"name":"(anonymous_28)","decl":{"start":{"line":68,"column":27},"end":{"line":68,"column":28}},"loc":{"start":{"line":68,"column":49},"end":{"line":81,"column":9}},"line":68},"29":{"name":"(anonymous_29)","decl":{"start":{"line":70,"column":63},"end":{"line":70,"column":64}},"loc":{"start":{"line":70,"column":75},"end":{"line":80,"column":14}},"line":70},"30":{"name":"(anonymous_30)","decl":{"start":{"line":70,"column":107},"end":{"line":70,"column":108}},"loc":{"start":{"line":70,"column":120},"end":{"line":80,"column":13}},"line":70},"31":{"name":"(anonymous_31)","decl":{"start":{"line":83,"column":4},"end":{"line":83,"column":5}},"loc":{"start":{"line":83,"column":21},"end":{"line":99,"column":5}},"line":83},"32":{"name":"(anonymous_32)","decl":{"start":{"line":84,"column":27},"end":{"line":84,"column":28}},"loc":{"start":{"line":84,"column":48},"end":{"line":98,"column":10}},"line":84},"33":{"name":"(anonymous_33)","decl":{"start":{"line":84,"column":80},"end":{"line":84,"column":81}},"loc":{"start":{"line":84,"column":93},"end":{"line":98,"column":9}},"line":84},"34":{"name":"(anonymous_34)","decl":{"start":{"line":86,"column":53},"end":{"line":86,"column":54}},"loc":{"start":{"line":86,"column":71},"end":{"line":92,"column":13}},"line":86},"35":{"name":"(anonymous_35)","decl":{"start":{"line":88,"column":57},"end":{"line":88,"column":58}},"loc":{"start":{"line":88,"column":70},"end":{"line":90,"column":21}},"line":88},"36":{"name":"(anonymous_36)","decl":{"start":{"line":92,"column":15},"end":{"line":92,"column":16}},"loc":{"start":{"line":92,"column":27},"end":{"line":94,"column":13}},"line":92},"37":{"name":"(anonymous_37)","decl":{"start":{"line":94,"column":21},"end":{"line":94,"column":22}},"loc":{"start":{"line":94,"column":27},"end":{"line":96,"column":13}},"line":94},"38":{"name":"(anonymous_38)","decl":{"start":{"line":100,"column":4},"end":{"line":100,"column":5}},"loc":{"start":{"line":100,"column":29},"end":{"line":111,"column":5}},"line":100},"39":{"name":"(anonymous_39)","decl":{"start":{"line":101,"column":27},"end":{"line":101,"column":28}},"loc":{"start":{"line":101,"column":48},"end":{"line":110,"column":9}},"line":101},"40":{"name":"(anonymous_40)","decl":{"start":{"line":102,"column":63},"end":{"line":102,"column":64}},"loc":{"start":{"line":102,"column":75},"end":{"line":105,"column":13}},"line":102},"41":{"name":"(anonymous_41)","decl":{"start":{"line":105,"column":15},"end":{"line":105,"column":16}},"loc":{"start":{"line":105,"column":27},"end":{"line":107,"column":13}},"line":105},"42":{"name":"(anonymous_42)","decl":{"start":{"line":107,"column":21},"end":{"line":107,"column":22}},"loc":{"start":{"line":107,"column":27},"end":{"line":109,"column":13}},"line":107},"43":{"name":"(anonymous_43)","decl":{"start":{"line":112,"column":4},"end":{"line":112,"column":5}},"loc":{"start":{"line":112,"column":23},"end":{"line":119,"column":5}},"line":112},"44":{"name":"(anonymous_44)","decl":{"start":{"line":113,"column":27},"end":{"line":113,"column":28}},"loc":{"start":{"line":113,"column":43},"end":{"line":118,"column":9}},"line":113},"45":{"name":"(anonymous_45)","decl":{"start":{"line":114,"column":52},"end":{"line":114,"column":53}},"loc":{"start":{"line":114,"column":64},"end":{"line":117,"column":13}},"line":114},"46":{"name":"(anonymous_46)","decl":{"start":{"line":120,"column":4},"end":{"line":120,"column":5}},"loc":{"start":{"line":120,"column":21},"end":{"line":125,"column":5}},"line":120},"47":{"name":"(anonymous_47)","decl":{"start":{"line":121,"column":27},"end":{"line":121,"column":28}},"loc":{"start":{"line":121,"column":49},"end":{"line":124,"column":10}},"line":121},"48":{"name":"(anonymous_48)","decl":{"start":{"line":121,"column":81},"end":{"line":121,"column":82}},"loc":{"start":{"line":121,"column":94},"end":{"line":124,"column":9}},"line":121},"49":{"name":"(anonymous_49)","decl":{"start":{"line":126,"column":4},"end":{"line":126,"column":5}},"loc":{"start":{"line":126,"column":27},"end":{"line":128,"column":5}},"line":126},"50":{"name":"(anonymous_50)","decl":{"start":{"line":129,"column":4},"end":{"line":129,"column":5}},"loc":{"start":{"line":129,"column":28},"end":{"line":131,"column":5}},"line":129},"51":{"name":"(anonymous_51)","decl":{"start":{"line":132,"column":4},"end":{"line":132,"column":5}},"loc":{"start":{"line":132,"column":18},"end":{"line":134,"column":5}},"line":132}},"branchMap":{"0":{"loc":{"start":{"line":1,"column":16},"end":{"line":8,"column":1}},"type":"binary-expr","locations":[{"start":{"line":1,"column":17},"end":{"line":1,"column":21}},{"start":{"line":1,"column":25},"end":{"line":1,"column":39}},{"start":{"line":1,"column":44},"end":{"line":8,"column":1}}],"line":1},"1":{"loc":{"start":{"line":2,"column":16},"end":{"line":2,"column":34}},"type":"binary-expr","locations":[{"start":{"line":2,"column":16},"end":{"line":2,"column":17}},{"start":{"line":2,"column":22},"end":{"line":2,"column":33}}],"line":2},"2":{"loc":{"start":{"line":5,"column":32},"end":{"line":5,"column":148}},"type":"cond-expr","locations":[{"start":{"line":5,"column":46},"end":{"line":5,"column":67}},{"start":{"line":5,"column":70},"end":{"line":5,"column":148}}],"line":5},"3":{"loc":{"start":{"line":6,"column":51},"end":{"line":6,"column":67}},"type":"binary-expr","locations":[{"start":{"line":6,"column":51},"end":{"line":6,"column":61}},{"start":{"line":6,"column":65},"end":{"line":6,"column":67}}],"line":6},"4":{"loc":{"start":{"line":18,"column":8},"end":{"line":19,"column":96}},"type":"if","locations":[{"start":{"line":18,"column":8},"end":{"line":19,"column":96}},{"start":{"line":18,"column":8},"end":{"line":19,"column":96}}],"line":18},"5":{"loc":{"start":{"line":40,"column":16},"end":{"line":43,"column":36}},"type":"if","locations":[{"start":{"line":40,"column":16},"end":{"line":43,"column":36}},{"start":{"line":40,"column":16},"end":{"line":43,"column":36}}],"line":40},"6":{"loc":{"start":{"line":40,"column":20},"end":{"line":40,"column":62}},"type":"binary-expr","locations":[{"start":{"line":40,"column":20},"end":{"line":40,"column":40}},{"start":{"line":40,"column":44},"end":{"line":40,"column":62}}],"line":40},"7":{"loc":{"start":{"line":71,"column":16},"end":{"line":74,"column":17}},"type":"if","locations":[{"start":{"line":71,"column":16},"end":{"line":74,"column":17}},{"start":{"line":71,"column":16},"end":{"line":74,"column":17}}],"line":71},"8":{"loc":{"start":{"line":71,"column":20},"end":{"line":71,"column":60}},"type":"binary-expr","locations":[{"start":{"line":71,"column":20},"end":{"line":71,"column":39}},{"start":{"line":71,"column":43},"end":{"line":71,"column":60}}],"line":71},"9":{"loc":{"start":{"line":75,"column":16},"end":{"line":76,"column":54}},"type":"if","locations":[{"start":{"line":75,"column":16},"end":{"line":76,"column":54}},{"start":{"line":75,"column":16},"end":{"line":76,"column":54}}],"line":75}},"s":{"0":6,"1":19,"2":12,"3":12,"4":0,"5":0,"6":0,"7":0,"8":31,"9":12,"10":19,"11":1,"12":1,"13":0,"14":0,"15":0,"16":1,"17":1,"18":2,"19":2,"20":2,"21":0,"22":1,"23":1,"24":1,"25":1,"26":1,"27":0,"28":0,"29":3,"30":3,"31":3,"32":0,"33":7,"34":7,"35":7,"36":7,"37":7,"38":9,"39":9,"40":9,"41":9,"42":9,"43":4,"44":4,"45":9,"46":8,"47":9,"48":9,"49":9,"50":2,"51":2,"52":2,"53":2,"54":2,"55":2,"56":2,"57":0,"58":0,"59":2,"60":3,"61":3,"62":3,"63":2,"64":0,"65":1,"66":4,"67":4,"68":4,"69":4,"70":1,"71":1,"72":1,"73":1,"74":1,"75":2,"76":1},"f":{"0":19,"1":19,"2":12,"3":0,"4":31,"5":12,"6":1,"7":0,"8":1,"9":2,"10":2,"11":2,"12":0,"13":1,"14":1,"15":1,"16":1,"17":0,"18":3,"19":3,"20":3,"21":0,"22":7,"23":7,"24":7,"25":7,"26":7,"27":9,"28":9,"29":9,"30":9,"31":2,"32":2,"33":2,"34":2,"35":2,"36":0,"37":0,"38":3,"39":3,"40":3,"41":0,"42":1,"43":4,"44":4,"45":4,"46":1,"47":1,"48":1,"49":1,"50":2,"51":1},"b":{"0":[6,6,6],"1":[19,19],"2":[19,12],"3":[19,19],"4":[0,0],"5":[1,0],"6":[1,1],"7":[4,5],"8":[9,4],"9":[8,1]},"_coverageSchema":"332fd63041d2c1bcb487cc26dd0d5f7d97098a6c","hash":"21d1a45135097bb16fc0d08c71df43d90de408c7"}
[...]
,"/Users/martinnowosad/breathe/lib/domain/common/AuthResponseMapper.js": {"path":"/Users/martinnowosad/breathe/lib/domain/common/AuthResponseMapper.js","statementMap":{"0":{"start":{"line":5,"column":8},"end":{"line":14,"column":9}},"1":{"start":{"line":7,"column":16},"end":{"line":7,"column":64}},"2":{"start":{"line":9,"column":16},"end":{"line":9,"column":60}},"3":{"start":{"line":11,"column":16},"end":{"line":11,"column":56}},"4":{"start":{"line":13,"column":16},"end":{"line":13,"column":49}},"5":{"start":{"line":17,"column":8},"end":{"line":17,"column":152}}},"fnMap":{"0":{"name":"(anonymous_0)","decl":{"start":{"line":4,"column":4},"end":{"line":4,"column":5}},"loc":{"start":{"line":4,"column":28},"end":{"line":15,"column":5}},"line":4},"1":{"name":"(anonymous_1)","decl":{"start":{"line":16,"column":4},"end":{"line":16,"column":5}},"loc":{"start":{"line":16,"column":22},"end":{"line":18,"column":5}},"line":16}},"branchMap":{"0":{"loc":{"start":{"line":5,"column":8},"end":{"line":14,"column":9}},"type":"switch","locations":[{"start":{"line":6,"column":12},"end":{"line":7,"column":64}},{"start":{"line":8,"column":12},"end":{"line":9,"column":60}},{"start":{"line":10,"column":12},"end":{"line":11,"column":56}},{"start":{"line":12,"column":12},"end":{"line":13,"column":49}}],"line":5},"1":{"loc":{"start":{"line":17,"column":75},"end":{"line":17,"column":150}},"type":"cond-expr","locations":[{"start":{"line":17,"column":107},"end":{"line":17,"column":138}},{"start":{"line":17,"column":141},"end":{"line":17,"column":150}}],"line":17}},"s":{"0":0,"1":0,"2":0,"3":0,"4":0,"5":0},"f":{"0":0,"1":0},"b":{"0":[0,0,0,0],"1":[0,0]},"_coverageSchema":"332fd63041d2c1bcb487cc26dd0d5f7d97098a6c","hash":"a00ea40e03805258e816bc136b0ad44460ce9763"}
,"/Users/martinnowosad/breathe/lib/domain/common/ErrorResponseMapper.js": {"path":"/Users/martinnowosad/breathe/lib/domain/common/ErrorResponseMapper.js","statementMap":{"0":{"start":{"line":5,"column":22},"end":{"line":5,"column":24}},"1":{"start":{"line":6,"column":8},"end":{"line":13,"column":9}},"2":{"start":{"line":8,"column":16},"end":{"line":8,"column":74}},"3":{"start":{"line":9,"column":16},"end":{"line":9,"column":22}},"4":{"start":{"line":11,"column":16},"end":{"line":11,"column":77}},"5":{"start":{"line":12,"column":16},"end":{"line":12,"column":22}},"6":{"start":{"line":14,"column":8},"end":{"line":14,"column":23}},"7":{"start":{"line":17,"column":8},"end":{"line":17,"column":87}}},"fnMap":{"0":{"name":"(anonymous_0)","decl":{"start":{"line":4,"column":4},"end":{"line":4,"column":5}},"loc":{"start":{"line":4,"column":32},"end":{"line":15,"column":5}},"line":4},"1":{"name":"(anonymous_1)","decl":{"start":{"line":16,"column":4},"end":{"line":16,"column":5}},"loc":{"start":{"line":16,"column":22},"end":{"line":18,"column":5}},"line":16}},"branchMap":{"0":{"loc":{"start":{"line":6,"column":8},"end":{"line":13,"column":9}},"type":"switch","locations":[{"start":{"line":7,"column":12},"end":{"line":9,"column":22}},{"start":{"line":10,"column":12},"end":{"line":12,"column":22}}],"line":6}},"s":{"0":0,"1":0,"2":0,"3":0,"4":0,"5":0,"6":0,"7":0},"f":{"0":0,"1":0},"b":{"0":[0,0]},"_coverageSchema":"332fd63041d2c1bcb487cc26dd0d5f7d97098a6c","hash":"9fa8e580f4a2319fb3d21dc0be8fa8d5e552d685"}
,"/Users/martinnowosad/breathe/lib/domain/session/SessionRequestMapper.js": {"path":"/Users/martinnowosad/breathe/lib/domain/session/SessionRequestMapper.js","statementMap":{"0":{"start":{"line":4,"column":8},"end":{"line":4,"column":128}}},"fnMap":{"0":{"name":"(anonymous_0)","decl":{"start":{"line":3,"column":4},"end":{"line":3,"column":5}},"loc":{"start":{"line":3,"column":117},"end":{"line":5,"column":5}},"line":3}},"branchMap":{},"s":{"0":1},"f":{"0":1},"b":{},"_coverageSchema":"332fd63041d2c1bcb487cc26dd0d5f7d97098a6c","hash":"ad0fefe7161bb46f7879f9126c720bbc9fcdf671"}
,"/Users/martinnowosad/breathe/lib/domain/session/impl/SessionManagerImpl.js": {"path":"/Users/martinnowosad/breathe/lib/domain/session/impl/SessionManagerImpl.js","statementMap":{"0":{"start":{"line":1,"column":16},"end":{"line":8,"column":1}},"1":{"start":{"line":2,"column":4},"end":{"line":7,"column":7}},"2":{"start":{"line":3,"column":36},"end":{"line":3,"column":97}},"3":{"start":{"line":3,"column":42},"end":{"line":3,"column":70}},"4":{"start":{"line":3,"column":85},"end":{"line":3,"column":95}},"5":{"start":{"line":4,"column":35},"end":{"line":4,"column":100}},"6":{"start":{"line":4,"column":41},"end":{"line":4,"column":73}},"7":{"start":{"line":4,"column":88},"end":{"line":4,"column":98}},"8":{"start":{"line":5,"column":32},"end":{"line":5,"column":149}},"9":{"start":{"line":5,"column":97},"end":{"line":5,"column":119}},"10":{"start":{"line":6,"column":8},"end":{"line":6,"column":78}},"11":{"start":{"line":11,"column":8},"end":{"line":11,"column":31}},"12":{"start":{"line":12,"column":8},"end":{"line":12,"column":37}},"13":{"start":{"line":13,"column":8},"end":{"line":13,"column":45}},"14":{"start":{"line":14,"column":8},"end":{"line":14,"column":45}},"15":{"start":{"line":15,"column":8},"end":{"line":15,"column":39}},"16":{"start":{"line":18,"column":24},"end":{"line":18,"column":138}},"17":{"start":{"line":19,"column":8},"end":{"line":39,"column":11}},"18":{"start":{"line":20,"column":12},"end":{"line":38,"column":16}},"19":{"start":{"line":21,"column":41},"end":{"line":38,"column":14}},"20":{"start":{"line":22,"column":39},"end":{"line":22,"column":84}},"21":{"start":{"line":23,"column":16},"end":{"line":37,"column":43}},"22":{"start":{"line":25,"column":20},"end":{"line":34,"column":23}},"23":{"start":{"line":26,"column":24},"end":{"line":31,"column":27}},"24":{"start":{"line":26,"column":88},"end":{"line":29,"column":26}},"25":{"start":{"line":27,"column":28},"end":{"line":27,"column":79}},"26":{"start":{"line":28,"column":28},"end":{"line":28,"column":51}},"27":{"start":{"line":30,"column":28},"end":{"line":30,"column":51}},"28":{"start":{"line":33,"column":24},"end":{"line":33,"column":47}},"29":{"start":{"line":37,"column":20},"end":{"line":37,"column":43}},"30":{"start":{"line":42,"column":8},"end":{"line":56,"column":11}},"31":{"start":{"line":43,"column":12},"end":{"line":55,"column":16}},"32":{"start":{"line":43,"column":53},"end":{"line":55,"column":14}},"33":{"start":{"line":44,"column":39},"end":{"line":44,"column":84}},"34":{"start":{"line":45,"column":44},"end":{"line":45,"column":84}},"35":{"start":{"line":46,"column":16},"end":{"line":54,"column":17}},"36":{"start":{"line":47,"column":20},"end":{"line":49,"column":23}},"37":{"start":{"line":48,"column":24},"end":{"line":48,"column":42}},"38":{"start":{"line":52,"column":35},"end":{"line":52,"column":73}},"39":{"start":{"line":53,"column":20},"end":{"line":53,"column":36}},"40":{"start":{"line":59,"column":8},"end":{"line":59,"column":22}},"41":{"start":{"line":60,"column":8},"end":{"line":60,"column":25}},"42":{"start":{"line":63,"column":8},"end":{"line":63,"column":160}}},"fnMap":{"0":{"name":"(anonymous_0)","decl":{"start":{"line":1,"column":44},"end":{"line":1,"column":45}},"loc":{"start":{"line":1,"column":89},"end":{"line":8,"column":1}},"line":1},"1":{"name":"(anonymous_1)","decl":{"start":{"line":2,"column":36},"end":{"line":2,"column":37}},"loc":{"start":{"line":2,"column":63},"end":{"line":7,"column":5}},"line":2},"2":{"name":"fulfilled","decl":{"start":{"line":3,"column":17},"end":{"line":3,"column":26}},"loc":{"start":{"line":3,"column":34},"end":{"line":3,"column":99}},"line":3},"3":{"name":"rejected","decl":{"start":{"line":4,"column":17},"end":{"line":4,"column":25}},"loc":{"start":{"line":4,"column":33},"end":{"line":4,"column":102}},"line":4},"4":{"name":"step","decl":{"start":{"line":5,"column":17},"end":{"line":5,"column":21}},"loc":{"start":{"line":5,"column":30},"end":{"line":5,"column":151}},"line":5},"5":{"name":"(anonymous_5)","decl":{"start":{"line":5,"column":76},"end":{"line":5,"column":77}},"loc":{"start":{"line":5,"column":95},"end":{"line":5,"column":121}},"line":5},"6":{"name":"(anonymous_6)","decl":{"start":{"line":10,"column":4},"end":{"line":10,"column":5}},"loc":{"start":{"line":10,"column":82},"end":{"line":16,"column":5}},"line":10},"7":{"name":"(anonymous_7)","decl":{"start":{"line":17,"column":4},"end":{"line":17,"column":5}},"loc":{"start":{"line":17,"column":96},"end":{"line":40,"column":5}},"line":17},"8":{"name":"(anonymous_8)","decl":{"start":{"line":19,"column":27},"end":{"line":19,"column":28}},"loc":{"start":{"line":19,"column":49},"end":{"line":39,"column":9}},"line":19},"9":{"name":"(anonymous_9)","decl":{"start":{"line":21,"column":22},"end":{"line":21,"column":23}},"loc":{"start":{"line":21,"column":41},"end":{"line":38,"column":14}},"line":21},"10":{"name":"(anonymous_10)","decl":{"start":{"line":21,"column":73},"end":{"line":21,"column":74}},"loc":{"start":{"line":21,"column":86},"end":{"line":38,"column":13}},"line":21},"11":{"name":"(anonymous_11)","decl":{"start":{"line":25,"column":60},"end":{"line":25,"column":61}},"loc":{"start":{"line":25,"column":67},"end":{"line":32,"column":21}},"line":25},"12":{"name":"(anonymous_12)","decl":{"start":{"line":26,"column":69},"end":{"line":26,"column":70}},"loc":{"start":{"line":26,"column":88},"end":{"line":29,"column":26}},"line":26},"13":{"name":"(anonymous_13)","decl":{"start":{"line":26,"column":120},"end":{"line":26,"column":121}},"loc":{"start":{"line":26,"column":133},"end":{"line":29,"column":25}},"line":26},"14":{"name":"(anonymous_14)","decl":{"start":{"line":29,"column":28},"end":{"line":29,"column":29}},"loc":{"start":{"line":29,"column":35},"end":{"line":31,"column":25}},"line":29},"15":{"name":"(anonymous_15)","decl":{"start":{"line":32,"column":23},"end":{"line":32,"column":24}},"loc":{"start":{"line":32,"column":30},"end":{"line":34,"column":21}},"line":32},"16":{"name":"(anonymous_16)","decl":{"start":{"line":41,"column":4},"end":{"line":41,"column":5}},"loc":{"start":{"line":41,"column":21},"end":{"line":57,"column":5}},"line":41},"17":{"name":"(anonymous_17)","decl":{"start":{"line":42,"column":47},"end":{"line":42,"column":48}},"loc":{"start":{"line":42,"column":60},"end":{"line":56,"column":9}},"line":42},"18":{"name":"(anonymous_18)","decl":{"start":{"line":43,"column":31},"end":{"line":43,"column":32}},"loc":{"start":{"line":43,"column":53},"end":{"line":55,"column":14}},"line":43},"19":{"name":"(anonymous_19)","decl":{"start":{"line":43,"column":85},"end":{"line":43,"column":86}},"loc":{"start":{"line":43,"column":98},"end":{"line":55,"column":13}},"line":43},"20":{"name":"(anonymous_20)","decl":{"start":{"line":47,"column":55},"end":{"line":47,"column":56}},"loc":{"start":{"line":47,"column":69},"end":{"line":49,"column":21}},"line":47},"21":{"name":"(anonymous_21)","decl":{"start":{"line":58,"column":4},"end":{"line":58,"column":5}},"loc":{"start":{"line":58,"column":23},"end":{"line":61,"column":5}},"line":58},"22":{"name":"(anonymous_22)","decl":{"start":{"line":62,"column":4},"end":{"line":62,"column":5}},"loc":{"start":{"line":62,"column":33},"end":{"line":64,"column":5}},"line":62}},"branchMap":{"0":{"loc":{"start":{"line":1,"column":16},"end":{"line":8,"column":1}},"type":"binary-expr","locations":[{"start":{"line":1,"column":17},"end":{"line":1,"column":21}},{"start":{"line":1,"column":25},"end":{"line":1,"column":39}},{"start":{"line":1,"column":44},"end":{"line":8,"column":1}}],"line":1},"1":{"loc":{"start":{"line":2,"column":16},"end":{"line":2,"column":34}},"type":"binary-expr","locations":[{"start":{"line":2,"column":16},"end":{"line":2,"column":17}},{"start":{"line":2,"column":22},"end":{"line":2,"column":33}}],"line":2},"2":{"loc":{"start":{"line":5,"column":32},"end":{"line":5,"column":148}},"type":"cond-expr","locations":[{"start":{"line":5,"column":46},"end":{"line":5,"column":67}},{"start":{"line":5,"column":70},"end":{"line":5,"column":148}}],"line":5},"3":{"loc":{"start":{"line":6,"column":51},"end":{"line":6,"column":67}},"type":"binary-expr","locations":[{"start":{"line":6,"column":51},"end":{"line":6,"column":61}},{"start":{"line":6,"column":65},"end":{"line":6,"column":67}}],"line":6},"4":{"loc":{"start":{"line":23,"column":16},"end":{"line":37,"column":43}},"type":"if","locations":[{"start":{"line":23,"column":16},"end":{"line":37,"column":43}},{"start":{"line":23,"column":16},"end":{"line":37,"column":43}}],"line":23},"5":{"loc":{"start":{"line":46,"column":16},"end":{"line":54,"column":17}},"type":"if","locations":[{"start":{"line":46,"column":16},"end":{"line":54,"column":17}},{"start":{"line":46,"column":16},"end":{"line":54,"column":17}}],"line":46},"6":{"loc":{"start":{"line":46,"column":20},"end":{"line":46,"column":57}},"type":"binary-expr","locations":[{"start":{"line":46,"column":20},"end":{"line":46,"column":34}},{"start":{"line":46,"column":38},"end":{"line":46,"column":57}}],"line":46}},"s":{"0":1,"1":12,"2":15,"3":15,"4":0,"5":0,"6":0,"7":0,"8":27,"9":15,"10":12,"11":1,"12":1,"13":1,"14":1,"15":1,"16":3,"17":3,"18":3,"19":3,"20":3,"21":3,"22":2,"23":1,"24":1,"25":1,"26":1,"27":0,"28":1,"29":1,"30":4,"31":4,"32":4,"33":4,"34":4,"35":4,"36":1,"37":1,"38":3,"39":3,"40":0,"41":0,"42":1},"f":{"0":12,"1":12,"2":15,"3":0,"4":27,"5":15,"6":1,"7":3,"8":3,"9":3,"10":3,"11":1,"12":1,"13":1,"14":0,"15":1,"16":4,"17":4,"18":4,"19":4,"20":1,"21":0,"22":1},"b":{"0":[1,1,1],"1":[12,12],"2":[12,15],"3":[12,12],"4":[2,1],"5":[1,3],"6":[4,1]},"_coverageSchema":"332fd63041d2c1bcb487cc26dd0d5f7d97098a6c","hash":"d87e38f9307b98f93500772d409e9573c1fd1ee6"}
,"/Users/martinnowosad/breathe/lib/domain/session/model/SessionRequest.js": {"path":"/Users/martinnowosad/breathe/lib/domain/session/model/SessionRequest.js","statementMap":{"0":{"start":{"line":4,"column":8},"end":{"line":4,"column":16}},"1":{"start":{"line":5,"column":8},"end":{"line":5,"column":25}},"2":{"start":{"line":6,"column":8},"end":{"line":6,"column":45}},"3":{"start":{"line":7,"column":8},"end":{"line":7,"column":29}},"4":{"start":{"line":8,"column":8},"end":{"line":8,"column":49}},"5":{"start":{"line":9,"column":8},"end":{"line":9,"column":71}},"6":{"start":{"line":10,"column":8},"end":{"line":10,"column":27}},"7":{"start":{"line":11,"column":8},"end":{"line":11,"column":31}},"8":{"start":{"line":12,"column":8},"end":{"line":12,"column":33}}},"fnMap":{"0":{"name":"(anonymous_0)","decl":{"start":{"line":3,"column":4},"end":{"line":3,"column":5}},"loc":{"start":{"line":3,"column":119},"end":{"line":13,"column":5}},"line":3}},"branchMap":{},"s":{"0":2,"1":2,"2":2,"3":2,"4":2,"5":2,"6":2,"7":2,"8":2},"f":{"0":2},"b":{},"_coverageSchema":"332fd63041d2c1bcb487cc26dd0d5f7d97098a6c","hash":"9bd03f3a5306f4fa06c0624f45d3e6532d23b1b5"}
,"/Users/martinnowosad/breathe/lib/model/ErrorCodes.js": {"path":"/Users/martinnowosad/breathe/lib/model/ErrorCodes.js","statementMap":{"0":{"start":{"line":4,"column":0},"end":{"line":4,"column":30}},"1":{"start":{"line":5,"column":0},"end":{"line":5,"column":30}},"2":{"start":{"line":6,"column":0},"end":{"line":6,"column":45}},"3":{"start":{"line":7,"column":0},"end":{"line":7,"column":41}},"4":{"start":{"line":8,"column":0},"end":{"line":8,"column":37}},"5":{"start":{"line":9,"column":0},"end":{"line":9,"column":42}},"6":{"start":{"line":10,"column":0},"end":{"line":10,"column":31}}},"fnMap":{},"branchMap":{},"s":{"0":5,"1":5,"2":5,"3":5,"4":5,"5":5,"6":5},"f":{},"b":{},"_coverageSchema":"332fd63041d2c1bcb487cc26dd0d5f7d97098a6c","hash":"b18dc46e4767e53803f6e95ad890e8d5cb077714"}
,"/Users/martinnowosad/breathe/lib/model/domain/ErrorResponse.js": {"path":"/Users/martinnowosad/breathe/lib/model/domain/ErrorResponse.js","statementMap":{"0":{"start":{"line":3,"column":8},"end":{"line":3,"column":31}},"1":{"start":{"line":4,"column":8},"end":{"line":4,"column":25}}},"fnMap":{"0":{"name":"(anonymous_0)","decl":{"start":{"line":2,"column":4},"end":{"line":2,"column":5}},"loc":{"start":{"line":2,"column":31},"end":{"line":5,"column":5}},"line":2}},"branchMap":{},"s":{"0":1,"1":1},"f":{"0":1},"b":{},"_coverageSchema":"332fd63041d2c1bcb487cc26dd0d5f7d97098a6c","hash":"48b824ea718212e53a84ec8dbb6b72e8d9f44e92"}
,"/Users/martinnowosad/breathe/lib/model/entity/AuthEntity.js": {"path":"/Users/martinnowosad/breathe/lib/model/entity/AuthEntity.js","statementMap":{"0":{"start":{"line":3,"column":8},"end":{"line":3,"column":33}},"1":{"start":{"line":4,"column":8},"end":{"line":4,"column":27}}},"fnMap":{"0":{"name":"(anonymous_0)","decl":{"start":{"line":2,"column":4},"end":{"line":2,"column":5}},"loc":{"start":{"line":2,"column":33},"end":{"line":5,"column":5}},"line":2}},"branchMap":{},"s":{"0":1,"1":1},"f":{"0":1},"b":{},"_coverageSchema":"332fd63041d2c1bcb487cc26dd0d5f7d97098a6c","hash":"f26bac78bb94e8ab05de2e289b62b44a820074fe"}
,"/Users/martinnowosad/breathe/lib/model/entity/ErrorEntity.js": {"path":"/Users/martinnowosad/breathe/lib/model/entity/ErrorEntity.js","statementMap":{"0":{"start":{"line":3,"column":8},"end":{"line":3,"column":25}},"1":{"start":{"line":4,"column":8},"end":{"line":4,"column":31}}},"fnMap":{"0":{"name":"(anonymous_0)","decl":{"start":{"line":2,"column":4},"end":{"line":2,"column":5}},"loc":{"start":{"line":2,"column":31},"end":{"line":5,"column":5}},"line":2}},"branchMap":{},"s":{"0":1,"1":1},"f":{"0":1},"b":{},"_coverageSchema":"332fd63041d2c1bcb487cc26dd0d5f7d97098a6c","hash":"94c41dd2b862eda30d4e400d00cf74760118d93a"}
,"/Users/martinnowosad/breathe/lib/model/request/AbstractRequest.js": {"path":"/Users/martinnowosad/breathe/lib/model/request/AbstractRequest.js","statementMap":{},"fnMap":{},"branchMap":{},"s":{},"f":{},"b":{},"_coverageSchema":"332fd63041d2c1bcb487cc26dd0d5f7d97098a6c","hash":"6aa0dabab31efca09c1932aef8bbeeae07168b29"}
,"/Users/martinnowosad/breathe/lib/utils/Constants.js": {"path":"/Users/martinnowosad/breathe/lib/utils/Constants.js","statementMap":{"0":{"start":{"line":3,"column":0},"end":{"line":3,"column":38}},"1":{"start":{"line":4,"column":0},"end":{"line":4,"column":41}},"2":{"start":{"line":5,"column":0},"end":{"line":5,"column":42}},"3":{"start":{"line":8,"column":0},"end":{"line":8,"column":29}},"4":{"start":{"line":9,"column":0},"end":{"line":9,"column":34}},"5":{"start":{"line":10,"column":0},"end":{"line":10,"column":34}},"6":{"start":{"line":11,"column":0},"end":{"line":11,"column":44}},"7":{"start":{"line":12,"column":0},"end":{"line":12,"column":43}}},"fnMap":{},"branchMap":{},"s":{"0":6,"1":6,"2":6,"3":6,"4":6,"5":6,"6":6,"7":6},"f":{},"b":{},"_coverageSchema":"332fd63041d2c1bcb487cc26dd0d5f7d97098a6c","hash":"e5119f21260d404c095a74ea2388a38b08d9d41b"}
,"/Users/martinnowosad/breathe/lib/utils/NetworkChecker.js": {"path":"/Users/martinnowosad/breathe/lib/utils/NetworkChecker.js","statementMap":{"0":{"start":{"line":4,"column":8},"end":{"line":8,"column":11}},"1":{"start":{"line":5,"column":12},"end":{"line":7,"column":15}},"2":{"start":{"line":6,"column":16},"end":{"line":6,"column":62}}},"fnMap":{"0":{"name":"(anonymous_0)","decl":{"start":{"line":3,"column":4},"end":{"line":3,"column":5}},"loc":{"start":{"line":3,"column":24},"end":{"line":9,"column":5}},"line":3},"1":{"name":"(anonymous_1)","decl":{"start":{"line":4,"column":27},"end":{"line":4,"column":28}},"loc":{"start":{"line":4,"column":40},"end":{"line":8,"column":9}},"line":4},"2":{"name":"(anonymous_2)","decl":{"start":{"line":5,"column":45},"end":{"line":5,"column":46}},"loc":{"start":{"line":5,"column":57},"end":{"line":7,"column":13}},"line":5}},"branchMap":{},"s":{"0":0,"1":0,"2":0},"f":{"0":0,"1":0,"2":0},"b":{},"_coverageSchema":"332fd63041d2c1bcb487cc26dd0d5f7d97098a6c","hash":"7d8519228b8d9a9c37c942b5a308107d969749f5"}
}
