TN:
SF:/Users/martinnowosad/breathe/lib/app/MainWindow.js
FN:5,(anonymous_0)
FN:42,(anonymous_1)
FN:49,(anonymous_2)
FNF:3
FNH:0
FNDA:0,(anonymous_0)
FNDA:0,(anonymous_1)
FNDA:0,(anonymous_2)
DA:6,0
DA:7,0
DA:43,0
LF:3
LH:0
BRF:0
BRH:0
end_of_record
TN:
SF:/Users/martinnowosad/breathe/lib/app/common/AbstractController.js
FN:2,(anonymous_0)
FN:7,(anonymous_1)
FN:11,(anonymous_2)
FN:15,(anonymous_3)
FN:18,(anonymous_4)
FN:23,(anonymous_5)
FNF:6
FNH:3
FNDA:1,(anonymous_0)
FNDA:1,(anonymous_1)
FNDA:0,(anonymous_2)
FNDA:5,(anonymous_3)
FNDA:0,(anonymous_4)
FNDA:0,(anonymous_5)
DA:3,1
DA:4,1
DA:5,1
DA:8,1
DA:12,0
DA:16,5
DA:19,0
DA:20,0
DA:24,0
LF:9
LH:5
BRF:0
BRH:0
end_of_record
TN:
SF:/Users/martinnowosad/breathe/lib/app/common/RequireAuthComponent.js
FN:38,(anonymous_0)
FN:42,(anonymous_1)
FN:47,(anonymous_2)
FN:54,(anonymous_3)
FN:64,(anonymous_4)
FN:68,(anonymous_5)
FN:72,(anonymous_6)
FN:76,(anonymous_7)
FN:79,(anonymous_8)
FN:82,(anonymous_9)
FN:87,(anonymous_10)
FN:91,(anonymous_11)
FN:95,(anonymous_12)
FN:99,(anonymous_13)
FN:102,(anonymous_14)
FN:107,(anonymous_15)
FNF:16
FNH:0
FNDA:0,(anonymous_0)
FNDA:0,(anonymous_1)
FNDA:0,(anonymous_2)
FNDA:0,(anonymous_3)
FNDA:0,(anonymous_4)
FNDA:0,(anonymous_5)
FNDA:0,(anonymous_6)
FNDA:0,(anonymous_7)
FNDA:0,(anonymous_8)
FNDA:0,(anonymous_9)
FNDA:0,(anonymous_10)
FNDA:0,(anonymous_11)
FNDA:0,(anonymous_12)
FNDA:0,(anonymous_13)
FNDA:0,(anonymous_14)
FNDA:0,(anonymous_15)
DA:5,1
DA:39,0
DA:40,0
DA:43,0
DA:48,0
DA:49,0
DA:55,0
DA:56,0
DA:57,0
DA:58,0
DA:59,0
DA:60,0
DA:61,0
DA:62,0
DA:65,0
DA:69,0
DA:73,0
DA:77,0
DA:80,0
DA:83,0
DA:88,0
DA:92,0
DA:96,0
DA:100,0
DA:103,0
DA:108,0
LF:26
LH:1
BRDA:109,0,0,0
BRDA:109,0,1,0
BRDA:110,1,0,0
BRDA:110,1,1,0
BRF:4
BRH:0
end_of_record
TN:
SF:/Users/martinnowosad/breathe/lib/app/globals/AuthAction.js
FN:1,(anonymous_0)
FN:2,(anonymous_1)
FN:3,fulfilled
FN:4,rejected
FN:5,step
FN:5,(anonymous_5)
FN:11,(anonymous_6)
FN:14,(anonymous_7)
FN:15,(anonymous_8)
FN:16,(anonymous_9)
FN:21,(anonymous_10)
FN:23,(anonymous_11)
FN:28,(anonymous_12)
FN:29,(anonymous_13)
FN:30,(anonymous_14)
FN:32,(anonymous_15)
FN:37,(anonymous_16)
FN:38,(anonymous_17)
FN:39,(anonymous_18)
FN:40,(anonymous_19)
FN:42,(anonymous_20)
FN:44,(anonymous_21)
FN:50,(anonymous_22)
FN:51,(anonymous_23)
FN:52,(anonymous_24)
FN:57,(anonymous_25)
FN:59,(anonymous_26)
FNF:27
FNH:21
FNDA:2,(anonymous_0)
FNDA:2,(anonymous_1)
FNDA:0,fulfilled
FNDA:0,rejected
FNDA:2,step
FNDA:0,(anonymous_5)
FNDA:1,(anonymous_6)
FNDA:2,(anonymous_7)
FNDA:2,(anonymous_8)
FNDA:1,(anonymous_9)
FNDA:1,(anonymous_10)
FNDA:0,(anonymous_11)
FNDA:2,(anonymous_12)
FNDA:2,(anonymous_13)
FNDA:1,(anonymous_14)
FNDA:1,(anonymous_15)
FNDA:2,(anonymous_16)
FNDA:2,(anonymous_17)
FNDA:2,(anonymous_18)
FNDA:1,(anonymous_19)
FNDA:1,(anonymous_20)
FNDA:0,(anonymous_21)
FNDA:2,(anonymous_22)
FNDA:2,(anonymous_23)
FNDA:1,(anonymous_24)
FNDA:1,(anonymous_25)
FNDA:0,(anonymous_26)
DA:1,2
DA:2,2
DA:3,0
DA:4,0
DA:5,2
DA:6,2
DA:12,1
DA:15,2
DA:16,2
DA:17,1
DA:18,1
DA:20,0
DA:22,1
DA:24,0
DA:29,2
DA:30,2
DA:31,1
DA:33,1
DA:38,2
DA:39,2
DA:40,2
DA:41,1
DA:43,1
DA:45,0
DA:51,2
DA:52,2
DA:53,1
DA:54,1
DA:56,0
DA:58,1
DA:60,0
LF:31
LH:24
BRDA:1,0,0,2
BRDA:1,0,1,2
BRDA:1,0,2,2
BRDA:2,1,0,2
BRDA:2,1,1,2
BRDA:5,2,0,2
BRDA:5,2,1,0
BRDA:6,3,0,2
BRDA:6,3,1,2
BRDA:11,4,0,0
BRDA:17,5,0,1
BRDA:17,5,1,0
BRDA:53,6,0,1
BRDA:53,6,1,0
BRF:14
BRH:10
end_of_record
TN:
SF:/Users/martinnowosad/breathe/lib/app/globals/AuthController.js
FN:1,(anonymous_0)
FN:2,(anonymous_1)
FN:3,fulfilled
FN:4,rejected
FN:5,step
FN:5,(anonymous_5)
FN:12,(anonymous_6)
FN:19,(anonymous_7)
FN:20,(anonymous_8)
FN:22,(anonymous_9)
FN:23,(anonymous_10)
FN:33,(anonymous_11)
FN:35,(anonymous_12)
FN:38,(anonymous_13)
FN:40,(anonymous_14)
FN:45,(anonymous_15)
FN:53,(anonymous_16)
FN:54,(anonymous_17)
FN:55,(anonymous_18)
FN:57,(anonymous_19)
FN:62,(anonymous_20)
FN:70,(anonymous_21)
FN:79,(anonymous_22)
FN:82,(anonymous_23)
FNF:24
FNH:20
FNDA:5,(anonymous_0)
FNDA:5,(anonymous_1)
FNDA:5,fulfilled
FNDA:0,rejected
FNDA:10,step
FNDA:5,(anonymous_5)
FNDA:1,(anonymous_6)
FNDA:5,(anonymous_7)
FNDA:5,(anonymous_8)
FNDA:3,(anonymous_9)
FNDA:2,(anonymous_10)
FNDA:1,(anonymous_11)
FNDA:0,(anonymous_12)
FNDA:2,(anonymous_13)
FNDA:0,(anonymous_14)
FNDA:3,(anonymous_15)
FNDA:3,(anonymous_16)
FNDA:3,(anonymous_17)
FNDA:2,(anonymous_18)
FNDA:1,(anonymous_19)
FNDA:12,(anonymous_20)
FNDA:0,(anonymous_21)
FNDA:10,(anonymous_22)
FNDA:5,(anonymous_23)
DA:1,1
DA:2,5
DA:3,5
DA:4,0
DA:5,10
DA:6,5
DA:13,1
DA:14,1
DA:15,1
DA:16,1
DA:17,1
DA:20,5
DA:21,5
DA:22,5
DA:23,3
DA:24,2
DA:25,2
DA:32,0
DA:34,1
DA:36,0
DA:39,2
DA:41,0
DA:46,3
DA:54,3
DA:55,3
DA:56,2
DA:58,1
DA:63,12
DA:71,0
DA:77,0
DA:80,10
DA:83,5
DA:84,5
LF:33
LH:27
BRDA:1,0,0,1
BRDA:1,0,1,1
BRDA:1,0,2,1
BRDA:2,1,0,5
BRDA:2,1,1,5
BRDA:5,2,0,5
BRDA:5,2,1,5
BRDA:6,3,0,5
BRDA:6,3,1,5
BRDA:24,4,0,2
BRDA:24,4,1,0
BRDA:72,5,0,0
BRDA:72,5,1,0
BRF:13
BRH:10
end_of_record
TN:
SF:/Users/martinnowosad/breathe/lib/app/globals/BreathStore.js
FN:2,(anonymous_0)
FN:6,(anonymous_1)
FN:11,(anonymous_2)
FN:24,(anonymous_3)
FN:28,(anonymous_4)
FN:33,(anonymous_5)
FN:36,(anonymous_6)
FN:39,(anonymous_7)
FN:46,(anonymous_8)
FN:49,(anonymous_9)
FNF:10
FNH:10
FNDA:3,(anonymous_0)
FNDA:3,(anonymous_1)
FNDA:3,(anonymous_2)
FNDA:7,(anonymous_3)
FNDA:2,(anonymous_4)
FNDA:3,(anonymous_5)
FNDA:6,(anonymous_6)
FNDA:5,(anonymous_7)
FNDA:5,(anonymous_8)
FNDA:5,(anonymous_9)
DA:3,3
DA:4,3
DA:7,3
DA:8,3
DA:9,3
DA:12,3
DA:25,7
DA:26,6
DA:29,2
DA:30,2
DA:31,2
DA:34,3
DA:37,6
DA:40,5
DA:44,5
DA:47,5
DA:50,5
DA:51,2
LF:18
LH:18
BRDA:2,0,0,3
BRDA:7,1,0,3
BRDA:7,1,1,0
BRDA:25,2,0,6
BRDA:25,2,1,1
BRDA:30,3,0,2
BRDA:30,3,1,0
BRDA:41,4,0,0
BRDA:41,4,1,5
BRDA:42,5,0,0
BRDA:42,5,1,5
BRF:11
BRH:7
end_of_record
TN:
SF:/Users/martinnowosad/breathe/lib/app/globals/BreathStoreMerger.js
FN:2,(anonymous_0)
FN:5,(anonymous_1)
FN:8,(anonymous_2)
FNF:3
FNH:2
FNDA:1,(anonymous_0)
FNDA:2,(anonymous_1)
FNDA:0,(anonymous_2)
DA:3,1
DA:6,2
DA:9,0
LF:3
LH:2
BRF:0
BRH:0
end_of_record
TN:
SF:/Users/martinnowosad/breathe/lib/app/home/HomeComponent.js
FN:9,(anonymous_0)
FN:16,(anonymous_1)
FN:19,(anonymous_2)
FN:22,(anonymous_3)
FN:25,(anonymous_4)
FN:28,(anonymous_5)
FN:31,(anonymous_6)
FN:36,(anonymous_7)
FN:39,(anonymous_8)
FNF:9
FNH:0
FNDA:0,(anonymous_0)
FNDA:0,(anonymous_1)
FNDA:0,(anonymous_2)
FNDA:0,(anonymous_3)
FNDA:0,(anonymous_4)
FNDA:0,(anonymous_5)
FNDA:0,(anonymous_6)
FNDA:0,(anonymous_7)
FNDA:0,(anonymous_8)
DA:10,0
DA:11,0
DA:12,0
DA:13,0
DA:14,0
DA:17,0
DA:20,0
DA:23,0
DA:26,0
DA:29,0
DA:32,0
DA:37,0
DA:40,0
LF:13
LH:0
BRDA:41,0,0,0
BRDA:41,0,1,0
BRDA:41,0,2,0
BRDA:43,1,0,0
BRDA:43,1,1,0
BRDA:44,2,0,0
BRDA:44,2,1,0
BRDA:44,2,2,0
BRF:8
BRH:0
end_of_record
TN:
SF:/Users/martinnowosad/breathe/lib/app/home/HomeComponentController.js
FN:1,(anonymous_0)
FN:2,(anonymous_1)
FN:3,fulfilled
FN:4,rejected
FN:5,step
FN:5,(anonymous_5)
FN:10,(anonymous_6)
FN:15,(anonymous_7)
FN:16,(anonymous_8)
FN:19,(anonymous_9)
FN:23,(anonymous_10)
FN:24,(anonymous_11)
FN:26,(anonymous_12)
FN:26,(anonymous_13)
FN:28,(anonymous_14)
FN:28,(anonymous_15)
FN:34,(anonymous_16)
FN:39,(anonymous_17)
FN:44,(anonymous_18)
FN:46,(anonymous_19)
FN:48,(anonymous_20)
FN:58,(anonymous_21)
FN:60,(anonymous_22)
FNF:23
FNH:16
FNDA:3,(anonymous_0)
FNDA:3,(anonymous_1)
FNDA:1,fulfilled
FNDA:0,rejected
FNDA:4,step
FNDA:1,(anonymous_5)
FNDA:1,(anonymous_6)
FNDA:0,(anonymous_7)
FNDA:0,(anonymous_8)
FNDA:0,(anonymous_9)
FNDA:1,(anonymous_10)
FNDA:1,(anonymous_11)
FNDA:1,(anonymous_12)
FNDA:1,(anonymous_13)
FNDA:1,(anonymous_14)
FNDA:1,(anonymous_15)
FNDA:0,(anonymous_16)
FNDA:1,(anonymous_17)
FNDA:1,(anonymous_18)
FNDA:1,(anonymous_19)
FNDA:1,(anonymous_20)
FNDA:0,(anonymous_21)
FNDA:0,(anonymous_22)
DA:1,1
DA:2,3
DA:3,1
DA:4,0
DA:5,4
DA:6,3
DA:11,1
DA:12,1
DA:13,1
DA:16,0
DA:18,0
DA:20,0
DA:24,1
DA:25,1
DA:26,1
DA:27,1
DA:28,1
DA:30,1
DA:31,1
DA:32,1
DA:35,0
DA:44,1
DA:45,1
DA:46,1
DA:47,1
DA:48,1
DA:49,1
DA:56,1
DA:59,0
DA:61,0
DA:62,0
LF:31
LH:23
BRDA:1,0,0,1
BRDA:1,0,1,1
BRDA:1,0,2,1
BRDA:2,1,0,3
BRDA:2,1,1,3
BRDA:5,2,0,3
BRDA:5,2,1,1
BRDA:6,3,0,3
BRDA:6,3,1,3
BRDA:47,4,0,1
BRDA:47,4,1,0
BRF:11
BRH:10
end_of_record
TN:
SF:/Users/martinnowosad/breathe/lib/data/HttpRequest.js
FN:2,(anonymous_0)
FN:7,(anonymous_1)
FNF:2
FNH:0
FNDA:0,(anonymous_0)
FNDA:0,(anonymous_1)
DA:3,0
DA:4,0
DA:5,0
DA:8,0
LF:4
LH:0
BRF:0
BRH:0
end_of_record
TN:
SF:/Users/martinnowosad/breathe/lib/data/HttpResponse.js
FNF:0
FNH:0
LF:0
LH:0
BRF:0
BRH:0
end_of_record
TN:
SF:/Users/martinnowosad/breathe/lib/data/auth/AuthGatewayImpl.js
FN:5,(anonymous_0)
FN:6,(anonymous_1)
FN:9,(anonymous_2)
FN:15,(anonymous_3)
FN:20,(anonymous_4)
FN:21,(anonymous_5)
FN:28,(anonymous_6)
FN:36,(anonymous_7)
FN:42,(anonymous_8)
FN:43,(anonymous_9)
FN:47,(anonymous_10)
FN:52,(anonymous_11)
FNF:12
FNH:0
FNDA:0,(anonymous_0)
FNDA:0,(anonymous_1)
FNDA:0,(anonymous_2)
FNDA:0,(anonymous_3)
FNDA:0,(anonymous_4)
FNDA:0,(anonymous_5)
FNDA:0,(anonymous_6)
FNDA:0,(anonymous_7)
FNDA:0,(anonymous_8)
FNDA:0,(anonymous_9)
FNDA:0,(anonymous_10)
FNDA:0,(anonymous_11)
DA:6,0
DA:8,0
DA:9,0
DA:10,0
DA:11,0
DA:13,0
DA:14,0
DA:16,0
DA:21,0
DA:23,0
DA:28,0
DA:29,0
DA:30,0
DA:33,0
DA:34,0
DA:37,0
DA:38,0
DA:43,0
DA:44,0
DA:49,0
DA:50,0
DA:54,0
DA:55,0
LF:23
LH:0
BRDA:10,0,0,0
BRDA:10,0,1,0
BRDA:29,1,0,0
BRDA:29,1,1,0
BRF:4
BRH:0
end_of_record
TN:
SF:/Users/martinnowosad/breathe/lib/data/http/HttpService.js
FN:4,(anonymous_0)
FN:5,(anonymous_1)
FN:11,(anonymous_2)
FN:13,(anonymous_3)
FN:20,(anonymous_4)
FN:30,(anonymous_5)
FN:31,(anonymous_6)
FN:33,(anonymous_7)
FN:35,(anonymous_8)
FN:41,(anonymous_9)
FN:43,(anonymous_10)
FN:48,(anonymous_11)
FNF:12
FNH:0
FNDA:0,(anonymous_0)
FNDA:0,(anonymous_1)
FNDA:0,(anonymous_2)
FNDA:0,(anonymous_3)
FNDA:0,(anonymous_4)
FNDA:0,(anonymous_5)
FNDA:0,(anonymous_6)
FNDA:0,(anonymous_7)
FNDA:0,(anonymous_8)
FNDA:0,(anonymous_9)
FNDA:0,(anonymous_10)
FNDA:0,(anonymous_11)
DA:5,0
DA:6,0
DA:7,0
DA:12,0
DA:13,0
DA:14,0
DA:15,0
DA:16,0
DA:17,0
DA:18,0
DA:21,0
DA:22,0
DA:26,0
DA:31,0
DA:33,0
DA:34,0
DA:35,0
DA:36,0
DA:37,0
DA:42,0
DA:43,0
DA:44,0
DA:45,0
DA:46,0
DA:49,0
LF:25
LH:0
BRDA:14,0,0,0
BRDA:14,0,1,0
BRDA:16,1,0,0
BRDA:16,1,1,0
BRDA:34,2,0,0
BRDA:34,2,1,0
BRF:6
BRH:0
end_of_record
TN:
SF:/Users/martinnowosad/breathe/lib/data/repository/LocalDataSourceImpl.js
FN:3,(anonymous_0)
FN:6,(anonymous_1)
FN:7,(anonymous_2)
FN:8,(anonymous_3)
FN:10,(anonymous_4)
FN:13,(anonymous_5)
FN:18,(anonymous_6)
FN:19,(anonymous_7)
FN:20,(anonymous_8)
FN:22,(anonymous_9)
FNF:10
FNH:0
FNDA:0,(anonymous_0)
FNDA:0,(anonymous_1)
FNDA:0,(anonymous_2)
FNDA:0,(anonymous_3)
FNDA:0,(anonymous_4)
FNDA:0,(anonymous_5)
FNDA:0,(anonymous_6)
FNDA:0,(anonymous_7)
FNDA:0,(anonymous_8)
FNDA:0,(anonymous_9)
DA:4,0
DA:7,0
DA:8,0
DA:9,0
DA:11,0
DA:14,0
DA:19,0
DA:20,0
DA:21,0
DA:24,0
LF:10
LH:0
BRF:0
BRH:0
end_of_record
TN:
SF:/Users/martinnowosad/breathe/lib/data/repository/LocalRepository.js
FN:1,(anonymous_0)
FN:2,(anonymous_1)
FN:3,fulfilled
FN:4,rejected
FN:5,step
FN:5,(anonymous_5)
FN:13,(anonymous_6)
FN:17,(anonymous_7)
FN:22,(anonymous_8)
FN:26,(anonymous_9)
FN:27,(anonymous_10)
FN:28,(anonymous_11)
FN:30,(anonymous_12)
FN:32,(anonymous_13)
FN:37,(anonymous_14)
FN:38,(anonymous_15)
FN:39,(anonymous_16)
FN:44,(anonymous_17)
FN:49,(anonymous_18)
FN:50,(anonymous_19)
FN:51,(anonymous_20)
FN:53,(anonymous_21)
FN:58,(anonymous_22)
FN:59,(anonymous_23)
FN:59,(anonymous_24)
FN:60,(anonymous_25)
FN:61,(anonymous_26)
FN:67,(anonymous_27)
FN:68,(anonymous_28)
FN:70,(anonymous_29)
FN:70,(anonymous_30)
FN:83,(anonymous_31)
FN:84,(anonymous_32)
FN:84,(anonymous_33)
FN:86,(anonymous_34)
FN:88,(anonymous_35)
FN:92,(anonymous_36)
FN:94,(anonymous_37)
FN:100,(anonymous_38)
FN:101,(anonymous_39)
FN:102,(anonymous_40)
FN:105,(anonymous_41)
FN:107,(anonymous_42)
FN:112,(anonymous_43)
FN:113,(anonymous_44)
FN:114,(anonymous_45)
FN:120,(anonymous_46)
FN:121,(anonymous_47)
FN:121,(anonymous_48)
FN:126,(anonymous_49)
FN:129,(anonymous_50)
FN:132,(anonymous_51)
FNF:52
FNH:44
FNDA:19,(anonymous_0)
FNDA:19,(anonymous_1)
FNDA:12,fulfilled
FNDA:0,rejected
FNDA:31,step
FNDA:12,(anonymous_5)
FNDA:1,(anonymous_6)
FNDA:0,(anonymous_7)
FNDA:1,(anonymous_8)
FNDA:2,(anonymous_9)
FNDA:2,(anonymous_10)
FNDA:2,(anonymous_11)
FNDA:0,(anonymous_12)
FNDA:1,(anonymous_13)
FNDA:1,(anonymous_14)
FNDA:1,(anonymous_15)
FNDA:1,(anonymous_16)
FNDA:0,(anonymous_17)
FNDA:3,(anonymous_18)
FNDA:3,(anonymous_19)
FNDA:3,(anonymous_20)
FNDA:0,(anonymous_21)
FNDA:7,(anonymous_22)
FNDA:7,(anonymous_23)
FNDA:7,(anonymous_24)
FNDA:7,(anonymous_25)
FNDA:7,(anonymous_26)
FNDA:9,(anonymous_27)
FNDA:9,(anonymous_28)
FNDA:9,(anonymous_29)
FNDA:9,(anonymous_30)
FNDA:2,(anonymous_31)
FNDA:2,(anonymous_32)
FNDA:2,(anonymous_33)
FNDA:2,(anonymous_34)
FNDA:2,(anonymous_35)
FNDA:0,(anonymous_36)
FNDA:0,(anonymous_37)
FNDA:3,(anonymous_38)
FNDA:3,(anonymous_39)
FNDA:3,(anonymous_40)
FNDA:0,(anonymous_41)
FNDA:1,(anonymous_42)
FNDA:4,(anonymous_43)
FNDA:4,(anonymous_44)
FNDA:4,(anonymous_45)
FNDA:1,(anonymous_46)
FNDA:1,(anonymous_47)
FNDA:1,(anonymous_48)
FNDA:1,(anonymous_49)
FNDA:2,(anonymous_50)
FNDA:1,(anonymous_51)
DA:1,6
DA:2,19
DA:3,12
DA:4,0
DA:5,31
DA:6,19
DA:14,1
DA:15,1
DA:18,0
DA:19,0
DA:20,0
DA:23,1
DA:24,1
DA:27,2
DA:28,2
DA:29,2
DA:31,0
DA:33,1
DA:38,1
DA:39,1
DA:40,1
DA:41,1
DA:43,0
DA:45,0
DA:50,3
DA:51,3
DA:52,3
DA:54,0
DA:59,7
DA:60,7
DA:61,7
DA:62,7
DA:68,9
DA:69,9
DA:70,9
DA:71,9
DA:72,4
DA:73,4
DA:75,9
DA:76,8
DA:77,9
DA:78,9
DA:79,9
DA:84,2
DA:85,2
DA:86,2
DA:87,2
DA:88,2
DA:89,2
DA:93,0
DA:95,0
DA:97,2
DA:101,3
DA:102,3
DA:103,3
DA:104,2
DA:106,0
DA:108,1
DA:113,4
DA:114,4
DA:115,4
DA:116,4
DA:121,1
DA:122,1
DA:123,1
DA:127,1
DA:130,2
DA:133,1
LF:68
LH:57
BRDA:1,0,0,6
BRDA:1,0,1,6
BRDA:1,0,2,6
BRDA:2,1,0,19
BRDA:2,1,1,19
BRDA:5,2,0,19
BRDA:5,2,1,12
BRDA:6,3,0,19
BRDA:6,3,1,19
BRDA:18,4,0,0
BRDA:18,4,1,0
BRDA:40,5,0,1
BRDA:40,5,1,0
BRDA:40,6,0,1
BRDA:40,6,1,1
BRDA:71,7,0,4
BRDA:71,7,1,5
BRDA:71,8,0,9
BRDA:71,8,1,4
BRDA:75,9,0,8
BRDA:75,9,1,1
BRF:21
BRH:18
end_of_record
TN:
SF:/Users/martinnowosad/breathe/lib/data/session/Session.js
FN:2,(anonymous_0)
FN:14,(anonymous_1)
FN:18,(anonymous_2)
FN:21,(anonymous_3)
FNF:4
FNH:1
FNDA:1,(anonymous_0)
FNDA:0,(anonymous_1)
FNDA:0,(anonymous_2)
FNDA:0,(anonymous_3)
DA:4,1
DA:5,1
DA:6,1
DA:7,1
DA:8,1
DA:9,1
DA:10,1
DA:11,1
DA:12,1
DA:16,0
DA:19,0
DA:22,0
LF:12
LH:9
BRDA:2,0,0,1
BRDA:3,1,0,1
BRDA:3,2,0,1
BRF:3
BRH:3
end_of_record
TN:
SF:/Users/martinnowosad/breathe/lib/data/session/SessionFactory.js
FN:3,(anonymous_0)
FNF:1
FNH:0
FNDA:0,(anonymous_0)
DA:4,0
DA:5,0
LF:2
LH:0
BRF:0
BRH:0
end_of_record
TN:
SF:/Users/martinnowosad/breathe/lib/data/session/SessionMapper.js
FN:2,(anonymous_0)
FNF:1
FNH:0
FNDA:0,(anonymous_0)
DA:3,0
LF:1
LH:0
BRF:0
BRH:0
end_of_record
TN:
SF:/Users/martinnowosad/breathe/lib/domain/ManagerFactory.js
FN:8,(anonymous_0)
FNF:1
FNH:0
FNDA:0,(anonymous_0)
DA:9,0
LF:1
LH:0
BRF:0
BRH:0
end_of_record
TN:
SF:/Users/martinnowosad/breathe/lib/domain/auth/impl/AuthManagerImpl.js
FN:4,(anonymous_0)
FN:11,(anonymous_1)
FN:12,(anonymous_2)
FN:13,(anonymous_3)
FN:15,(anonymous_4)
FN:20,(anonymous_5)
FN:25,(anonymous_6)
FN:26,(anonymous_7)
FN:29,(anonymous_8)
FN:34,(anonymous_9)
FN:35,(anonymous_10)
FN:36,(anonymous_11)
FN:39,(anonymous_12)
FN:41,(anonymous_13)
FN:46,(anonymous_14)
FN:47,(anonymous_15)
FN:48,(anonymous_16)
FN:50,(anonymous_17)
FN:52,(anonymous_18)
FN:57,(anonymous_19)
FN:58,(anonymous_20)
FN:59,(anonymous_21)
FN:61,(anonymous_22)
FN:66,(anonymous_23)
FN:67,(anonymous_24)
FN:68,(anonymous_25)
FN:70,(anonymous_26)
FN:72,(anonymous_27)
FN:77,(anonymous_28)
FNF:29
FNH:17
FNDA:1,(anonymous_0)
FNDA:0,(anonymous_1)
FNDA:0,(anonymous_2)
FNDA:0,(anonymous_3)
FNDA:0,(anonymous_4)
FNDA:2,(anonymous_5)
FNDA:2,(anonymous_6)
FNDA:2,(anonymous_7)
FNDA:0,(anonymous_8)
FNDA:2,(anonymous_9)
FNDA:2,(anonymous_10)
FNDA:1,(anonymous_11)
FNDA:1,(anonymous_12)
FNDA:0,(anonymous_13)
FNDA:2,(anonymous_14)
FNDA:2,(anonymous_15)
FNDA:1,(anonymous_16)
FNDA:1,(anonymous_17)
FNDA:0,(anonymous_18)
FNDA:0,(anonymous_19)
FNDA:0,(anonymous_20)
FNDA:0,(anonymous_21)
FNDA:0,(anonymous_22)
FNDA:2,(anonymous_23)
FNDA:2,(anonymous_24)
FNDA:1,(anonymous_25)
FNDA:1,(anonymous_26)
FNDA:0,(anonymous_27)
FNDA:2,(anonymous_28)
DA:5,1
DA:6,1
DA:7,1
DA:8,1
DA:9,1
DA:12,0
DA:13,0
DA:14,0
DA:16,0
DA:25,2
DA:26,2
DA:27,2
DA:30,0
DA:35,2
DA:36,2
DA:37,1
DA:38,1
DA:40,1
DA:42,0
DA:47,2
DA:48,2
DA:49,1
DA:51,1
DA:53,0
DA:58,0
DA:59,0
DA:60,0
DA:62,0
DA:67,2
DA:68,2
DA:69,1
DA:71,1
DA:73,0
DA:78,2
LF:34
LH:22
BRF:0
BRH:0
end_of_record
TN:
SF:/Users/martinnowosad/breathe/lib/domain/auth/model/AuthRequest.js
FN:3,(anonymous_0)
FNF:1
FNH:0
FNDA:0,(anonymous_0)
DA:4,0
DA:5,0
DA:6,0
DA:7,0
LF:4
LH:0
BRF:0
BRH:0
end_of_record
TN:
SF:/Users/martinnowosad/breathe/lib/domain/auth/model/AuthResponse.js
FN:2,(anonymous_0)
FNF:1
FNH:1
FNDA:5,(anonymous_0)
DA:3,5
DA:4,5
DA:5,5
LF:3
LH:3
BRDA:2,0,0,0
BRF:1
BRH:0
end_of_record
TN:
SF:/Users/martinnowosad/breathe/lib/domain/common/AuthRequestMapper.js
FN:3,(anonymous_0)
FNF:1
FNH:0
FNDA:0,(anonymous_0)
DA:4,0
LF:1
LH:0
BRF:0
BRH:0
end_of_record
TN:
SF:/Users/martinnowosad/breathe/lib/domain/common/AuthResponseMapper.js
FN:4,(anonymous_0)
FN:16,(anonymous_1)
FNF:2
FNH:0
FNDA:0,(anonymous_0)
FNDA:0,(anonymous_1)
DA:5,0
DA:7,0
DA:9,0
DA:11,0
DA:13,0
DA:17,0
LF:6
LH:0
BRDA:5,0,0,0
BRDA:5,0,1,0
BRDA:5,0,2,0
BRDA:5,0,3,0
BRDA:17,1,0,0
BRDA:17,1,1,0
BRF:6
BRH:0
end_of_record
TN:
SF:/Users/martinnowosad/breathe/lib/domain/common/ErrorResponseMapper.js
FN:4,(anonymous_0)
FN:16,(anonymous_1)
FNF:2
FNH:0
FNDA:0,(anonymous_0)
FNDA:0,(anonymous_1)
DA:5,0
DA:6,0
DA:8,0
DA:9,0
DA:11,0
DA:12,0
DA:14,0
DA:17,0
LF:8
LH:0
BRDA:6,0,0,0
BRDA:6,0,1,0
BRF:2
BRH:0
end_of_record
TN:
SF:/Users/martinnowosad/breathe/lib/domain/session/SessionRequestMapper.js
FN:3,(anonymous_0)
FNF:1
FNH:1
FNDA:1,(anonymous_0)
DA:4,1
LF:1
LH:1
BRF:0
BRH:0
end_of_record
TN:
SF:/Users/martinnowosad/breathe/lib/domain/session/impl/SessionManagerImpl.js
FN:1,(anonymous_0)
FN:2,(anonymous_1)
FN:3,fulfilled
FN:4,rejected
FN:5,step
FN:5,(anonymous_5)
FN:10,(anonymous_6)
FN:17,(anonymous_7)
FN:19,(anonymous_8)
FN:21,(anonymous_9)
FN:21,(anonymous_10)
FN:25,(anonymous_11)
FN:26,(anonymous_12)
FN:26,(anonymous_13)
FN:29,(anonymous_14)
FN:32,(anonymous_15)
FN:41,(anonymous_16)
FN:42,(anonymous_17)
FN:43,(anonymous_18)
FN:43,(anonymous_19)
FN:47,(anonymous_20)
FN:58,(anonymous_21)
FN:62,(anonymous_22)
FNF:23
FNH:20
FNDA:12,(anonymous_0)
FNDA:12,(anonymous_1)
FNDA:15,fulfilled
FNDA:0,rejected
FNDA:27,step
FNDA:15,(anonymous_5)
FNDA:1,(anonymous_6)
FNDA:3,(anonymous_7)
FNDA:3,(anonymous_8)
FNDA:3,(anonymous_9)
FNDA:3,(anonymous_10)
FNDA:1,(anonymous_11)
FNDA:1,(anonymous_12)
FNDA:1,(anonymous_13)
FNDA:0,(anonymous_14)
FNDA:1,(anonymous_15)
FNDA:4,(anonymous_16)
FNDA:4,(anonymous_17)
FNDA:4,(anonymous_18)
FNDA:4,(anonymous_19)
FNDA:1,(anonymous_20)
FNDA:0,(anonymous_21)
FNDA:1,(anonymous_22)
DA:1,1
DA:2,12
DA:3,15
DA:4,0
DA:5,27
DA:6,12
DA:11,1
DA:12,1
DA:13,1
DA:14,1
DA:15,1
DA:18,3
DA:19,3
DA:20,3
DA:21,3
DA:22,3
DA:23,3
DA:25,2
DA:26,1
DA:27,1
DA:28,1
DA:30,0
DA:33,1
DA:37,1
DA:42,4
DA:43,4
DA:44,4
DA:45,4
DA:46,4
DA:47,1
DA:48,1
DA:52,3
DA:53,3
DA:59,0
DA:60,0
DA:63,1
LF:36
LH:32
BRDA:1,0,0,1
BRDA:1,0,1,1
BRDA:1,0,2,1
BRDA:2,1,0,12
BRDA:2,1,1,12
BRDA:5,2,0,12
BRDA:5,2,1,15
BRDA:6,3,0,12
BRDA:6,3,1,12
BRDA:23,4,0,2
BRDA:23,4,1,1
BRDA:46,5,0,1
BRDA:46,5,1,3
BRDA:46,6,0,4
BRDA:46,6,1,1
BRF:15
BRH:15
end_of_record
TN:
SF:/Users/martinnowosad/breathe/lib/domain/session/model/SessionRequest.js
FN:3,(anonymous_0)
FNF:1
FNH:1
FNDA:2,(anonymous_0)
DA:4,2
DA:5,2
DA:6,2
DA:7,2
DA:8,2
DA:9,2
DA:10,2
DA:11,2
DA:12,2
LF:9
LH:9
BRF:0
BRH:0
end_of_record
TN:
SF:/Users/martinnowosad/breathe/lib/model/ErrorCodes.js
FNF:0
FNH:0
DA:4,5
DA:5,5
DA:6,5
DA:7,5
DA:8,5
DA:9,5
DA:10,5
LF:7
LH:7
BRF:0
BRH:0
end_of_record
TN:
SF:/Users/martinnowosad/breathe/lib/model/domain/ErrorResponse.js
FN:2,(anonymous_0)
FNF:1
FNH:1
FNDA:1,(anonymous_0)
DA:3,1
DA:4,1
LF:2
LH:2
BRF:0
BRH:0
end_of_record
TN:
SF:/Users/martinnowosad/breathe/lib/model/entity/AuthEntity.js
FN:2,(anonymous_0)
FNF:1
FNH:1
FNDA:1,(anonymous_0)
DA:3,1
DA:4,1
LF:2
LH:2
BRF:0
BRH:0
end_of_record
TN:
SF:/Users/martinnowosad/breathe/lib/model/entity/ErrorEntity.js
FN:2,(anonymous_0)
FNF:1
FNH:1
FNDA:1,(anonymous_0)
DA:3,1
DA:4,1
LF:2
LH:2
BRF:0
BRH:0
end_of_record
TN:
SF:/Users/martinnowosad/breathe/lib/model/request/AbstractRequest.js
FNF:0
FNH:0
LF:0
LH:0
BRF:0
BRH:0
end_of_record
TN:
SF:/Users/martinnowosad/breathe/lib/utils/Constants.js
FNF:0
FNH:0
DA:3,6
DA:4,6
DA:5,6
DA:8,6
DA:9,6
DA:10,6
DA:11,6
DA:12,6
LF:8
LH:8
BRF:0
BRH:0
end_of_record
TN:
SF:/Users/martinnowosad/breathe/lib/utils/NetworkChecker.js
FN:3,(anonymous_0)
FN:4,(anonymous_1)
FN:5,(anonymous_2)
FNF:3
FNH:0
FNDA:0,(anonymous_0)
FNDA:0,(anonymous_1)
FNDA:0,(anonymous_2)
DA:4,0
DA:5,0
DA:6,0
LF:3
LH:0
BRF:0
BRH:0
end_of_record
